[2024-11-22T08:59:25.211+0000] {local_task_job_runner.py:123} INFO - ::group::Pre task execution logs
[2024-11-22T08:59:25.220+0000] {taskinstance.py:2613} INFO - Dependencies all met for dep_context=non-requeueable deps ti=<TaskInstance: weather_stock_prediction.add_data manual__2024-11-22T08:59:16.943232+00:00 [queued]>
[2024-11-22T08:59:25.225+0000] {taskinstance.py:2613} INFO - Dependencies all met for dep_context=requeueable deps ti=<TaskInstance: weather_stock_prediction.add_data manual__2024-11-22T08:59:16.943232+00:00 [queued]>
[2024-11-22T08:59:25.225+0000] {taskinstance.py:2866} INFO - Starting attempt 1 of 2
[2024-11-22T08:59:25.232+0000] {taskinstance.py:2889} INFO - Executing <Task(PythonOperator): add_data> on 2024-11-22 08:59:16.943232+00:00
[2024-11-22T08:59:25.237+0000] {warnings.py:112} WARNING - /home/***/.local/lib/python3.12/site-packages/***/task/task_runner/standard_task_runner.py:70: DeprecationWarning: This process (pid=19763) is multi-threaded, use of fork() may lead to deadlocks in the child.
  pid = os.fork()

[2024-11-22T08:59:25.238+0000] {standard_task_runner.py:72} INFO - Started process 19786 to run task
[2024-11-22T08:59:25.240+0000] {standard_task_runner.py:104} INFO - Running: ['***', 'tasks', 'run', 'weather_stock_prediction', 'add_data', 'manual__2024-11-22T08:59:16.943232+00:00', '--job-id', '1491', '--raw', '--subdir', 'DAGS_FOLDER/dag.py', '--cfg-path', '/tmp/tmp5lso_ibn']
[2024-11-22T08:59:25.242+0000] {standard_task_runner.py:105} INFO - Job 1491: Subtask add_data
[2024-11-22T08:59:25.267+0000] {task_command.py:467} INFO - Running <TaskInstance: weather_stock_prediction.add_data manual__2024-11-22T08:59:16.943232+00:00 [running]> on host cba1e82f0ade
[2024-11-22T08:59:25.302+0000] {taskinstance.py:3132} INFO - Exporting env vars: AIRFLOW_CTX_DAG_OWNER='***' AIRFLOW_CTX_DAG_ID='weather_stock_prediction' AIRFLOW_CTX_TASK_ID='add_data' AIRFLOW_CTX_EXECUTION_DATE='2024-11-22T08:59:16.943232+00:00' AIRFLOW_CTX_TRY_NUMBER='1' AIRFLOW_CTX_DAG_RUN_ID='manual__2024-11-22T08:59:16.943232+00:00'
[2024-11-22T08:59:25.303+0000] {logging_mixin.py:190} INFO - Task instance is in running state
[2024-11-22T08:59:25.303+0000] {logging_mixin.py:190} INFO -  Previous state of the Task instance: queued
[2024-11-22T08:59:25.303+0000] {logging_mixin.py:190} INFO - Current task name:add_data state:running start_date:2024-11-22 08:59:25.222023+00:00
[2024-11-22T08:59:25.303+0000] {logging_mixin.py:190} INFO - Dag name:weather_stock_prediction and current dag run status:running
[2024-11-22T08:59:25.303+0000] {taskinstance.py:731} INFO - ::endgroup::
[2024-11-22T08:59:25.311+0000] {warnings.py:112} WARNING - /opt/***/dags/dag.py:227: FutureWarning: Passing literal json to 'read_json' is deprecated and will be removed in a future version. To read from a literal string, wrap it in a 'StringIO' object.
  data = pd.read_json(data_json)

[2024-11-22T08:59:25.320+0000] {warnings.py:112} WARNING - /opt/***/dags/dag.py:228: FutureWarning: Passing literal json to 'read_json' is deprecated and will be removed in a future version. To read from a literal string, wrap it in a 'StringIO' object.
  postgres_data = pd.read_json(postgres_data_json)

[2024-11-22T08:59:25.322+0000] {warnings.py:112} WARNING - /opt/***/dags/dag.py:231: FutureWarning: The behavior of DataFrame concatenation with empty or all-NA entries is deprecated. In a future version, this will no longer exclude empty or all-NA columns when determining the result dtypes. To retain the old behavior, exclude the relevant entries before the concat operation.
  combined_df = pd.concat([data, postgres_data], ignore_index=True)

[2024-11-22T08:59:25.358+0000] {python.py:240} INFO - Done. Returned value was: None
[2024-11-22T08:59:25.372+0000] {taskinstance.py:340} INFO - ::group::Post task execution logs
[2024-11-22T08:59:25.373+0000] {taskinstance.py:352} INFO - Marking task as SUCCESS. dag_id=weather_stock_prediction, task_id=add_data, run_id=manual__2024-11-22T08:59:16.943232+00:00, execution_date=20241122T085916, start_date=20241122T085925, end_date=20241122T085925
[2024-11-22T08:59:25.382+0000] {logging_mixin.py:190} INFO - Task instance in success state
[2024-11-22T08:59:25.383+0000] {logging_mixin.py:190} INFO -  Previous state of the Task instance: running
[2024-11-22T08:59:25.384+0000] {logging_mixin.py:190} INFO - Dag name:weather_stock_prediction queued_at:2024-11-22 08:59:16.954029+00:00
[2024-11-22T08:59:25.384+0000] {logging_mixin.py:190} INFO - Task hostname:cba1e82f0ade operator:PythonOperator
[2024-11-22T08:59:25.422+0000] {local_task_job_runner.py:266} INFO - Task exited with return code 0
[2024-11-22T08:59:25.441+0000] {taskinstance.py:3895} INFO - 1 downstream tasks scheduled from follow-on schedule check
[2024-11-22T08:59:25.442+0000] {local_task_job_runner.py:245} INFO - ::endgroup::
