[2024-11-22T09:02:55.889+0000] {local_task_job_runner.py:123} INFO - ::group::Pre task execution logs
[2024-11-22T09:02:55.894+0000] {taskinstance.py:2613} INFO - Dependencies all met for dep_context=non-requeueable deps ti=<TaskInstance: weather_stock_prediction.load_prediction_postgres manual__2024-11-22T09:02:37.743470+00:00 [queued]>
[2024-11-22T09:02:55.897+0000] {taskinstance.py:2613} INFO - Dependencies all met for dep_context=requeueable deps ti=<TaskInstance: weather_stock_prediction.load_prediction_postgres manual__2024-11-22T09:02:37.743470+00:00 [queued]>
[2024-11-22T09:02:55.897+0000] {taskinstance.py:2866} INFO - Starting attempt 1 of 2
[2024-11-22T09:02:55.901+0000] {taskinstance.py:2889} INFO - Executing <Task(PythonOperator): load_prediction_postgres> on 2024-11-22 09:02:37.743470+00:00
[2024-11-22T09:02:55.906+0000] {warnings.py:112} WARNING - /home/***/.local/lib/python3.12/site-packages/***/task/task_runner/standard_task_runner.py:70: DeprecationWarning: This process (pid=20230) is multi-threaded, use of fork() may lead to deadlocks in the child.
  pid = os.fork()

[2024-11-22T09:02:55.906+0000] {standard_task_runner.py:72} INFO - Started process 20241 to run task
[2024-11-22T09:02:55.907+0000] {standard_task_runner.py:104} INFO - Running: ['***', 'tasks', 'run', 'weather_stock_prediction', 'load_prediction_postgres', 'manual__2024-11-22T09:02:37.743470+00:00', '--job-id', '1520', '--raw', '--subdir', 'DAGS_FOLDER/dag.py', '--cfg-path', '/tmp/tmp9f16ho1o']
[2024-11-22T09:02:55.907+0000] {standard_task_runner.py:105} INFO - Job 1520: Subtask load_prediction_postgres
[2024-11-22T09:02:55.923+0000] {task_command.py:467} INFO - Running <TaskInstance: weather_stock_prediction.load_prediction_postgres manual__2024-11-22T09:02:37.743470+00:00 [running]> on host cba1e82f0ade
[2024-11-22T09:02:55.957+0000] {taskinstance.py:3132} INFO - Exporting env vars: AIRFLOW_CTX_DAG_OWNER='***' AIRFLOW_CTX_DAG_ID='weather_stock_prediction' AIRFLOW_CTX_TASK_ID='load_prediction_postgres' AIRFLOW_CTX_EXECUTION_DATE='2024-11-22T09:02:37.743470+00:00' AIRFLOW_CTX_TRY_NUMBER='1' AIRFLOW_CTX_DAG_RUN_ID='manual__2024-11-22T09:02:37.743470+00:00'
[2024-11-22T09:02:55.959+0000] {logging_mixin.py:190} INFO - Task instance is in running state
[2024-11-22T09:02:55.959+0000] {logging_mixin.py:190} INFO -  Previous state of the Task instance: queued
[2024-11-22T09:02:55.959+0000] {logging_mixin.py:190} INFO - Current task name:load_prediction_postgres state:running start_date:2024-11-22 09:02:55.894828+00:00
[2024-11-22T09:02:55.959+0000] {logging_mixin.py:190} INFO - Dag name:weather_stock_prediction and current dag run status:running
[2024-11-22T09:02:55.959+0000] {taskinstance.py:731} INFO - ::endgroup::
[2024-11-22T09:02:55.966+0000] {logging_mixin.py:190} INFO - None
[2024-11-22T09:02:55.969+0000] {python.py:240} INFO - Done. Returned value was: None
[2024-11-22T09:02:55.976+0000] {taskinstance.py:340} INFO - ::group::Post task execution logs
[2024-11-22T09:02:55.976+0000] {taskinstance.py:352} INFO - Marking task as SUCCESS. dag_id=weather_stock_prediction, task_id=load_prediction_postgres, run_id=manual__2024-11-22T09:02:37.743470+00:00, execution_date=20241122T090237, start_date=20241122T090255, end_date=20241122T090255
[2024-11-22T09:02:55.982+0000] {logging_mixin.py:190} INFO - Task instance in success state
[2024-11-22T09:02:55.982+0000] {logging_mixin.py:190} INFO -  Previous state of the Task instance: running
[2024-11-22T09:02:55.983+0000] {logging_mixin.py:190} INFO - Dag name:weather_stock_prediction queued_at:2024-11-22 09:02:37.764521+00:00
[2024-11-22T09:02:55.983+0000] {logging_mixin.py:190} INFO - Task hostname:cba1e82f0ade operator:PythonOperator
[2024-11-22T09:02:56.006+0000] {local_task_job_runner.py:266} INFO - Task exited with return code 0
[2024-11-22T09:02:56.016+0000] {taskinstance.py:3895} INFO - 0 downstream tasks scheduled from follow-on schedule check
[2024-11-22T09:02:56.017+0000] {local_task_job_runner.py:245} INFO - ::endgroup::
