[2024-11-22T07:23:50.945+0000] {local_task_job_runner.py:123} INFO - ::group::Pre task execution logs
[2024-11-22T07:23:50.958+0000] {taskinstance.py:2613} INFO - Dependencies all met for dep_context=non-requeueable deps ti=<TaskInstance: weather_stock_prediction.get_postgres_data manual__2024-11-22T07:23:47.897522+00:00 [queued]>
[2024-11-22T07:23:50.963+0000] {taskinstance.py:2613} INFO - Dependencies all met for dep_context=requeueable deps ti=<TaskInstance: weather_stock_prediction.get_postgres_data manual__2024-11-22T07:23:47.897522+00:00 [queued]>
[2024-11-22T07:23:50.963+0000] {taskinstance.py:2866} INFO - Starting attempt 1 of 2
[2024-11-22T07:23:50.971+0000] {taskinstance.py:2889} INFO - Executing <Task(PythonOperator): get_postgres_data> on 2024-11-22 07:23:47.897522+00:00
[2024-11-22T07:23:50.979+0000] {warnings.py:112} WARNING - /home/***/.local/lib/python3.12/site-packages/***/task/task_runner/standard_task_runner.py:70: DeprecationWarning: This process (pid=9869) is multi-threaded, use of fork() may lead to deadlocks in the child.
  pid = os.fork()

[2024-11-22T07:23:50.981+0000] {standard_task_runner.py:72} INFO - Started process 9937 to run task
[2024-11-22T07:23:50.981+0000] {standard_task_runner.py:104} INFO - Running: ['***', 'tasks', 'run', 'weather_stock_prediction', 'get_postgres_data', 'manual__2024-11-22T07:23:47.897522+00:00', '--job-id', '860', '--raw', '--subdir', 'DAGS_FOLDER/dag.py', '--cfg-path', '/tmp/tmprh5x3mcg']
[2024-11-22T07:23:50.983+0000] {standard_task_runner.py:105} INFO - Job 860: Subtask get_postgres_data
[2024-11-22T07:23:51.022+0000] {task_command.py:467} INFO - Running <TaskInstance: weather_stock_prediction.get_postgres_data manual__2024-11-22T07:23:47.897522+00:00 [running]> on host cba1e82f0ade
[2024-11-22T07:23:51.090+0000] {taskinstance.py:3132} INFO - Exporting env vars: AIRFLOW_CTX_DAG_OWNER='***' AIRFLOW_CTX_DAG_ID='weather_stock_prediction' AIRFLOW_CTX_TASK_ID='get_postgres_data' AIRFLOW_CTX_EXECUTION_DATE='2024-11-22T07:23:47.897522+00:00' AIRFLOW_CTX_TRY_NUMBER='1' AIRFLOW_CTX_DAG_RUN_ID='manual__2024-11-22T07:23:47.897522+00:00'
[2024-11-22T07:23:51.096+0000] {logging_mixin.py:190} INFO - Task instance is in running state
[2024-11-22T07:23:51.097+0000] {logging_mixin.py:190} INFO -  Previous state of the Task instance: queued
[2024-11-22T07:23:51.098+0000] {logging_mixin.py:190} INFO - Current task name:get_postgres_data state:running start_date:2024-11-22 07:23:50.958529+00:00
[2024-11-22T07:23:51.099+0000] {logging_mixin.py:190} INFO - Dag name:weather_stock_prediction and current dag run status:running
[2024-11-22T07:23:51.100+0000] {taskinstance.py:731} INFO - ::endgroup::
[2024-11-22T07:23:51.120+0000] {base.py:84} INFO - Retrieving connection 'asdf'
[2024-11-22T07:23:51.165+0000] {python.py:240} INFO - Done. Returned value was: None
[2024-11-22T07:23:51.194+0000] {taskinstance.py:340} INFO - ::group::Post task execution logs
[2024-11-22T07:23:51.195+0000] {taskinstance.py:352} INFO - Marking task as SUCCESS. dag_id=weather_stock_prediction, task_id=get_postgres_data, run_id=manual__2024-11-22T07:23:47.897522+00:00, execution_date=20241122T072347, start_date=20241122T072350, end_date=20241122T072351
[2024-11-22T07:23:51.213+0000] {logging_mixin.py:190} INFO - Task instance in success state
[2024-11-22T07:23:51.215+0000] {logging_mixin.py:190} INFO -  Previous state of the Task instance: running
[2024-11-22T07:23:51.216+0000] {logging_mixin.py:190} INFO - Dag name:weather_stock_prediction queued_at:2024-11-22 07:23:47.905753+00:00
[2024-11-22T07:23:51.217+0000] {logging_mixin.py:190} INFO - Task hostname:cba1e82f0ade operator:PythonOperator
[2024-11-22T07:23:51.245+0000] {local_task_job_runner.py:266} INFO - Task exited with return code 0
[2024-11-22T07:23:51.267+0000] {local_task_job_runner.py:245} INFO - ::endgroup::
