[2024-11-22T06:17:35.521+0000] {local_task_job_runner.py:123} INFO - ::group::Pre task execution logs
[2024-11-22T06:17:35.531+0000] {taskinstance.py:2613} INFO - Dependencies all met for dep_context=non-requeueable deps ti=<TaskInstance: weather_stock_prediction.fetch_data manual__2024-11-22T06:17:32.490670+00:00 [queued]>
[2024-11-22T06:17:35.537+0000] {taskinstance.py:2613} INFO - Dependencies all met for dep_context=requeueable deps ti=<TaskInstance: weather_stock_prediction.fetch_data manual__2024-11-22T06:17:32.490670+00:00 [queued]>
[2024-11-22T06:17:35.537+0000] {taskinstance.py:2866} INFO - Starting attempt 1 of 2
[2024-11-22T06:17:35.548+0000] {taskinstance.py:2889} INFO - Executing <Task(PythonOperator): fetch_data> on 2024-11-22 06:17:32.490670+00:00
[2024-11-22T06:17:35.554+0000] {warnings.py:112} WARNING - /home/***/.local/lib/python3.12/site-packages/***/task/task_runner/standard_task_runner.py:70: DeprecationWarning: This process (pid=5154) is multi-threaded, use of fork() may lead to deadlocks in the child.
  pid = os.fork()

[2024-11-22T06:17:35.555+0000] {standard_task_runner.py:72} INFO - Started process 5216 to run task
[2024-11-22T06:17:35.557+0000] {standard_task_runner.py:104} INFO - Running: ['***', 'tasks', 'run', 'weather_stock_prediction', 'fetch_data', 'manual__2024-11-22T06:17:32.490670+00:00', '--job-id', '600', '--raw', '--subdir', 'DAGS_FOLDER/dag.py', '--cfg-path', '/tmp/tmppangmqmi']
[2024-11-22T06:17:35.558+0000] {standard_task_runner.py:105} INFO - Job 600: Subtask fetch_data
[2024-11-22T06:17:35.630+0000] {task_command.py:467} INFO - Running <TaskInstance: weather_stock_prediction.fetch_data manual__2024-11-22T06:17:32.490670+00:00 [running]> on host cba1e82f0ade
[2024-11-22T06:17:35.729+0000] {taskinstance.py:3132} INFO - Exporting env vars: AIRFLOW_CTX_DAG_OWNER='***' AIRFLOW_CTX_DAG_ID='weather_stock_prediction' AIRFLOW_CTX_TASK_ID='fetch_data' AIRFLOW_CTX_EXECUTION_DATE='2024-11-22T06:17:32.490670+00:00' AIRFLOW_CTX_TRY_NUMBER='1' AIRFLOW_CTX_DAG_RUN_ID='manual__2024-11-22T06:17:32.490670+00:00'
[2024-11-22T06:17:35.734+0000] {logging_mixin.py:190} INFO - Task instance is in running state
[2024-11-22T06:17:35.734+0000] {logging_mixin.py:190} INFO -  Previous state of the Task instance: queued
[2024-11-22T06:17:35.736+0000] {logging_mixin.py:190} INFO - Current task name:fetch_data state:running start_date:2024-11-22 06:17:35.532193+00:00
[2024-11-22T06:17:35.738+0000] {logging_mixin.py:190} INFO - Dag name:weather_stock_prediction and current dag run status:running
[2024-11-22T06:17:35.738+0000] {taskinstance.py:731} INFO - ::endgroup::
[2024-11-22T06:17:35.748+0000] {base.py:84} INFO - Retrieving connection 'qwer'
[2024-11-22T06:17:35.821+0000] {python.py:240} INFO - Done. Returned value was: None
[2024-11-22T06:17:35.834+0000] {taskinstance.py:340} INFO - ::group::Post task execution logs
[2024-11-22T06:17:35.835+0000] {taskinstance.py:352} INFO - Marking task as SUCCESS. dag_id=weather_stock_prediction, task_id=fetch_data, run_id=manual__2024-11-22T06:17:32.490670+00:00, execution_date=20241122T061732, start_date=20241122T061735, end_date=20241122T061735
[2024-11-22T06:17:35.843+0000] {logging_mixin.py:190} INFO - Task instance in success state
[2024-11-22T06:17:35.844+0000] {logging_mixin.py:190} INFO -  Previous state of the Task instance: running
[2024-11-22T06:17:35.844+0000] {logging_mixin.py:190} INFO - Dag name:weather_stock_prediction queued_at:2024-11-22 06:17:32.505187+00:00
[2024-11-22T06:17:35.844+0000] {logging_mixin.py:190} INFO - Task hostname:cba1e82f0ade operator:PythonOperator
[2024-11-22T06:17:35.862+0000] {local_task_job_runner.py:266} INFO - Task exited with return code 0
[2024-11-22T06:17:35.868+0000] {local_task_job_runner.py:245} INFO - ::endgroup::
