[2024-11-22T07:44:47.502+0000] {local_task_job_runner.py:123} INFO - ::group::Pre task execution logs
[2024-11-22T07:44:47.508+0000] {taskinstance.py:2613} INFO - Dependencies all met for dep_context=non-requeueable deps ti=<TaskInstance: weather_stock_prediction.create_data_table manual__2024-11-22T07:44:39.693541+00:00 [queued]>
[2024-11-22T07:44:47.510+0000] {taskinstance.py:2613} INFO - Dependencies all met for dep_context=requeueable deps ti=<TaskInstance: weather_stock_prediction.create_data_table manual__2024-11-22T07:44:39.693541+00:00 [queued]>
[2024-11-22T07:44:47.511+0000] {taskinstance.py:2866} INFO - Starting attempt 1 of 2
[2024-11-22T07:44:47.515+0000] {taskinstance.py:2889} INFO - Executing <Task(PostgresOperator): create_data_table> on 2024-11-22 07:44:39.693541+00:00
[2024-11-22T07:44:47.520+0000] {warnings.py:112} WARNING - /home/***/.local/lib/python3.12/site-packages/***/task/task_runner/standard_task_runner.py:70: DeprecationWarning: This process (pid=12576) is multi-threaded, use of fork() may lead to deadlocks in the child.
  pid = os.fork()

[2024-11-22T07:44:47.521+0000] {standard_task_runner.py:72} INFO - Started process 12587 to run task
[2024-11-22T07:44:47.521+0000] {standard_task_runner.py:104} INFO - Running: ['***', 'tasks', 'run', 'weather_stock_prediction', 'create_data_table', 'manual__2024-11-22T07:44:39.693541+00:00', '--job-id', '1037', '--raw', '--subdir', 'DAGS_FOLDER/dag.py', '--cfg-path', '/tmp/tmpoy4t6xbl']
[2024-11-22T07:44:47.522+0000] {standard_task_runner.py:105} INFO - Job 1037: Subtask create_data_table
[2024-11-22T07:44:47.542+0000] {task_command.py:467} INFO - Running <TaskInstance: weather_stock_prediction.create_data_table manual__2024-11-22T07:44:39.693541+00:00 [running]> on host cba1e82f0ade
[2024-11-22T07:44:47.580+0000] {taskinstance.py:3132} INFO - Exporting env vars: AIRFLOW_CTX_DAG_OWNER='***' AIRFLOW_CTX_DAG_ID='weather_stock_prediction' AIRFLOW_CTX_TASK_ID='create_data_table' AIRFLOW_CTX_EXECUTION_DATE='2024-11-22T07:44:39.693541+00:00' AIRFLOW_CTX_TRY_NUMBER='1' AIRFLOW_CTX_DAG_RUN_ID='manual__2024-11-22T07:44:39.693541+00:00'
[2024-11-22T07:44:47.581+0000] {logging_mixin.py:190} INFO - Task instance is in running state
[2024-11-22T07:44:47.581+0000] {logging_mixin.py:190} INFO -  Previous state of the Task instance: queued
[2024-11-22T07:44:47.581+0000] {logging_mixin.py:190} INFO - Current task name:create_data_table state:running start_date:2024-11-22 07:44:47.508262+00:00
[2024-11-22T07:44:47.581+0000] {logging_mixin.py:190} INFO - Dag name:weather_stock_prediction and current dag run status:running
[2024-11-22T07:44:47.581+0000] {taskinstance.py:731} INFO - ::endgroup::
[2024-11-22T07:44:47.581+0000] {sql.py:278} INFO - Executing: 
    CREATE TABLE IF NOT EXISTS WeatherStocks (
        id INT,
        date TIMESTAMP,
        temperature FLOAT, 
        min_temperature FLOAT,
        max_temperature FLOAT,
        humidity FLOAT,
        wind_speed FLOAT,
        price FLOAT
    );
    
[2024-11-22T07:44:47.585+0000] {base.py:84} INFO - Retrieving connection 'asdf'
[2024-11-22T07:44:47.588+0000] {base.py:84} INFO - Retrieving connection 'asdf'
[2024-11-22T07:44:47.590+0000] {sql.py:544} INFO - Running statement: 
    CREATE TABLE IF NOT EXISTS WeatherStocks (
        id INT,
        date TIMESTAMP,
        temperature FLOAT, 
        min_temperature FLOAT,
        max_temperature FLOAT,
        humidity FLOAT,
        wind_speed FLOAT,
        price FLOAT
    );
    , parameters: None
[2024-11-22T07:44:47.593+0000] {taskinstance.py:340} INFO - ::group::Post task execution logs
[2024-11-22T07:44:47.594+0000] {taskinstance.py:352} INFO - Marking task as SUCCESS. dag_id=weather_stock_prediction, task_id=create_data_table, run_id=manual__2024-11-22T07:44:39.693541+00:00, execution_date=20241122T074439, start_date=20241122T074447, end_date=20241122T074447
[2024-11-22T07:44:47.597+0000] {logging_mixin.py:190} INFO - Task instance in success state
[2024-11-22T07:44:47.597+0000] {logging_mixin.py:190} INFO -  Previous state of the Task instance: running
[2024-11-22T07:44:47.597+0000] {logging_mixin.py:190} INFO - Dag name:weather_stock_prediction queued_at:2024-11-22 07:44:39.703856+00:00
[2024-11-22T07:44:47.598+0000] {logging_mixin.py:190} INFO - Task hostname:cba1e82f0ade operator:PostgresOperator
[2024-11-22T07:44:47.623+0000] {local_task_job_runner.py:266} INFO - Task exited with return code 0
[2024-11-22T07:44:47.633+0000] {taskinstance.py:3895} INFO - 2 downstream tasks scheduled from follow-on schedule check
[2024-11-22T07:44:47.634+0000] {local_task_job_runner.py:245} INFO - ::endgroup::
