[2024-11-22T08:26:12.921+0000] {local_task_job_runner.py:123} INFO - ::group::Pre task execution logs
[2024-11-22T08:26:12.927+0000] {taskinstance.py:2613} INFO - Dependencies all met for dep_context=non-requeueable deps ti=<TaskInstance: weather_stock_prediction.load_prediction_postgres manual__2024-11-22T08:25:57.225676+00:00 [queued]>
[2024-11-22T08:26:12.930+0000] {taskinstance.py:2613} INFO - Dependencies all met for dep_context=requeueable deps ti=<TaskInstance: weather_stock_prediction.load_prediction_postgres manual__2024-11-22T08:25:57.225676+00:00 [queued]>
[2024-11-22T08:26:12.930+0000] {taskinstance.py:2866} INFO - Starting attempt 1 of 2
[2024-11-22T08:26:12.935+0000] {taskinstance.py:2889} INFO - Executing <Task(PythonOperator): load_prediction_postgres> on 2024-11-22 08:25:57.225676+00:00
[2024-11-22T08:26:12.940+0000] {warnings.py:112} WARNING - /home/***/.local/lib/python3.12/site-packages/***/task/task_runner/standard_task_runner.py:70: DeprecationWarning: This process (pid=16306) is multi-threaded, use of fork() may lead to deadlocks in the child.
  pid = os.fork()

[2024-11-22T08:26:12.941+0000] {standard_task_runner.py:72} INFO - Started process 16317 to run task
[2024-11-22T08:26:12.941+0000] {standard_task_runner.py:104} INFO - Running: ['***', 'tasks', 'run', 'weather_stock_prediction', 'load_prediction_postgres', 'manual__2024-11-22T08:25:57.225676+00:00', '--job-id', '1269', '--raw', '--subdir', 'DAGS_FOLDER/dag.py', '--cfg-path', '/tmp/tmpyqupopv5']
[2024-11-22T08:26:12.942+0000] {standard_task_runner.py:105} INFO - Job 1269: Subtask load_prediction_postgres
[2024-11-22T08:26:12.961+0000] {task_command.py:467} INFO - Running <TaskInstance: weather_stock_prediction.load_prediction_postgres manual__2024-11-22T08:25:57.225676+00:00 [running]> on host cba1e82f0ade
[2024-11-22T08:26:12.988+0000] {taskinstance.py:3132} INFO - Exporting env vars: AIRFLOW_CTX_DAG_OWNER='***' AIRFLOW_CTX_DAG_ID='weather_stock_prediction' AIRFLOW_CTX_TASK_ID='load_prediction_postgres' AIRFLOW_CTX_EXECUTION_DATE='2024-11-22T08:25:57.225676+00:00' AIRFLOW_CTX_TRY_NUMBER='1' AIRFLOW_CTX_DAG_RUN_ID='manual__2024-11-22T08:25:57.225676+00:00'
[2024-11-22T08:26:12.989+0000] {logging_mixin.py:190} INFO - Task instance is in running state
[2024-11-22T08:26:12.989+0000] {logging_mixin.py:190} INFO -  Previous state of the Task instance: queued
[2024-11-22T08:26:12.989+0000] {logging_mixin.py:190} INFO - Current task name:load_prediction_postgres state:running start_date:2024-11-22 08:26:12.928048+00:00
[2024-11-22T08:26:12.989+0000] {logging_mixin.py:190} INFO - Dag name:weather_stock_prediction and current dag run status:running
[2024-11-22T08:26:12.989+0000] {taskinstance.py:731} INFO - ::endgroup::
[2024-11-22T08:26:12.996+0000] {python.py:240} INFO - Done. Returned value was: None
[2024-11-22T08:26:13.000+0000] {taskinstance.py:340} INFO - ::group::Post task execution logs
[2024-11-22T08:26:13.000+0000] {taskinstance.py:352} INFO - Marking task as SUCCESS. dag_id=weather_stock_prediction, task_id=load_prediction_postgres, run_id=manual__2024-11-22T08:25:57.225676+00:00, execution_date=20241122T082557, start_date=20241122T082612, end_date=20241122T082613
[2024-11-22T08:26:13.004+0000] {logging_mixin.py:190} INFO - Task instance in success state
[2024-11-22T08:26:13.004+0000] {logging_mixin.py:190} INFO -  Previous state of the Task instance: running
[2024-11-22T08:26:13.004+0000] {logging_mixin.py:190} INFO - Dag name:weather_stock_prediction queued_at:2024-11-22 08:25:57.237253+00:00
[2024-11-22T08:26:13.004+0000] {logging_mixin.py:190} INFO - Task hostname:cba1e82f0ade operator:PythonOperator
[2024-11-22T08:26:13.045+0000] {local_task_job_runner.py:266} INFO - Task exited with return code 0
[2024-11-22T08:26:13.077+0000] {taskinstance.py:3895} INFO - 0 downstream tasks scheduled from follow-on schedule check
[2024-11-22T08:26:13.078+0000] {local_task_job_runner.py:245} INFO - ::endgroup::
