[2024-11-22T08:09:22.866+0000] {local_task_job_runner.py:123} INFO - ::group::Pre task execution logs
[2024-11-22T08:09:22.875+0000] {taskinstance.py:2613} INFO - Dependencies all met for dep_context=non-requeueable deps ti=<TaskInstance: weather_stock_prediction.get_stock_data manual__2024-11-22T08:09:20.500423+00:00 [queued]>
[2024-11-22T08:09:22.881+0000] {taskinstance.py:2613} INFO - Dependencies all met for dep_context=requeueable deps ti=<TaskInstance: weather_stock_prediction.get_stock_data manual__2024-11-22T08:09:20.500423+00:00 [queued]>
[2024-11-22T08:09:22.882+0000] {taskinstance.py:2866} INFO - Starting attempt 1 of 2
[2024-11-22T08:09:22.891+0000] {taskinstance.py:2889} INFO - Executing <Task(PythonOperator): get_stock_data> on 2024-11-22 08:09:20.500423+00:00
[2024-11-22T08:09:22.897+0000] {warnings.py:112} WARNING - /home/***/.local/lib/python3.12/site-packages/***/task/task_runner/standard_task_runner.py:70: DeprecationWarning: This process (pid=14033) is multi-threaded, use of fork() may lead to deadlocks in the child.
  pid = os.fork()

[2024-11-22T08:09:22.899+0000] {standard_task_runner.py:104} INFO - Running: ['***', 'tasks', 'run', 'weather_stock_prediction', 'get_stock_data', 'manual__2024-11-22T08:09:20.500423+00:00', '--job-id', '1123', '--raw', '--subdir', 'DAGS_FOLDER/dag.py', '--cfg-path', '/tmp/tmp48ca3o8s']
[2024-11-22T08:09:22.901+0000] {standard_task_runner.py:72} INFO - Started process 14101 to run task
[2024-11-22T08:09:22.901+0000] {standard_task_runner.py:105} INFO - Job 1123: Subtask get_stock_data
[2024-11-22T08:09:22.956+0000] {task_command.py:467} INFO - Running <TaskInstance: weather_stock_prediction.get_stock_data manual__2024-11-22T08:09:20.500423+00:00 [running]> on host cba1e82f0ade
[2024-11-22T08:09:23.011+0000] {taskinstance.py:3132} INFO - Exporting env vars: AIRFLOW_CTX_DAG_OWNER='***' AIRFLOW_CTX_DAG_ID='weather_stock_prediction' AIRFLOW_CTX_TASK_ID='get_stock_data' AIRFLOW_CTX_EXECUTION_DATE='2024-11-22T08:09:20.500423+00:00' AIRFLOW_CTX_TRY_NUMBER='1' AIRFLOW_CTX_DAG_RUN_ID='manual__2024-11-22T08:09:20.500423+00:00'
[2024-11-22T08:09:23.013+0000] {logging_mixin.py:190} INFO - Task instance is in running state
[2024-11-22T08:09:23.014+0000] {logging_mixin.py:190} INFO -  Previous state of the Task instance: queued
[2024-11-22T08:09:23.014+0000] {logging_mixin.py:190} INFO - Current task name:get_stock_data state:running start_date:2024-11-22 08:09:22.875953+00:00
[2024-11-22T08:09:23.014+0000] {logging_mixin.py:190} INFO - Dag name:weather_stock_prediction and current dag run status:running
[2024-11-22T08:09:23.015+0000] {taskinstance.py:731} INFO - ::endgroup::
[2024-11-22T08:09:24.077+0000] {logging_mixin.py:190} INFO - Stock Data Structure:
[2024-11-22T08:09:24.078+0000] {logging_mixin.py:190} INFO - 2
[2024-11-22T08:09:24.078+0000] {logging_mixin.py:190} INFO - dict_keys(['date', 'price'])
[2024-11-22T08:09:24.079+0000] {logging_mixin.py:190} INFO - {'date': '2024-11-21', 'price': 228.52}
[2024-11-22T08:09:24.079+0000] {python.py:240} INFO - Done. Returned value was: None
[2024-11-22T08:09:24.087+0000] {taskinstance.py:340} INFO - ::group::Post task execution logs
[2024-11-22T08:09:24.088+0000] {taskinstance.py:352} INFO - Marking task as SUCCESS. dag_id=weather_stock_prediction, task_id=get_stock_data, run_id=manual__2024-11-22T08:09:20.500423+00:00, execution_date=20241122T080920, start_date=20241122T080922, end_date=20241122T080924
[2024-11-22T08:09:24.095+0000] {logging_mixin.py:190} INFO - Task instance in success state
[2024-11-22T08:09:24.095+0000] {logging_mixin.py:190} INFO -  Previous state of the Task instance: running
[2024-11-22T08:09:24.095+0000] {logging_mixin.py:190} INFO - Dag name:weather_stock_prediction queued_at:2024-11-22 08:09:20.514753+00:00
[2024-11-22T08:09:24.095+0000] {logging_mixin.py:190} INFO - Task hostname:cba1e82f0ade operator:PythonOperator
[2024-11-22T08:09:24.120+0000] {local_task_job_runner.py:266} INFO - Task exited with return code 0
[2024-11-22T08:09:24.137+0000] {taskinstance.py:3895} INFO - 1 downstream tasks scheduled from follow-on schedule check
[2024-11-22T08:09:24.138+0000] {local_task_job_runner.py:245} INFO - ::endgroup::
