[2024-11-22T06:13:30.597+0000] {local_task_job_runner.py:123} INFO - ::group::Pre task execution logs
[2024-11-22T06:13:30.629+0000] {taskinstance.py:2613} INFO - Dependencies all met for dep_context=non-requeueable deps ti=<TaskInstance: weather_stock_prediction.get_stock_data manual__2024-11-22T06:13:26.661320+00:00 [queued]>
[2024-11-22T06:13:30.651+0000] {taskinstance.py:2613} INFO - Dependencies all met for dep_context=requeueable deps ti=<TaskInstance: weather_stock_prediction.get_stock_data manual__2024-11-22T06:13:26.661320+00:00 [queued]>
[2024-11-22T06:13:30.655+0000] {taskinstance.py:2866} INFO - Starting attempt 1 of 2
[2024-11-22T06:13:30.743+0000] {taskinstance.py:2889} INFO - Executing <Task(PythonOperator): get_stock_data> on 2024-11-22 06:13:26.661320+00:00
[2024-11-22T06:13:30.778+0000] {warnings.py:112} WARNING - /home/***/.local/lib/python3.12/site-packages/***/task/task_runner/standard_task_runner.py:70: DeprecationWarning: This process (pid=4077) is multi-threaded, use of fork() may lead to deadlocks in the child.
  pid = os.fork()

[2024-11-22T06:13:30.786+0000] {standard_task_runner.py:72} INFO - Started process 4175 to run task
[2024-11-22T06:13:30.791+0000] {standard_task_runner.py:104} INFO - Running: ['***', 'tasks', 'run', 'weather_stock_prediction', 'get_stock_data', 'manual__2024-11-22T06:13:26.661320+00:00', '--job-id', '544', '--raw', '--subdir', 'DAGS_FOLDER/dag.py', '--cfg-path', '/tmp/tmpm8pkfnru']
[2024-11-22T06:13:30.801+0000] {standard_task_runner.py:105} INFO - Job 544: Subtask get_stock_data
[2024-11-22T06:13:30.959+0000] {task_command.py:467} INFO - Running <TaskInstance: weather_stock_prediction.get_stock_data manual__2024-11-22T06:13:26.661320+00:00 [running]> on host cba1e82f0ade
[2024-11-22T06:13:31.173+0000] {taskinstance.py:3132} INFO - Exporting env vars: AIRFLOW_CTX_DAG_OWNER='***' AIRFLOW_CTX_DAG_ID='weather_stock_prediction' AIRFLOW_CTX_TASK_ID='get_stock_data' AIRFLOW_CTX_EXECUTION_DATE='2024-11-22T06:13:26.661320+00:00' AIRFLOW_CTX_TRY_NUMBER='1' AIRFLOW_CTX_DAG_RUN_ID='manual__2024-11-22T06:13:26.661320+00:00'
[2024-11-22T06:13:31.176+0000] {logging_mixin.py:190} INFO - Task instance is in running state
[2024-11-22T06:13:31.178+0000] {logging_mixin.py:190} INFO -  Previous state of the Task instance: queued
[2024-11-22T06:13:31.180+0000] {logging_mixin.py:190} INFO - Current task name:get_stock_data state:running start_date:2024-11-22 06:13:30.631915+00:00
[2024-11-22T06:13:31.180+0000] {logging_mixin.py:190} INFO - Dag name:weather_stock_prediction and current dag run status:running
[2024-11-22T06:13:31.181+0000] {taskinstance.py:731} INFO - ::endgroup::
[2024-11-22T06:13:32.393+0000] {python.py:240} INFO - Done. Returned value was: None
[2024-11-22T06:13:32.400+0000] {taskinstance.py:340} INFO - ::group::Post task execution logs
[2024-11-22T06:13:32.401+0000] {taskinstance.py:352} INFO - Marking task as SUCCESS. dag_id=weather_stock_prediction, task_id=get_stock_data, run_id=manual__2024-11-22T06:13:26.661320+00:00, execution_date=20241122T061326, start_date=20241122T061330, end_date=20241122T061332
[2024-11-22T06:13:32.407+0000] {logging_mixin.py:190} INFO - Task instance in success state
[2024-11-22T06:13:32.408+0000] {logging_mixin.py:190} INFO -  Previous state of the Task instance: running
[2024-11-22T06:13:32.408+0000] {logging_mixin.py:190} INFO - Dag name:weather_stock_prediction queued_at:2024-11-22 06:13:26.676217+00:00
[2024-11-22T06:13:32.408+0000] {logging_mixin.py:190} INFO - Task hostname:cba1e82f0ade operator:PythonOperator
[2024-11-22T06:13:32.434+0000] {local_task_job_runner.py:266} INFO - Task exited with return code 0
[2024-11-22T06:13:32.466+0000] {taskinstance.py:3895} INFO - 1 downstream tasks scheduled from follow-on schedule check
[2024-11-22T06:13:32.472+0000] {local_task_job_runner.py:245} INFO - ::endgroup::
