[2024-11-22T06:52:16.884+0000] {local_task_job_runner.py:123} INFO - ::group::Pre task execution logs
[2024-11-22T06:52:16.896+0000] {taskinstance.py:2613} INFO - Dependencies all met for dep_context=non-requeueable deps ti=<TaskInstance: weather_stock_prediction.get_weather_data manual__2024-11-22T06:52:14.445445+00:00 [queued]>
[2024-11-22T06:52:16.901+0000] {taskinstance.py:2613} INFO - Dependencies all met for dep_context=requeueable deps ti=<TaskInstance: weather_stock_prediction.get_weather_data manual__2024-11-22T06:52:14.445445+00:00 [queued]>
[2024-11-22T06:52:16.901+0000] {taskinstance.py:2866} INFO - Starting attempt 1 of 2
[2024-11-22T06:52:16.908+0000] {taskinstance.py:2889} INFO - Executing <Task(PythonOperator): get_weather_data> on 2024-11-22 06:52:14.445445+00:00
[2024-11-22T06:52:16.914+0000] {warnings.py:112} WARNING - /home/***/.local/lib/python3.12/site-packages/***/task/task_runner/standard_task_runner.py:70: DeprecationWarning: This process (pid=7511) is multi-threaded, use of fork() may lead to deadlocks in the child.
  pid = os.fork()

[2024-11-22T06:52:16.915+0000] {standard_task_runner.py:72} INFO - Started process 7576 to run task
[2024-11-22T06:52:16.916+0000] {standard_task_runner.py:104} INFO - Running: ['***', 'tasks', 'run', 'weather_stock_prediction', 'get_weather_data', 'manual__2024-11-22T06:52:14.445445+00:00', '--job-id', '724', '--raw', '--subdir', 'DAGS_FOLDER/dag.py', '--cfg-path', '/tmp/tmp89xjcm96']
[2024-11-22T06:52:16.917+0000] {standard_task_runner.py:105} INFO - Job 724: Subtask get_weather_data
[2024-11-22T06:52:16.965+0000] {task_command.py:467} INFO - Running <TaskInstance: weather_stock_prediction.get_weather_data manual__2024-11-22T06:52:14.445445+00:00 [running]> on host cba1e82f0ade
[2024-11-22T06:52:17.053+0000] {taskinstance.py:3132} INFO - Exporting env vars: AIRFLOW_CTX_DAG_OWNER='***' AIRFLOW_CTX_DAG_ID='weather_stock_prediction' AIRFLOW_CTX_TASK_ID='get_weather_data' AIRFLOW_CTX_EXECUTION_DATE='2024-11-22T06:52:14.445445+00:00' AIRFLOW_CTX_TRY_NUMBER='1' AIRFLOW_CTX_DAG_RUN_ID='manual__2024-11-22T06:52:14.445445+00:00'
[2024-11-22T06:52:17.056+0000] {logging_mixin.py:190} INFO - Task instance is in running state
[2024-11-22T06:52:17.057+0000] {logging_mixin.py:190} INFO -  Previous state of the Task instance: queued
[2024-11-22T06:52:17.058+0000] {logging_mixin.py:190} INFO - Current task name:get_weather_data state:running start_date:2024-11-22 06:52:16.896765+00:00
[2024-11-22T06:52:17.060+0000] {logging_mixin.py:190} INFO - Dag name:weather_stock_prediction and current dag run status:running
[2024-11-22T06:52:17.060+0000] {taskinstance.py:731} INFO - ::endgroup::
[2024-11-22T06:52:17.209+0000] {python.py:240} INFO - Done. Returned value was: None
[2024-11-22T06:52:17.213+0000] {taskinstance.py:340} INFO - ::group::Post task execution logs
[2024-11-22T06:52:17.213+0000] {taskinstance.py:352} INFO - Marking task as SUCCESS. dag_id=weather_stock_prediction, task_id=get_weather_data, run_id=manual__2024-11-22T06:52:14.445445+00:00, execution_date=20241122T065214, start_date=20241122T065216, end_date=20241122T065217
[2024-11-22T06:52:17.218+0000] {logging_mixin.py:190} INFO - Task instance in success state
[2024-11-22T06:52:17.221+0000] {logging_mixin.py:190} INFO -  Previous state of the Task instance: running
[2024-11-22T06:52:17.221+0000] {logging_mixin.py:190} INFO - Dag name:weather_stock_prediction queued_at:2024-11-22 06:52:14.479942+00:00
[2024-11-22T06:52:17.222+0000] {logging_mixin.py:190} INFO - Task hostname:cba1e82f0ade operator:PythonOperator
[2024-11-22T06:52:17.262+0000] {local_task_job_runner.py:266} INFO - Task exited with return code 0
[2024-11-22T06:52:17.277+0000] {taskinstance.py:3895} INFO - 0 downstream tasks scheduled from follow-on schedule check
[2024-11-22T06:52:17.278+0000] {local_task_job_runner.py:245} INFO - ::endgroup::
