[2024-11-22T08:14:50.225+0000] {local_task_job_runner.py:123} INFO - ::group::Pre task execution logs
[2024-11-22T08:14:50.232+0000] {taskinstance.py:2613} INFO - Dependencies all met for dep_context=non-requeueable deps ti=<TaskInstance: weather_stock_prediction.combine_data manual__2024-11-22T08:14:44.399515+00:00 [queued]>
[2024-11-22T08:14:50.234+0000] {taskinstance.py:2613} INFO - Dependencies all met for dep_context=requeueable deps ti=<TaskInstance: weather_stock_prediction.combine_data manual__2024-11-22T08:14:44.399515+00:00 [queued]>
[2024-11-22T08:14:50.234+0000] {taskinstance.py:2866} INFO - Starting attempt 1 of 2
[2024-11-22T08:14:50.238+0000] {taskinstance.py:2889} INFO - Executing <Task(PythonOperator): combine_data> on 2024-11-22 08:14:44.399515+00:00
[2024-11-22T08:14:50.243+0000] {warnings.py:112} WARNING - /home/***/.local/lib/python3.12/site-packages/***/task/task_runner/standard_task_runner.py:70: DeprecationWarning: This process (pid=14464) is multi-threaded, use of fork() may lead to deadlocks in the child.
  pid = os.fork()

[2024-11-22T08:14:50.244+0000] {standard_task_runner.py:72} INFO - Started process 14475 to run task
[2024-11-22T08:14:50.244+0000] {standard_task_runner.py:104} INFO - Running: ['***', 'tasks', 'run', 'weather_stock_prediction', 'combine_data', 'manual__2024-11-22T08:14:44.399515+00:00', '--job-id', '1145', '--raw', '--subdir', 'DAGS_FOLDER/dag.py', '--cfg-path', '/tmp/tmp8bx3nf_h']
[2024-11-22T08:14:50.244+0000] {standard_task_runner.py:105} INFO - Job 1145: Subtask combine_data
[2024-11-22T08:14:50.280+0000] {task_command.py:467} INFO - Running <TaskInstance: weather_stock_prediction.combine_data manual__2024-11-22T08:14:44.399515+00:00 [running]> on host cba1e82f0ade
[2024-11-22T08:14:50.325+0000] {taskinstance.py:3132} INFO - Exporting env vars: AIRFLOW_CTX_DAG_OWNER='***' AIRFLOW_CTX_DAG_ID='weather_stock_prediction' AIRFLOW_CTX_TASK_ID='combine_data' AIRFLOW_CTX_EXECUTION_DATE='2024-11-22T08:14:44.399515+00:00' AIRFLOW_CTX_TRY_NUMBER='1' AIRFLOW_CTX_DAG_RUN_ID='manual__2024-11-22T08:14:44.399515+00:00'
[2024-11-22T08:14:50.327+0000] {logging_mixin.py:190} INFO - Task instance is in running state
[2024-11-22T08:14:50.327+0000] {logging_mixin.py:190} INFO -  Previous state of the Task instance: queued
[2024-11-22T08:14:50.327+0000] {logging_mixin.py:190} INFO - Current task name:combine_data state:running start_date:2024-11-22 08:14:50.232431+00:00
[2024-11-22T08:14:50.327+0000] {logging_mixin.py:190} INFO - Dag name:weather_stock_prediction and current dag run status:running
[2024-11-22T08:14:50.327+0000] {taskinstance.py:731} INFO - ::endgroup::
[2024-11-22T08:14:50.361+0000] {python.py:240} INFO - Done. Returned value was: None
[2024-11-22T08:14:50.369+0000] {taskinstance.py:340} INFO - ::group::Post task execution logs
[2024-11-22T08:14:50.369+0000] {taskinstance.py:352} INFO - Marking task as SUCCESS. dag_id=weather_stock_prediction, task_id=combine_data, run_id=manual__2024-11-22T08:14:44.399515+00:00, execution_date=20241122T081444, start_date=20241122T081450, end_date=20241122T081450
[2024-11-22T08:14:50.374+0000] {logging_mixin.py:190} INFO - Task instance in success state
[2024-11-22T08:14:50.374+0000] {logging_mixin.py:190} INFO -  Previous state of the Task instance: running
[2024-11-22T08:14:50.374+0000] {logging_mixin.py:190} INFO - Dag name:weather_stock_prediction queued_at:2024-11-22 08:14:44.415322+00:00
[2024-11-22T08:14:50.374+0000] {logging_mixin.py:190} INFO - Task hostname:cba1e82f0ade operator:PythonOperator
[2024-11-22T08:14:50.386+0000] {local_task_job_runner.py:266} INFO - Task exited with return code 0
[2024-11-22T08:14:50.401+0000] {taskinstance.py:3895} INFO - 1 downstream tasks scheduled from follow-on schedule check
[2024-11-22T08:14:50.402+0000] {local_task_job_runner.py:245} INFO - ::endgroup::
