[2024-11-22T08:33:06.304+0000] {local_task_job_runner.py:123} INFO - ::group::Pre task execution logs
[2024-11-22T08:33:06.322+0000] {taskinstance.py:2613} INFO - Dependencies all met for dep_context=non-requeueable deps ti=<TaskInstance: weather_stock_prediction.fetch_data manual__2024-11-22T08:33:03.264699+00:00 [queued]>
[2024-11-22T08:33:06.334+0000] {taskinstance.py:2613} INFO - Dependencies all met for dep_context=requeueable deps ti=<TaskInstance: weather_stock_prediction.fetch_data manual__2024-11-22T08:33:03.264699+00:00 [queued]>
[2024-11-22T08:33:06.338+0000] {taskinstance.py:2866} INFO - Starting attempt 1 of 2
[2024-11-22T08:33:06.377+0000] {taskinstance.py:2889} INFO - Executing <Task(PythonOperator): fetch_data> on 2024-11-22 08:33:03.264699+00:00
[2024-11-22T08:33:06.394+0000] {warnings.py:112} WARNING - /home/***/.local/lib/python3.12/site-packages/***/task/task_runner/standard_task_runner.py:70: DeprecationWarning: This process (pid=16869) is multi-threaded, use of fork() may lead to deadlocks in the child.
  pid = os.fork()

[2024-11-22T08:33:06.399+0000] {standard_task_runner.py:72} INFO - Started process 16931 to run task
[2024-11-22T08:33:06.402+0000] {standard_task_runner.py:104} INFO - Running: ['***', 'tasks', 'run', 'weather_stock_prediction', 'fetch_data', 'manual__2024-11-22T08:33:03.264699+00:00', '--job-id', '1305', '--raw', '--subdir', 'DAGS_FOLDER/dag.py', '--cfg-path', '/tmp/tmp98agi_b3']
[2024-11-22T08:33:06.406+0000] {standard_task_runner.py:105} INFO - Job 1305: Subtask fetch_data
[2024-11-22T08:33:06.496+0000] {task_command.py:467} INFO - Running <TaskInstance: weather_stock_prediction.fetch_data manual__2024-11-22T08:33:03.264699+00:00 [running]> on host cba1e82f0ade
[2024-11-22T08:33:06.571+0000] {taskinstance.py:3132} INFO - Exporting env vars: AIRFLOW_CTX_DAG_OWNER='***' AIRFLOW_CTX_DAG_ID='weather_stock_prediction' AIRFLOW_CTX_TASK_ID='fetch_data' AIRFLOW_CTX_EXECUTION_DATE='2024-11-22T08:33:03.264699+00:00' AIRFLOW_CTX_TRY_NUMBER='1' AIRFLOW_CTX_DAG_RUN_ID='manual__2024-11-22T08:33:03.264699+00:00'
[2024-11-22T08:33:06.573+0000] {logging_mixin.py:190} INFO - Task instance is in running state
[2024-11-22T08:33:06.574+0000] {logging_mixin.py:190} INFO -  Previous state of the Task instance: queued
[2024-11-22T08:33:06.575+0000] {logging_mixin.py:190} INFO - Current task name:fetch_data state:running start_date:2024-11-22 08:33:06.323130+00:00
[2024-11-22T08:33:06.575+0000] {logging_mixin.py:190} INFO - Dag name:weather_stock_prediction and current dag run status:running
[2024-11-22T08:33:06.577+0000] {taskinstance.py:731} INFO - ::endgroup::
[2024-11-22T08:33:06.587+0000] {base.py:84} INFO - Retrieving connection 'qwer'
[2024-11-22T08:33:06.645+0000] {python.py:240} INFO - Done. Returned value was: None
[2024-11-22T08:33:06.654+0000] {taskinstance.py:340} INFO - ::group::Post task execution logs
[2024-11-22T08:33:06.654+0000] {taskinstance.py:352} INFO - Marking task as SUCCESS. dag_id=weather_stock_prediction, task_id=fetch_data, run_id=manual__2024-11-22T08:33:03.264699+00:00, execution_date=20241122T083303, start_date=20241122T083306, end_date=20241122T083306
[2024-11-22T08:33:06.660+0000] {logging_mixin.py:190} INFO - Task instance in success state
[2024-11-22T08:33:06.660+0000] {logging_mixin.py:190} INFO -  Previous state of the Task instance: running
[2024-11-22T08:33:06.660+0000] {logging_mixin.py:190} INFO - Dag name:weather_stock_prediction queued_at:2024-11-22 08:33:03.289965+00:00
[2024-11-22T08:33:06.661+0000] {logging_mixin.py:190} INFO - Task hostname:cba1e82f0ade operator:PythonOperator
[2024-11-22T08:33:06.670+0000] {local_task_job_runner.py:266} INFO - Task exited with return code 0
[2024-11-22T08:33:06.692+0000] {taskinstance.py:3895} INFO - 0 downstream tasks scheduled from follow-on schedule check
[2024-11-22T08:33:06.694+0000] {local_task_job_runner.py:245} INFO - ::endgroup::
