[2024-11-21T02:09:33.541+0000] {local_task_job_runner.py:123} INFO - ::group::Pre task execution logs
[2024-11-21T02:09:33.559+0000] {taskinstance.py:2613} INFO - Dependencies all met for dep_context=non-requeueable deps ti=<TaskInstance: weather_stock_prediction.get_weather_data scheduled__2024-11-20T00:00:00+00:00 [queued]>
[2024-11-21T02:09:33.567+0000] {taskinstance.py:2613} INFO - Dependencies all met for dep_context=requeueable deps ti=<TaskInstance: weather_stock_prediction.get_weather_data scheduled__2024-11-20T00:00:00+00:00 [queued]>
[2024-11-21T02:09:33.567+0000] {taskinstance.py:2866} INFO - Starting attempt 1 of 2
[2024-11-21T02:09:33.575+0000] {taskinstance.py:2889} INFO - Executing <Task(PythonOperator): get_weather_data> on 2024-11-20 00:00:00+00:00
[2024-11-21T02:09:33.589+0000] {warnings.py:112} WARNING - /home/***/.local/lib/python3.12/site-packages/***/task/task_runner/standard_task_runner.py:70: DeprecationWarning: This process (pid=1472) is multi-threaded, use of fork() may lead to deadlocks in the child.
  pid = os.fork()

[2024-11-21T02:09:33.592+0000] {standard_task_runner.py:72} INFO - Started process 1604 to run task
[2024-11-21T02:09:33.592+0000] {standard_task_runner.py:104} INFO - Running: ['***', 'tasks', 'run', 'weather_stock_prediction', 'get_weather_data', 'scheduled__2024-11-20T00:00:00+00:00', '--job-id', '41', '--raw', '--subdir', 'DAGS_FOLDER/dag.py', '--cfg-path', '/tmp/tmpnfpcoczd']
[2024-11-21T02:09:33.599+0000] {standard_task_runner.py:105} INFO - Job 41: Subtask get_weather_data
[2024-11-21T02:09:33.811+0000] {task_command.py:467} INFO - Running <TaskInstance: weather_stock_prediction.get_weather_data scheduled__2024-11-20T00:00:00+00:00 [running]> on host 914c68583a3e
[2024-11-21T02:09:34.218+0000] {taskinstance.py:3132} INFO - Exporting env vars: AIRFLOW_CTX_DAG_OWNER='***' AIRFLOW_CTX_DAG_ID='weather_stock_prediction' AIRFLOW_CTX_TASK_ID='get_weather_data' AIRFLOW_CTX_EXECUTION_DATE='2024-11-20T00:00:00+00:00' AIRFLOW_CTX_TRY_NUMBER='1' AIRFLOW_CTX_DAG_RUN_ID='scheduled__2024-11-20T00:00:00+00:00'
[2024-11-21T02:09:34.227+0000] {logging_mixin.py:190} INFO - Task instance is in running state
[2024-11-21T02:09:34.229+0000] {logging_mixin.py:190} INFO -  Previous state of the Task instance: queued
[2024-11-21T02:09:34.230+0000] {logging_mixin.py:190} INFO - Current task name:get_weather_data state:running start_date:2024-11-21 02:09:33.560999+00:00
[2024-11-21T02:09:34.231+0000] {logging_mixin.py:190} INFO - Dag name:weather_stock_prediction and current dag run status:running
[2024-11-21T02:09:34.232+0000] {taskinstance.py:731} INFO - ::endgroup::
[2024-11-21T02:09:34.780+0000] {python.py:240} INFO - Done. Returned value was: None
[2024-11-21T02:09:34.797+0000] {taskinstance.py:340} INFO - ::group::Post task execution logs
[2024-11-21T02:09:34.800+0000] {taskinstance.py:352} INFO - Marking task as SUCCESS. dag_id=weather_stock_prediction, task_id=get_weather_data, run_id=scheduled__2024-11-20T00:00:00+00:00, execution_date=20241120T000000, start_date=20241121T020933, end_date=20241121T020934
[2024-11-21T02:09:34.819+0000] {logging_mixin.py:190} INFO - Task instance in success state
[2024-11-21T02:09:34.822+0000] {logging_mixin.py:190} INFO -  Previous state of the Task instance: running
[2024-11-21T02:09:34.823+0000] {logging_mixin.py:190} INFO - Dag name:weather_stock_prediction queued_at:2024-11-21 02:09:26.192478+00:00
[2024-11-21T02:09:34.823+0000] {logging_mixin.py:190} INFO - Task hostname:914c68583a3e operator:PythonOperator
[2024-11-21T02:09:34.866+0000] {local_task_job_runner.py:266} INFO - Task exited with return code 0
[2024-11-21T02:09:34.931+0000] {taskinstance.py:3895} INFO - 0 downstream tasks scheduled from follow-on schedule check
[2024-11-21T02:09:34.932+0000] {local_task_job_runner.py:245} INFO - ::endgroup::
