[2024-11-22T08:21:25.563+0000] {local_task_job_runner.py:123} INFO - ::group::Pre task execution logs
[2024-11-22T08:21:25.597+0000] {taskinstance.py:2613} INFO - Dependencies all met for dep_context=non-requeueable deps ti=<TaskInstance: weather_stock_prediction.fetch_data manual__2024-11-22T08:21:23.039332+00:00 [queued]>
[2024-11-22T08:21:25.610+0000] {taskinstance.py:2613} INFO - Dependencies all met for dep_context=requeueable deps ti=<TaskInstance: weather_stock_prediction.fetch_data manual__2024-11-22T08:21:23.039332+00:00 [queued]>
[2024-11-22T08:21:25.610+0000] {taskinstance.py:2866} INFO - Starting attempt 1 of 2
[2024-11-22T08:21:25.628+0000] {taskinstance.py:2889} INFO - Executing <Task(PythonOperator): fetch_data> on 2024-11-22 08:21:23.039332+00:00
[2024-11-22T08:21:25.678+0000] {warnings.py:112} WARNING - /home/***/.local/lib/python3.12/site-packages/***/task/task_runner/standard_task_runner.py:70: DeprecationWarning: This process (pid=15254) is multi-threaded, use of fork() may lead to deadlocks in the child.
  pid = os.fork()

[2024-11-22T08:21:25.683+0000] {standard_task_runner.py:72} INFO - Started process 15320 to run task
[2024-11-22T08:21:25.686+0000] {standard_task_runner.py:104} INFO - Running: ['***', 'tasks', 'run', 'weather_stock_prediction', 'fetch_data', 'manual__2024-11-22T08:21:23.039332+00:00', '--job-id', '1198', '--raw', '--subdir', 'DAGS_FOLDER/dag.py', '--cfg-path', '/tmp/tmp73hdq9oj']
[2024-11-22T08:21:25.688+0000] {standard_task_runner.py:105} INFO - Job 1198: Subtask fetch_data
[2024-11-22T08:21:25.767+0000] {task_command.py:467} INFO - Running <TaskInstance: weather_stock_prediction.fetch_data manual__2024-11-22T08:21:23.039332+00:00 [running]> on host cba1e82f0ade
[2024-11-22T08:21:25.888+0000] {taskinstance.py:3132} INFO - Exporting env vars: AIRFLOW_CTX_DAG_OWNER='***' AIRFLOW_CTX_DAG_ID='weather_stock_prediction' AIRFLOW_CTX_TASK_ID='fetch_data' AIRFLOW_CTX_EXECUTION_DATE='2024-11-22T08:21:23.039332+00:00' AIRFLOW_CTX_TRY_NUMBER='1' AIRFLOW_CTX_DAG_RUN_ID='manual__2024-11-22T08:21:23.039332+00:00'
[2024-11-22T08:21:25.891+0000] {logging_mixin.py:190} INFO - Task instance is in running state
[2024-11-22T08:21:25.895+0000] {logging_mixin.py:190} INFO -  Previous state of the Task instance: queued
[2024-11-22T08:21:25.897+0000] {logging_mixin.py:190} INFO - Current task name:fetch_data state:running start_date:2024-11-22 08:21:25.598433+00:00
[2024-11-22T08:21:25.898+0000] {logging_mixin.py:190} INFO - Dag name:weather_stock_prediction and current dag run status:running
[2024-11-22T08:21:25.900+0000] {taskinstance.py:731} INFO - ::endgroup::
[2024-11-22T08:21:25.914+0000] {base.py:84} INFO - Retrieving connection 'qwer'
[2024-11-22T08:21:25.995+0000] {python.py:240} INFO - Done. Returned value was: None
[2024-11-22T08:21:26.006+0000] {taskinstance.py:340} INFO - ::group::Post task execution logs
[2024-11-22T08:21:26.007+0000] {taskinstance.py:352} INFO - Marking task as SUCCESS. dag_id=weather_stock_prediction, task_id=fetch_data, run_id=manual__2024-11-22T08:21:23.039332+00:00, execution_date=20241122T082123, start_date=20241122T082125, end_date=20241122T082126
[2024-11-22T08:21:26.014+0000] {logging_mixin.py:190} INFO - Task instance in success state
[2024-11-22T08:21:26.015+0000] {logging_mixin.py:190} INFO -  Previous state of the Task instance: running
[2024-11-22T08:21:26.015+0000] {logging_mixin.py:190} INFO - Dag name:weather_stock_prediction queued_at:2024-11-22 08:21:23.051293+00:00
[2024-11-22T08:21:26.015+0000] {logging_mixin.py:190} INFO - Task hostname:cba1e82f0ade operator:PythonOperator
[2024-11-22T08:21:26.045+0000] {local_task_job_runner.py:266} INFO - Task exited with return code 0
[2024-11-22T08:21:26.070+0000] {taskinstance.py:3895} INFO - 0 downstream tasks scheduled from follow-on schedule check
[2024-11-22T08:21:26.075+0000] {local_task_job_runner.py:245} INFO - ::endgroup::
