[2024-11-22T09:13:03.950+0000] {local_task_job_runner.py:123} INFO - ::group::Pre task execution logs
[2024-11-22T09:13:03.974+0000] {taskinstance.py:2613} INFO - Dependencies all met for dep_context=non-requeueable deps ti=<TaskInstance: weather_stock_prediction.get_stock_data manual__2024-11-22T09:13:01.128273+00:00 [queued]>
[2024-11-22T09:13:03.982+0000] {taskinstance.py:2613} INFO - Dependencies all met for dep_context=requeueable deps ti=<TaskInstance: weather_stock_prediction.get_stock_data manual__2024-11-22T09:13:01.128273+00:00 [queued]>
[2024-11-22T09:13:03.983+0000] {taskinstance.py:2866} INFO - Starting attempt 1 of 2
[2024-11-22T09:13:04.018+0000] {taskinstance.py:2889} INFO - Executing <Task(PythonOperator): get_stock_data> on 2024-11-22 09:13:01.128273+00:00
[2024-11-22T09:13:04.027+0000] {warnings.py:112} WARNING - /home/***/.local/lib/python3.12/site-packages/***/task/task_runner/standard_task_runner.py:70: DeprecationWarning: This process (pid=21216) is multi-threaded, use of fork() may lead to deadlocks in the child.
  pid = os.fork()

[2024-11-22T09:13:04.028+0000] {standard_task_runner.py:72} INFO - Started process 21299 to run task
[2024-11-22T09:13:04.032+0000] {standard_task_runner.py:104} INFO - Running: ['***', 'tasks', 'run', 'weather_stock_prediction', 'get_stock_data', 'manual__2024-11-22T09:13:01.128273+00:00', '--job-id', '1582', '--raw', '--subdir', 'DAGS_FOLDER/dag.py', '--cfg-path', '/tmp/tmp_q_uaxni']
[2024-11-22T09:13:04.035+0000] {standard_task_runner.py:105} INFO - Job 1582: Subtask get_stock_data
[2024-11-22T09:13:04.109+0000] {task_command.py:467} INFO - Running <TaskInstance: weather_stock_prediction.get_stock_data manual__2024-11-22T09:13:01.128273+00:00 [running]> on host cba1e82f0ade
[2024-11-22T09:13:04.187+0000] {taskinstance.py:3132} INFO - Exporting env vars: AIRFLOW_CTX_DAG_OWNER='***' AIRFLOW_CTX_DAG_ID='weather_stock_prediction' AIRFLOW_CTX_TASK_ID='get_stock_data' AIRFLOW_CTX_EXECUTION_DATE='2024-11-22T09:13:01.128273+00:00' AIRFLOW_CTX_TRY_NUMBER='1' AIRFLOW_CTX_DAG_RUN_ID='manual__2024-11-22T09:13:01.128273+00:00'
[2024-11-22T09:13:04.191+0000] {logging_mixin.py:190} INFO - Task instance is in running state
[2024-11-22T09:13:04.192+0000] {logging_mixin.py:190} INFO -  Previous state of the Task instance: queued
[2024-11-22T09:13:04.193+0000] {logging_mixin.py:190} INFO - Current task name:get_stock_data state:running start_date:2024-11-22 09:13:03.975404+00:00
[2024-11-22T09:13:04.193+0000] {logging_mixin.py:190} INFO - Dag name:weather_stock_prediction and current dag run status:running
[2024-11-22T09:13:04.194+0000] {taskinstance.py:731} INFO - ::endgroup::
[2024-11-22T09:13:05.171+0000] {logging_mixin.py:190} INFO - Stock Data Structure:
[2024-11-22T09:13:05.172+0000] {logging_mixin.py:190} INFO - 2
[2024-11-22T09:13:05.172+0000] {logging_mixin.py:190} INFO - dict_keys(['date', 'price'])
[2024-11-22T09:13:05.173+0000] {logging_mixin.py:190} INFO - {'date': '2024-11-21', 'price': 228.52}
[2024-11-22T09:13:05.173+0000] {python.py:240} INFO - Done. Returned value was: None
[2024-11-22T09:13:05.184+0000] {taskinstance.py:340} INFO - ::group::Post task execution logs
[2024-11-22T09:13:05.185+0000] {taskinstance.py:352} INFO - Marking task as SUCCESS. dag_id=weather_stock_prediction, task_id=get_stock_data, run_id=manual__2024-11-22T09:13:01.128273+00:00, execution_date=20241122T091301, start_date=20241122T091303, end_date=20241122T091305
[2024-11-22T09:13:05.193+0000] {logging_mixin.py:190} INFO - Task instance in success state
[2024-11-22T09:13:05.193+0000] {logging_mixin.py:190} INFO -  Previous state of the Task instance: running
[2024-11-22T09:13:05.193+0000] {logging_mixin.py:190} INFO - Dag name:weather_stock_prediction queued_at:2024-11-22 09:13:01.140758+00:00
[2024-11-22T09:13:05.193+0000] {logging_mixin.py:190} INFO - Task hostname:cba1e82f0ade operator:PythonOperator
[2024-11-22T09:13:05.200+0000] {local_task_job_runner.py:266} INFO - Task exited with return code 0
[2024-11-22T09:13:05.224+0000] {taskinstance.py:3895} INFO - 1 downstream tasks scheduled from follow-on schedule check
[2024-11-22T09:13:05.225+0000] {local_task_job_runner.py:245} INFO - ::endgroup::
