[2024-11-22T06:43:23.911+0000] {local_task_job_runner.py:123} INFO - ::group::Pre task execution logs
[2024-11-22T06:43:23.920+0000] {taskinstance.py:2613} INFO - Dependencies all met for dep_context=non-requeueable deps ti=<TaskInstance: weather_stock_prediction.get_postgres_data manual__2024-11-22T06:43:21.291592+00:00 [queued]>
[2024-11-22T06:43:23.925+0000] {taskinstance.py:2613} INFO - Dependencies all met for dep_context=requeueable deps ti=<TaskInstance: weather_stock_prediction.get_postgres_data manual__2024-11-22T06:43:21.291592+00:00 [queued]>
[2024-11-22T06:43:23.926+0000] {taskinstance.py:2866} INFO - Starting attempt 1 of 2
[2024-11-22T06:43:23.937+0000] {taskinstance.py:2889} INFO - Executing <Task(PythonOperator): get_postgres_data> on 2024-11-22 06:43:21.291592+00:00
[2024-11-22T06:43:23.943+0000] {warnings.py:112} WARNING - /home/***/.local/lib/python3.12/site-packages/***/task/task_runner/standard_task_runner.py:70: DeprecationWarning: This process (pid=6971) is multi-threaded, use of fork() may lead to deadlocks in the child.
  pid = os.fork()

[2024-11-22T06:43:23.944+0000] {standard_task_runner.py:72} INFO - Started process 7039 to run task
[2024-11-22T06:43:23.945+0000] {standard_task_runner.py:104} INFO - Running: ['***', 'tasks', 'run', 'weather_stock_prediction', 'get_postgres_data', 'manual__2024-11-22T06:43:21.291592+00:00', '--job-id', '696', '--raw', '--subdir', 'DAGS_FOLDER/dag.py', '--cfg-path', '/tmp/tmp31cymdr1']
[2024-11-22T06:43:23.946+0000] {standard_task_runner.py:105} INFO - Job 696: Subtask get_postgres_data
[2024-11-22T06:43:23.993+0000] {task_command.py:467} INFO - Running <TaskInstance: weather_stock_prediction.get_postgres_data manual__2024-11-22T06:43:21.291592+00:00 [running]> on host cba1e82f0ade
[2024-11-22T06:43:24.060+0000] {taskinstance.py:3132} INFO - Exporting env vars: AIRFLOW_CTX_DAG_OWNER='***' AIRFLOW_CTX_DAG_ID='weather_stock_prediction' AIRFLOW_CTX_TASK_ID='get_postgres_data' AIRFLOW_CTX_EXECUTION_DATE='2024-11-22T06:43:21.291592+00:00' AIRFLOW_CTX_TRY_NUMBER='1' AIRFLOW_CTX_DAG_RUN_ID='manual__2024-11-22T06:43:21.291592+00:00'
[2024-11-22T06:43:24.061+0000] {logging_mixin.py:190} INFO - Task instance is in running state
[2024-11-22T06:43:24.062+0000] {logging_mixin.py:190} INFO -  Previous state of the Task instance: queued
[2024-11-22T06:43:24.062+0000] {logging_mixin.py:190} INFO - Current task name:get_postgres_data state:running start_date:2024-11-22 06:43:23.921010+00:00
[2024-11-22T06:43:24.062+0000] {logging_mixin.py:190} INFO - Dag name:weather_stock_prediction and current dag run status:running
[2024-11-22T06:43:24.063+0000] {taskinstance.py:731} INFO - ::endgroup::
[2024-11-22T06:43:24.068+0000] {base.py:84} INFO - Retrieving connection 'asdf'
[2024-11-22T06:43:24.085+0000] {python.py:240} INFO - Done. Returned value was: None
[2024-11-22T06:43:24.093+0000] {taskinstance.py:340} INFO - ::group::Post task execution logs
[2024-11-22T06:43:24.094+0000] {taskinstance.py:352} INFO - Marking task as SUCCESS. dag_id=weather_stock_prediction, task_id=get_postgres_data, run_id=manual__2024-11-22T06:43:21.291592+00:00, execution_date=20241122T064321, start_date=20241122T064323, end_date=20241122T064324
[2024-11-22T06:43:24.102+0000] {logging_mixin.py:190} INFO - Task instance in success state
[2024-11-22T06:43:24.103+0000] {logging_mixin.py:190} INFO -  Previous state of the Task instance: running
[2024-11-22T06:43:24.104+0000] {logging_mixin.py:190} INFO - Dag name:weather_stock_prediction queued_at:2024-11-22 06:43:21.307932+00:00
[2024-11-22T06:43:24.104+0000] {logging_mixin.py:190} INFO - Task hostname:cba1e82f0ade operator:PythonOperator
[2024-11-22T06:43:24.125+0000] {local_task_job_runner.py:266} INFO - Task exited with return code 0
[2024-11-22T06:43:24.132+0000] {local_task_job_runner.py:245} INFO - ::endgroup::
