[2024-11-22T07:14:24.216+0000] {local_task_job_runner.py:123} INFO - ::group::Pre task execution logs
[2024-11-22T07:14:24.222+0000] {taskinstance.py:2613} INFO - Dependencies all met for dep_context=non-requeueable deps ti=<TaskInstance: weather_stock_prediction.train_model manual__2024-11-22T07:14:15.128258+00:00 [queued]>
[2024-11-22T07:14:24.225+0000] {taskinstance.py:2613} INFO - Dependencies all met for dep_context=requeueable deps ti=<TaskInstance: weather_stock_prediction.train_model manual__2024-11-22T07:14:15.128258+00:00 [queued]>
[2024-11-22T07:14:24.225+0000] {taskinstance.py:2866} INFO - Starting attempt 1 of 2
[2024-11-22T07:14:24.229+0000] {taskinstance.py:2889} INFO - Executing <Task(PythonOperator): train_model> on 2024-11-22 07:14:15.128258+00:00
[2024-11-22T07:14:24.234+0000] {warnings.py:112} WARNING - /home/***/.local/lib/python3.12/site-packages/***/task/task_runner/standard_task_runner.py:70: DeprecationWarning: This process (pid=9132) is multi-threaded, use of fork() may lead to deadlocks in the child.
  pid = os.fork()

[2024-11-22T07:14:24.234+0000] {standard_task_runner.py:72} INFO - Started process 9143 to run task
[2024-11-22T07:14:24.235+0000] {standard_task_runner.py:104} INFO - Running: ['***', 'tasks', 'run', 'weather_stock_prediction', 'train_model', 'manual__2024-11-22T07:14:15.128258+00:00', '--job-id', '815', '--raw', '--subdir', 'DAGS_FOLDER/dag.py', '--cfg-path', '/tmp/tmplf67q80u']
[2024-11-22T07:14:24.235+0000] {standard_task_runner.py:105} INFO - Job 815: Subtask train_model
[2024-11-22T07:14:24.252+0000] {task_command.py:467} INFO - Running <TaskInstance: weather_stock_prediction.train_model manual__2024-11-22T07:14:15.128258+00:00 [running]> on host cba1e82f0ade
[2024-11-22T07:14:24.277+0000] {taskinstance.py:3132} INFO - Exporting env vars: AIRFLOW_CTX_DAG_OWNER='***' AIRFLOW_CTX_DAG_ID='weather_stock_prediction' AIRFLOW_CTX_TASK_ID='train_model' AIRFLOW_CTX_EXECUTION_DATE='2024-11-22T07:14:15.128258+00:00' AIRFLOW_CTX_TRY_NUMBER='1' AIRFLOW_CTX_DAG_RUN_ID='manual__2024-11-22T07:14:15.128258+00:00'
[2024-11-22T07:14:24.277+0000] {logging_mixin.py:190} INFO - Task instance is in running state
[2024-11-22T07:14:24.277+0000] {logging_mixin.py:190} INFO -  Previous state of the Task instance: queued
[2024-11-22T07:14:24.278+0000] {logging_mixin.py:190} INFO - Current task name:train_model state:running start_date:2024-11-22 07:14:24.223096+00:00
[2024-11-22T07:14:24.278+0000] {logging_mixin.py:190} INFO - Dag name:weather_stock_prediction and current dag run status:running
[2024-11-22T07:14:24.278+0000] {taskinstance.py:731} INFO - ::endgroup::
[2024-11-22T07:14:24.299+0000] {logging_mixin.py:190} INFO - Mean Squared Error: 227.16070361395447
[2024-11-22T07:14:24.299+0000] {python.py:240} INFO - Done. Returned value was: None
[2024-11-22T07:14:24.303+0000] {taskinstance.py:340} INFO - ::group::Post task execution logs
[2024-11-22T07:14:24.303+0000] {taskinstance.py:352} INFO - Marking task as SUCCESS. dag_id=weather_stock_prediction, task_id=train_model, run_id=manual__2024-11-22T07:14:15.128258+00:00, execution_date=20241122T071415, start_date=20241122T071424, end_date=20241122T071424
[2024-11-22T07:14:24.306+0000] {logging_mixin.py:190} INFO - Task instance in success state
[2024-11-22T07:14:24.306+0000] {logging_mixin.py:190} INFO -  Previous state of the Task instance: running
[2024-11-22T07:14:24.306+0000] {logging_mixin.py:190} INFO - Dag name:weather_stock_prediction queued_at:2024-11-22 07:14:15.136540+00:00
[2024-11-22T07:14:24.306+0000] {logging_mixin.py:190} INFO - Task hostname:cba1e82f0ade operator:PythonOperator
[2024-11-22T07:14:24.336+0000] {local_task_job_runner.py:266} INFO - Task exited with return code 0
[2024-11-22T07:14:24.346+0000] {taskinstance.py:3895} INFO - 1 downstream tasks scheduled from follow-on schedule check
[2024-11-22T07:14:24.346+0000] {local_task_job_runner.py:245} INFO - ::endgroup::
