[2024-11-22T08:32:36.482+0000] {local_task_job_runner.py:123} INFO - ::group::Pre task execution logs
[2024-11-22T08:32:36.518+0000] {taskinstance.py:2613} INFO - Dependencies all met for dep_context=non-requeueable deps ti=<TaskInstance: weather_stock_prediction.get_postgres_data manual__2024-11-22T08:32:32.945877+00:00 [queued]>
[2024-11-22T08:32:36.528+0000] {taskinstance.py:2613} INFO - Dependencies all met for dep_context=requeueable deps ti=<TaskInstance: weather_stock_prediction.get_postgres_data manual__2024-11-22T08:32:32.945877+00:00 [queued]>
[2024-11-22T08:32:36.529+0000] {taskinstance.py:2866} INFO - Starting attempt 1 of 2
[2024-11-22T08:32:36.545+0000] {taskinstance.py:2889} INFO - Executing <Task(PythonOperator): get_postgres_data> on 2024-11-22 08:32:32.945877+00:00
[2024-11-22T08:32:36.554+0000] {warnings.py:112} WARNING - /home/***/.local/lib/python3.12/site-packages/***/task/task_runner/standard_task_runner.py:70: DeprecationWarning: This process (pid=16769) is multi-threaded, use of fork() may lead to deadlocks in the child.
  pid = os.fork()

[2024-11-22T08:32:36.557+0000] {standard_task_runner.py:72} INFO - Started process 16835 to run task
[2024-11-22T08:32:36.557+0000] {standard_task_runner.py:104} INFO - Running: ['***', 'tasks', 'run', 'weather_stock_prediction', 'get_postgres_data', 'manual__2024-11-22T08:32:32.945877+00:00', '--job-id', '1299', '--raw', '--subdir', 'DAGS_FOLDER/dag.py', '--cfg-path', '/tmp/tmp_l_vt23n']
[2024-11-22T08:32:36.559+0000] {standard_task_runner.py:105} INFO - Job 1299: Subtask get_postgres_data
[2024-11-22T08:32:36.646+0000] {task_command.py:467} INFO - Running <TaskInstance: weather_stock_prediction.get_postgres_data manual__2024-11-22T08:32:32.945877+00:00 [running]> on host cba1e82f0ade
[2024-11-22T08:32:36.797+0000] {taskinstance.py:3132} INFO - Exporting env vars: AIRFLOW_CTX_DAG_OWNER='***' AIRFLOW_CTX_DAG_ID='weather_stock_prediction' AIRFLOW_CTX_TASK_ID='get_postgres_data' AIRFLOW_CTX_EXECUTION_DATE='2024-11-22T08:32:32.945877+00:00' AIRFLOW_CTX_TRY_NUMBER='1' AIRFLOW_CTX_DAG_RUN_ID='manual__2024-11-22T08:32:32.945877+00:00'
[2024-11-22T08:32:36.798+0000] {logging_mixin.py:190} INFO - Task instance is in running state
[2024-11-22T08:32:36.800+0000] {logging_mixin.py:190} INFO -  Previous state of the Task instance: queued
[2024-11-22T08:32:36.800+0000] {logging_mixin.py:190} INFO - Current task name:get_postgres_data state:running start_date:2024-11-22 08:32:36.519698+00:00
[2024-11-22T08:32:36.801+0000] {logging_mixin.py:190} INFO - Dag name:weather_stock_prediction and current dag run status:running
[2024-11-22T08:32:36.801+0000] {taskinstance.py:731} INFO - ::endgroup::
[2024-11-22T08:32:36.812+0000] {base.py:84} INFO - Retrieving connection 'asdf'
[2024-11-22T08:32:36.866+0000] {python.py:240} INFO - Done. Returned value was: None
[2024-11-22T08:32:36.880+0000] {taskinstance.py:340} INFO - ::group::Post task execution logs
[2024-11-22T08:32:36.881+0000] {taskinstance.py:352} INFO - Marking task as SUCCESS. dag_id=weather_stock_prediction, task_id=get_postgres_data, run_id=manual__2024-11-22T08:32:32.945877+00:00, execution_date=20241122T083232, start_date=20241122T083236, end_date=20241122T083236
[2024-11-22T08:32:36.886+0000] {logging_mixin.py:190} INFO - Task instance in success state
[2024-11-22T08:32:36.886+0000] {logging_mixin.py:190} INFO -  Previous state of the Task instance: running
[2024-11-22T08:32:36.886+0000] {logging_mixin.py:190} INFO - Dag name:weather_stock_prediction queued_at:2024-11-22 08:32:32.954854+00:00
[2024-11-22T08:32:36.887+0000] {logging_mixin.py:190} INFO - Task hostname:cba1e82f0ade operator:PythonOperator
[2024-11-22T08:32:36.916+0000] {local_task_job_runner.py:266} INFO - Task exited with return code 0
[2024-11-22T08:32:36.950+0000] {taskinstance.py:3895} INFO - 0 downstream tasks scheduled from follow-on schedule check
[2024-11-22T08:32:36.953+0000] {local_task_job_runner.py:245} INFO - ::endgroup::
