[2024-11-22T08:35:02.562+0000] {local_task_job_runner.py:123} INFO - ::group::Pre task execution logs
[2024-11-22T08:35:02.569+0000] {taskinstance.py:2613} INFO - Dependencies all met for dep_context=non-requeueable deps ti=<TaskInstance: weather_stock_prediction.predict_prices manual__2024-11-22T08:24:45.526763+00:00 [queued]>
[2024-11-22T08:35:02.573+0000] {taskinstance.py:2613} INFO - Dependencies all met for dep_context=requeueable deps ti=<TaskInstance: weather_stock_prediction.predict_prices manual__2024-11-22T08:24:45.526763+00:00 [queued]>
[2024-11-22T08:35:02.574+0000] {taskinstance.py:2866} INFO - Starting attempt 1 of 2
[2024-11-22T08:35:02.580+0000] {taskinstance.py:2889} INFO - Executing <Task(PythonOperator): predict_prices> on 2024-11-22 08:24:45.526763+00:00
[2024-11-22T08:35:02.585+0000] {warnings.py:112} WARNING - /home/***/.local/lib/python3.12/site-packages/***/task/task_runner/standard_task_runner.py:70: DeprecationWarning: This process (pid=17440) is multi-threaded, use of fork() may lead to deadlocks in the child.
  pid = os.fork()

[2024-11-22T08:35:02.587+0000] {standard_task_runner.py:72} INFO - Started process 17473 to run task
[2024-11-22T08:35:02.587+0000] {standard_task_runner.py:104} INFO - Running: ['***', 'tasks', 'run', 'weather_stock_prediction', 'predict_prices', 'manual__2024-11-22T08:24:45.526763+00:00', '--job-id', '1345', '--raw', '--subdir', 'DAGS_FOLDER/dag.py', '--cfg-path', '/tmp/tmpiht77prw']
[2024-11-22T08:35:02.588+0000] {standard_task_runner.py:105} INFO - Job 1345: Subtask predict_prices
[2024-11-22T08:35:02.625+0000] {task_command.py:467} INFO - Running <TaskInstance: weather_stock_prediction.predict_prices manual__2024-11-22T08:24:45.526763+00:00 [running]> on host cba1e82f0ade
[2024-11-22T08:35:02.672+0000] {taskinstance.py:3132} INFO - Exporting env vars: AIRFLOW_CTX_DAG_OWNER='***' AIRFLOW_CTX_DAG_ID='weather_stock_prediction' AIRFLOW_CTX_TASK_ID='predict_prices' AIRFLOW_CTX_EXECUTION_DATE='2024-11-22T08:24:45.526763+00:00' AIRFLOW_CTX_TRY_NUMBER='1' AIRFLOW_CTX_DAG_RUN_ID='manual__2024-11-22T08:24:45.526763+00:00'
[2024-11-22T08:35:02.673+0000] {logging_mixin.py:190} INFO - Task instance is in running state
[2024-11-22T08:35:02.673+0000] {logging_mixin.py:190} INFO -  Previous state of the Task instance: queued
[2024-11-22T08:35:02.673+0000] {logging_mixin.py:190} INFO - Current task name:predict_prices state:running start_date:2024-11-22 08:35:02.570116+00:00
[2024-11-22T08:35:02.674+0000] {logging_mixin.py:190} INFO - Dag name:weather_stock_prediction and current dag run status:running
[2024-11-22T08:35:02.674+0000] {taskinstance.py:731} INFO - ::endgroup::
[2024-11-22T08:35:02.678+0000] {logging_mixin.py:190} INFO - Weather forecast data: {'date': {'0': '2024-11-22', '1': '2024-11-23', '2': '2024-11-24', '3': '2024-11-25', '4': '2024-11-26', '5': '2024-11-27', '6': '2024-11-28', '7': '2024-11-29', '8': '2024-11-30', '9': '2024-12-01', '10': '2024-12-02', '11': '2024-12-03', '12': '2024-12-04', '13': '2024-12-05', '14': '2024-12-06', '15': '2024-12-07'}, 'temperature': {'0': 14.94, '1': 13.3, '2': 12.75, '3': 12.84, '4': 12.23, '5': 11.72, '6': 10.73, '7': 10.74, '8': 11.19, '9': 11.87, '10': 11.96, '11': 12.07, '12': 15.04, '13': 15.66, '14': 15.9, '15': 16.04}, 'min_temperature': {'0': 12.33, '1': 11.05, '2': 10.15, '3': 11.19, '4': 11.52, '5': 10.1, '6': 9.12, '7': 8.87, '8': 9.07, '9': 9.72, '10': 10.39, '11': 10.02, '12': 10.47, '13': 11.17, '14': 11.47, '15': 12.17}, 'max_temperature': {'0': 15.84, '1': 13.41, '2': 13.37, '3': 14.17, '4': 13.06, '5': 13.46, '6': 13.75, '7': 14.05, '8': 14.47, '9': 14.95, '10': 14.52, '11': 15.0, '12': 15.55, '13': 15.66, '14': 16.08, '15': 16.14}, 'humidity': {'0': 85, '1': 74, '2': 61, '3': 69, '4': 83, '5': 57, '6': 58, '7': 57, '8': 57, '9': 55, '10': 54, '11': 54, '12': 47, '13': 45, '14': 49, '15': 57}, 'wind_speed': {'0': 9.04, '1': 4.91, '2': 6.3, '3': 6.67, '4': 4.29, '5': 3.82, '6': 3.96, '7': 3.99, '8': 4.05, '9': 4.15, '10': 3.48, '11': 3.66, '12': 3.74, '13': 3.19, '14': 2.99, '15': 3.36}}
[2024-11-22T08:35:02.688+0000] {logging_mixin.py:190} INFO -    temperature  min_temperature  max_temperature  humidity  wind_speed
0        14.94            12.33            15.84        85        9.04
1        13.30            11.05            13.41        74        4.91
2        12.75            10.15            13.37        61        6.30
3        12.84            11.19            14.17        69        6.67
4        12.23            11.52            13.06        83        4.29
[2024-11-22T08:35:02.696+0000] {logging_mixin.py:190} INFO - Cleaned DataFrame:     temperature  min_temperature  max_temperature  humidity  wind_speed
0         14.94            12.33            15.84        85        9.04
1         13.30            11.05            13.41        74        4.91
2         12.75            10.15            13.37        61        6.30
3         12.84            11.19            14.17        69        6.67
4         12.23            11.52            13.06        83        4.29
5         11.72            10.10            13.46        57        3.82
6         10.73             9.12            13.75        58        3.96
7         10.74             8.87            14.05        57        3.99
8         11.19             9.07            14.47        57        4.05
9         11.87             9.72            14.95        55        4.15
10        11.96            10.39            14.52        54        3.48
11        12.07            10.02            15.00        54        3.66
12        15.04            10.47            15.55        47        3.74
13        15.66            11.17            15.66        45        3.19
14        15.90            11.47            16.08        49        2.99
15        16.04            12.17            16.14        57        3.36
[2024-11-22T08:35:02.703+0000] {logging_mixin.py:190} INFO -     temperature  min_temperature  max_temperature  humidity  wind_speed
0         14.94            12.33            15.84        85        9.04
1         13.30            11.05            13.41        74        4.91
2         12.75            10.15            13.37        61        6.30
3         12.84            11.19            14.17        69        6.67
4         12.23            11.52            13.06        83        4.29
5         11.72            10.10            13.46        57        3.82
6         10.73             9.12            13.75        58        3.96
7         10.74             8.87            14.05        57        3.99
8         11.19             9.07            14.47        57        4.05
9         11.87             9.72            14.95        55        4.15
10        11.96            10.39            14.52        54        3.48
11        12.07            10.02            15.00        54        3.66
12        15.04            10.47            15.55        47        3.74
13        15.66            11.17            15.66        45        3.19
14        15.90            11.47            16.08        49        2.99
15        16.04            12.17            16.14        57        3.36
[2024-11-22T08:35:02.711+0000] {logging_mixin.py:190} INFO -    temperature  min_temperature  ...  wind_speed       price
0        14.94            12.33  ...        9.04  213.424381
1        13.30            11.05  ...        4.91  204.316912
2        12.75            10.15  ...        6.30  203.657703
3        12.84            11.19  ...        6.67  209.596437
4        12.23            11.52  ...        4.29  206.856319

[5 rows x 6 columns]
[2024-11-22T08:35:02.725+0000] {python.py:240} INFO - Done. Returned value was: None
[2024-11-22T08:35:02.729+0000] {taskinstance.py:340} INFO - ::group::Post task execution logs
[2024-11-22T08:35:02.729+0000] {taskinstance.py:352} INFO - Marking task as SUCCESS. dag_id=weather_stock_prediction, task_id=predict_prices, run_id=manual__2024-11-22T08:24:45.526763+00:00, execution_date=20241122T082445, start_date=20241122T083502, end_date=20241122T083502
[2024-11-22T08:35:02.733+0000] {logging_mixin.py:190} INFO - Task instance in success state
[2024-11-22T08:35:02.733+0000] {logging_mixin.py:190} INFO -  Previous state of the Task instance: running
[2024-11-22T08:35:02.733+0000] {logging_mixin.py:190} INFO - Dag name:weather_stock_prediction queued_at:2024-11-22 08:24:45.542402+00:00
[2024-11-22T08:35:02.733+0000] {logging_mixin.py:190} INFO - Task hostname:cba1e82f0ade operator:PythonOperator
[2024-11-22T08:35:02.768+0000] {local_task_job_runner.py:266} INFO - Task exited with return code 0
[2024-11-22T08:35:02.786+0000] {taskinstance.py:3895} INFO - 1 downstream tasks scheduled from follow-on schedule check
[2024-11-22T08:35:02.787+0000] {local_task_job_runner.py:245} INFO - ::endgroup::
