[2024-11-22T06:20:58.853+0000] {local_task_job_runner.py:123} INFO - ::group::Pre task execution logs
[2024-11-22T06:20:58.865+0000] {taskinstance.py:2613} INFO - Dependencies all met for dep_context=non-requeueable deps ti=<TaskInstance: weather_stock_prediction.load_prediction_postgres manual__2024-11-22T06:15:40.421682+00:00 [queued]>
[2024-11-22T06:20:58.872+0000] {taskinstance.py:2613} INFO - Dependencies all met for dep_context=requeueable deps ti=<TaskInstance: weather_stock_prediction.load_prediction_postgres manual__2024-11-22T06:15:40.421682+00:00 [queued]>
[2024-11-22T06:20:58.872+0000] {taskinstance.py:2866} INFO - Starting attempt 1 of 2
[2024-11-22T06:20:58.878+0000] {taskinstance.py:2889} INFO - Executing <Task(PythonOperator): load_prediction_postgres> on 2024-11-22 06:15:40.421682+00:00
[2024-11-22T06:20:58.885+0000] {warnings.py:112} WARNING - /home/***/.local/lib/python3.12/site-packages/***/task/task_runner/standard_task_runner.py:70: DeprecationWarning: This process (pid=5943) is multi-threaded, use of fork() may lead to deadlocks in the child.
  pid = os.fork()

[2024-11-22T06:20:58.886+0000] {standard_task_runner.py:72} INFO - Started process 5954 to run task
[2024-11-22T06:20:58.888+0000] {standard_task_runner.py:104} INFO - Running: ['***', 'tasks', 'run', 'weather_stock_prediction', 'load_prediction_postgres', 'manual__2024-11-22T06:15:40.421682+00:00', '--job-id', '646', '--raw', '--subdir', 'DAGS_FOLDER/dag.py', '--cfg-path', '/tmp/tmpljatco5w']
[2024-11-22T06:20:58.889+0000] {standard_task_runner.py:105} INFO - Job 646: Subtask load_prediction_postgres
[2024-11-22T06:20:58.919+0000] {task_command.py:467} INFO - Running <TaskInstance: weather_stock_prediction.load_prediction_postgres manual__2024-11-22T06:15:40.421682+00:00 [running]> on host cba1e82f0ade
[2024-11-22T06:20:58.985+0000] {taskinstance.py:3132} INFO - Exporting env vars: AIRFLOW_CTX_DAG_OWNER='***' AIRFLOW_CTX_DAG_ID='weather_stock_prediction' AIRFLOW_CTX_TASK_ID='load_prediction_postgres' AIRFLOW_CTX_EXECUTION_DATE='2024-11-22T06:15:40.421682+00:00' AIRFLOW_CTX_TRY_NUMBER='1' AIRFLOW_CTX_DAG_RUN_ID='manual__2024-11-22T06:15:40.421682+00:00'
[2024-11-22T06:20:58.993+0000] {logging_mixin.py:190} INFO - Task instance is in running state
[2024-11-22T06:20:58.994+0000] {logging_mixin.py:190} INFO -  Previous state of the Task instance: queued
[2024-11-22T06:20:58.997+0000] {logging_mixin.py:190} INFO - Current task name:load_prediction_postgres state:running start_date:2024-11-22 06:20:58.866738+00:00
[2024-11-22T06:20:59.001+0000] {logging_mixin.py:190} INFO - Dag name:weather_stock_prediction and current dag run status:running
[2024-11-22T06:20:59.004+0000] {taskinstance.py:731} INFO - ::endgroup::
[2024-11-22T06:20:59.069+0000] {base.py:84} INFO - Retrieving connection 'asdfg'
[2024-11-22T06:20:59.071+0000] {sql.py:544} INFO - Running statement: 
    INSERT INTO predictions (date, temperature, min_temperature, max_temperature, humidity, wind_speed, price)
    VALUES (%s, %s, %s, %s, %s, %s, %s)
    , parameters: ('2024-11-21', 15.35, 14.22, 15.95, 76, 10.89, 227.77724305185254)
[2024-11-22T06:20:59.077+0000] {sql.py:553} INFO - Rows affected: 1
[2024-11-22T06:20:59.079+0000] {sql.py:544} INFO - Running statement: 
    INSERT INTO predictions (date, temperature, min_temperature, max_temperature, humidity, wind_speed, price)
    VALUES (%s, %s, %s, %s, %s, %s, %s)
    , parameters: ('2024-11-22', 14.94, 12.33, 15.49, 85, 9.04, 213.07765760951705)
[2024-11-22T06:20:59.079+0000] {sql.py:553} INFO - Rows affected: 1
[2024-11-22T06:20:59.081+0000] {sql.py:544} INFO - Running statement: 
    INSERT INTO predictions (date, temperature, min_temperature, max_temperature, humidity, wind_speed, price)
    VALUES (%s, %s, %s, %s, %s, %s, %s)
    , parameters: ('2024-11-23', 13.3, 11.05, 13.41, 74, 4.91, 204.31691170712412)
[2024-11-22T06:20:59.081+0000] {sql.py:553} INFO - Rows affected: 1
[2024-11-22T06:20:59.083+0000] {sql.py:544} INFO - Running statement: 
    INSERT INTO predictions (date, temperature, min_temperature, max_temperature, humidity, wind_speed, price)
    VALUES (%s, %s, %s, %s, %s, %s, %s)
    , parameters: ('2024-11-24', 12.75, 10.15, 13.37, 61, 6.3, 203.6577028737398)
[2024-11-22T06:20:59.084+0000] {sql.py:553} INFO - Rows affected: 1
[2024-11-22T06:20:59.086+0000] {sql.py:544} INFO - Running statement: 
    INSERT INTO predictions (date, temperature, min_temperature, max_temperature, humidity, wind_speed, price)
    VALUES (%s, %s, %s, %s, %s, %s, %s)
    , parameters: ('2024-11-25', 12.84, 11.19, 14.17, 69, 6.67, 209.59643653832427)
[2024-11-22T06:20:59.086+0000] {sql.py:553} INFO - Rows affected: 1
[2024-11-22T06:20:59.088+0000] {sql.py:544} INFO - Running statement: 
    INSERT INTO predictions (date, temperature, min_temperature, max_temperature, humidity, wind_speed, price)
    VALUES (%s, %s, %s, %s, %s, %s, %s)
    , parameters: ('2024-11-26', 12.23, 11.52, 13.06, 83, 4.29, 206.85631916521112)
[2024-11-22T06:20:59.088+0000] {sql.py:553} INFO - Rows affected: 1
[2024-11-22T06:20:59.090+0000] {sql.py:544} INFO - Running statement: 
    INSERT INTO predictions (date, temperature, min_temperature, max_temperature, humidity, wind_speed, price)
    VALUES (%s, %s, %s, %s, %s, %s, %s)
    , parameters: ('2024-11-27', 11.72, 10.1, 13.46, 57, 3.82, 203.76281516742267)
[2024-11-22T06:20:59.090+0000] {sql.py:553} INFO - Rows affected: 1
[2024-11-22T06:20:59.092+0000] {sql.py:544} INFO - Running statement: 
    INSERT INTO predictions (date, temperature, min_temperature, max_temperature, humidity, wind_speed, price)
    VALUES (%s, %s, %s, %s, %s, %s, %s)
    , parameters: ('2024-11-28', 10.73, 9.12, 13.75, 58, 3.96, 200.08047928187048)
[2024-11-22T06:20:59.092+0000] {sql.py:553} INFO - Rows affected: 1
[2024-11-22T06:20:59.095+0000] {sql.py:544} INFO - Running statement: 
    INSERT INTO predictions (date, temperature, min_temperature, max_temperature, humidity, wind_speed, price)
    VALUES (%s, %s, %s, %s, %s, %s, %s)
    , parameters: ('2024-11-29', 10.74, 8.87, 14.05, 57, 3.99, 199.03201222817228)
[2024-11-22T06:20:59.095+0000] {sql.py:553} INFO - Rows affected: 1
[2024-11-22T06:20:59.098+0000] {sql.py:544} INFO - Running statement: 
    INSERT INTO predictions (date, temperature, min_temperature, max_temperature, humidity, wind_speed, price)
    VALUES (%s, %s, %s, %s, %s, %s, %s)
    , parameters: ('2024-11-30', 11.19, 9.07, 14.47, 57, 4.05, 199.79265713406465)
[2024-11-22T06:20:59.099+0000] {sql.py:553} INFO - Rows affected: 1
[2024-11-22T06:20:59.102+0000] {sql.py:544} INFO - Running statement: 
    INSERT INTO predictions (date, temperature, min_temperature, max_temperature, humidity, wind_speed, price)
    VALUES (%s, %s, %s, %s, %s, %s, %s)
    , parameters: ('2024-12-01', 11.87, 9.72, 14.95, 55, 4.15, 203.2888300322126)
[2024-11-22T06:20:59.102+0000] {sql.py:553} INFO - Rows affected: 1
[2024-11-22T06:20:59.103+0000] {sql.py:544} INFO - Running statement: 
    INSERT INTO predictions (date, temperature, min_temperature, max_temperature, humidity, wind_speed, price)
    VALUES (%s, %s, %s, %s, %s, %s, %s)
    , parameters: ('2024-12-02', 11.96, 10.39, 14.52, 54, 3.48, 206.27364554970765)
[2024-11-22T06:20:59.104+0000] {sql.py:553} INFO - Rows affected: 1
[2024-11-22T06:20:59.105+0000] {sql.py:544} INFO - Running statement: 
    INSERT INTO predictions (date, temperature, min_temperature, max_temperature, humidity, wind_speed, price)
    VALUES (%s, %s, %s, %s, %s, %s, %s)
    , parameters: ('2024-12-03', 12.07, 10.02, 15.0, 54, 3.66, 204.43344810772032)
[2024-11-22T06:20:59.106+0000] {sql.py:553} INFO - Rows affected: 1
[2024-11-22T06:20:59.107+0000] {sql.py:544} INFO - Running statement: 
    INSERT INTO predictions (date, temperature, min_temperature, max_temperature, humidity, wind_speed, price)
    VALUES (%s, %s, %s, %s, %s, %s, %s)
    , parameters: ('2024-12-04', 15.04, 10.47, 15.55, 47, 3.74, 202.8377086896627)
[2024-11-22T06:20:59.107+0000] {sql.py:553} INFO - Rows affected: 1
[2024-11-22T06:20:59.109+0000] {sql.py:544} INFO - Running statement: 
    INSERT INTO predictions (date, temperature, min_temperature, max_temperature, humidity, wind_speed, price)
    VALUES (%s, %s, %s, %s, %s, %s, %s)
    , parameters: ('2024-12-05', 15.66, 11.17, 15.66, 45, 3.19, 205.73120550903857)
[2024-11-22T06:20:59.109+0000] {sql.py:553} INFO - Rows affected: 1
[2024-11-22T06:20:59.111+0000] {sql.py:544} INFO - Running statement: 
    INSERT INTO predictions (date, temperature, min_temperature, max_temperature, humidity, wind_speed, price)
    VALUES (%s, %s, %s, %s, %s, %s, %s)
    , parameters: ('2024-12-06', 15.9, 11.47, 16.08, 49, 2.99, 206.56528597104978)
[2024-11-22T06:20:59.111+0000] {sql.py:553} INFO - Rows affected: 1
[2024-11-22T06:20:59.112+0000] {python.py:240} INFO - Done. Returned value was: None
[2024-11-22T06:20:59.116+0000] {taskinstance.py:340} INFO - ::group::Post task execution logs
[2024-11-22T06:20:59.116+0000] {taskinstance.py:352} INFO - Marking task as SUCCESS. dag_id=weather_stock_prediction, task_id=load_prediction_postgres, run_id=manual__2024-11-22T06:15:40.421682+00:00, execution_date=20241122T061540, start_date=20241122T062058, end_date=20241122T062059
[2024-11-22T06:20:59.120+0000] {logging_mixin.py:190} INFO - Task instance in success state
[2024-11-22T06:20:59.121+0000] {logging_mixin.py:190} INFO -  Previous state of the Task instance: running
[2024-11-22T06:20:59.121+0000] {logging_mixin.py:190} INFO - Dag name:weather_stock_prediction queued_at:2024-11-22 06:15:40.440180+00:00
[2024-11-22T06:20:59.121+0000] {logging_mixin.py:190} INFO - Task hostname:cba1e82f0ade operator:PythonOperator
[2024-11-22T06:20:59.159+0000] {local_task_job_runner.py:266} INFO - Task exited with return code 0
[2024-11-22T06:20:59.168+0000] {taskinstance.py:3895} INFO - 0 downstream tasks scheduled from follow-on schedule check
[2024-11-22T06:20:59.168+0000] {local_task_job_runner.py:245} INFO - ::endgroup::
