[2024-11-22T09:00:22.115+0000] {local_task_job_runner.py:123} INFO - ::group::Pre task execution logs
[2024-11-22T09:00:22.129+0000] {taskinstance.py:2613} INFO - Dependencies all met for dep_context=non-requeueable deps ti=<TaskInstance: weather_stock_prediction.add_data manual__2024-11-22T09:00:11.152537+00:00 [queued]>
[2024-11-22T09:00:22.136+0000] {taskinstance.py:2613} INFO - Dependencies all met for dep_context=requeueable deps ti=<TaskInstance: weather_stock_prediction.add_data manual__2024-11-22T09:00:11.152537+00:00 [queued]>
[2024-11-22T09:00:22.137+0000] {taskinstance.py:2866} INFO - Starting attempt 1 of 2
[2024-11-22T09:00:22.146+0000] {taskinstance.py:2889} INFO - Executing <Task(PythonOperator): add_data> on 2024-11-22 09:00:11.152537+00:00
[2024-11-22T09:00:22.156+0000] {warnings.py:112} WARNING - /home/***/.local/lib/python3.12/site-packages/***/task/task_runner/standard_task_runner.py:70: DeprecationWarning: This process (pid=19935) is multi-threaded, use of fork() may lead to deadlocks in the child.
  pid = os.fork()

[2024-11-22T09:00:22.158+0000] {standard_task_runner.py:72} INFO - Started process 19956 to run task
[2024-11-22T09:00:22.159+0000] {standard_task_runner.py:104} INFO - Running: ['***', 'tasks', 'run', 'weather_stock_prediction', 'add_data', 'manual__2024-11-22T09:00:11.152537+00:00', '--job-id', '1502', '--raw', '--subdir', 'DAGS_FOLDER/dag.py', '--cfg-path', '/tmp/tmpkrhlcpk1']
[2024-11-22T09:00:22.160+0000] {standard_task_runner.py:105} INFO - Job 1502: Subtask add_data
[2024-11-22T09:00:22.212+0000] {task_command.py:467} INFO - Running <TaskInstance: weather_stock_prediction.add_data manual__2024-11-22T09:00:11.152537+00:00 [running]> on host cba1e82f0ade
[2024-11-22T09:00:22.251+0000] {taskinstance.py:3132} INFO - Exporting env vars: AIRFLOW_CTX_DAG_OWNER='***' AIRFLOW_CTX_DAG_ID='weather_stock_prediction' AIRFLOW_CTX_TASK_ID='add_data' AIRFLOW_CTX_EXECUTION_DATE='2024-11-22T09:00:11.152537+00:00' AIRFLOW_CTX_TRY_NUMBER='1' AIRFLOW_CTX_DAG_RUN_ID='manual__2024-11-22T09:00:11.152537+00:00'
[2024-11-22T09:00:22.252+0000] {logging_mixin.py:190} INFO - Task instance is in running state
[2024-11-22T09:00:22.252+0000] {logging_mixin.py:190} INFO -  Previous state of the Task instance: queued
[2024-11-22T09:00:22.252+0000] {logging_mixin.py:190} INFO - Current task name:add_data state:running start_date:2024-11-22 09:00:22.130059+00:00
[2024-11-22T09:00:22.252+0000] {logging_mixin.py:190} INFO - Dag name:weather_stock_prediction and current dag run status:running
[2024-11-22T09:00:22.252+0000] {taskinstance.py:731} INFO - ::endgroup::
[2024-11-22T09:00:22.263+0000] {warnings.py:112} WARNING - /opt/***/dags/dag.py:227: FutureWarning: Passing literal json to 'read_json' is deprecated and will be removed in a future version. To read from a literal string, wrap it in a 'StringIO' object.
  data = pd.read_json(data_json)

[2024-11-22T09:00:22.289+0000] {warnings.py:112} WARNING - /opt/***/dags/dag.py:228: FutureWarning: Passing literal json to 'read_json' is deprecated and will be removed in a future version. To read from a literal string, wrap it in a 'StringIO' object.
  postgres_data = pd.read_json(postgres_data_json)

[2024-11-22T09:00:22.293+0000] {warnings.py:112} WARNING - /opt/***/dags/dag.py:231: FutureWarning: The behavior of DataFrame concatenation with empty or all-NA entries is deprecated. In a future version, this will no longer exclude empty or all-NA columns when determining the result dtypes. To retain the old behavior, exclude the relevant entries before the concat operation.
  combined_df = pd.concat([data, postgres_data], ignore_index=True)

[2024-11-22T09:00:22.324+0000] {python.py:240} INFO - Done. Returned value was: None
[2024-11-22T09:00:22.329+0000] {taskinstance.py:340} INFO - ::group::Post task execution logs
[2024-11-22T09:00:22.329+0000] {taskinstance.py:352} INFO - Marking task as SUCCESS. dag_id=weather_stock_prediction, task_id=add_data, run_id=manual__2024-11-22T09:00:11.152537+00:00, execution_date=20241122T090011, start_date=20241122T090022, end_date=20241122T090022
[2024-11-22T09:00:22.334+0000] {logging_mixin.py:190} INFO - Task instance in success state
[2024-11-22T09:00:22.334+0000] {logging_mixin.py:190} INFO -  Previous state of the Task instance: running
[2024-11-22T09:00:22.334+0000] {logging_mixin.py:190} INFO - Dag name:weather_stock_prediction queued_at:2024-11-22 09:00:11.160017+00:00
[2024-11-22T09:00:22.334+0000] {logging_mixin.py:190} INFO - Task hostname:cba1e82f0ade operator:PythonOperator
[2024-11-22T09:00:22.346+0000] {local_task_job_runner.py:266} INFO - Task exited with return code 0
[2024-11-22T09:00:22.355+0000] {local_task_job_runner.py:245} INFO - ::endgroup::
