[2024-11-22T08:53:31.919+0000] {local_task_job_runner.py:123} INFO - ::group::Pre task execution logs
[2024-11-22T08:53:31.934+0000] {taskinstance.py:2613} INFO - Dependencies all met for dep_context=non-requeueable deps ti=<TaskInstance: weather_stock_prediction.fetch_data manual__2024-11-22T08:53:29.618789+00:00 [queued]>
[2024-11-22T08:53:31.955+0000] {taskinstance.py:2613} INFO - Dependencies all met for dep_context=requeueable deps ti=<TaskInstance: weather_stock_prediction.fetch_data manual__2024-11-22T08:53:29.618789+00:00 [queued]>
[2024-11-22T08:53:31.956+0000] {taskinstance.py:2866} INFO - Starting attempt 1 of 2
[2024-11-22T08:53:31.967+0000] {taskinstance.py:2889} INFO - Executing <Task(PythonOperator): fetch_data> on 2024-11-22 08:53:29.618789+00:00
[2024-11-22T08:53:31.977+0000] {warnings.py:112} WARNING - /home/***/.local/lib/python3.12/site-packages/***/task/task_runner/standard_task_runner.py:70: DeprecationWarning: This process (pid=18841) is multi-threaded, use of fork() may lead to deadlocks in the child.
  pid = os.fork()

[2024-11-22T08:53:31.979+0000] {standard_task_runner.py:72} INFO - Started process 18904 to run task
[2024-11-22T08:53:31.981+0000] {standard_task_runner.py:104} INFO - Running: ['***', 'tasks', 'run', 'weather_stock_prediction', 'fetch_data', 'manual__2024-11-22T08:53:29.618789+00:00', '--job-id', '1429', '--raw', '--subdir', 'DAGS_FOLDER/dag.py', '--cfg-path', '/tmp/tmp87ebp21_']
[2024-11-22T08:53:31.982+0000] {standard_task_runner.py:105} INFO - Job 1429: Subtask fetch_data
[2024-11-22T08:53:32.122+0000] {task_command.py:467} INFO - Running <TaskInstance: weather_stock_prediction.fetch_data manual__2024-11-22T08:53:29.618789+00:00 [running]> on host cba1e82f0ade
[2024-11-22T08:53:32.196+0000] {taskinstance.py:3132} INFO - Exporting env vars: AIRFLOW_CTX_DAG_OWNER='***' AIRFLOW_CTX_DAG_ID='weather_stock_prediction' AIRFLOW_CTX_TASK_ID='fetch_data' AIRFLOW_CTX_EXECUTION_DATE='2024-11-22T08:53:29.618789+00:00' AIRFLOW_CTX_TRY_NUMBER='1' AIRFLOW_CTX_DAG_RUN_ID='manual__2024-11-22T08:53:29.618789+00:00'
[2024-11-22T08:53:32.198+0000] {logging_mixin.py:190} INFO - Task instance is in running state
[2024-11-22T08:53:32.199+0000] {logging_mixin.py:190} INFO -  Previous state of the Task instance: queued
[2024-11-22T08:53:32.200+0000] {logging_mixin.py:190} INFO - Current task name:fetch_data state:running start_date:2024-11-22 08:53:31.935941+00:00
[2024-11-22T08:53:32.201+0000] {logging_mixin.py:190} INFO - Dag name:weather_stock_prediction and current dag run status:running
[2024-11-22T08:53:32.202+0000] {taskinstance.py:731} INFO - ::endgroup::
[2024-11-22T08:53:32.212+0000] {base.py:84} INFO - Retrieving connection 'qwer'
[2024-11-22T08:53:32.263+0000] {python.py:240} INFO - Done. Returned value was: None
[2024-11-22T08:53:32.272+0000] {taskinstance.py:340} INFO - ::group::Post task execution logs
[2024-11-22T08:53:32.272+0000] {taskinstance.py:352} INFO - Marking task as SUCCESS. dag_id=weather_stock_prediction, task_id=fetch_data, run_id=manual__2024-11-22T08:53:29.618789+00:00, execution_date=20241122T085329, start_date=20241122T085331, end_date=20241122T085332
[2024-11-22T08:53:32.282+0000] {logging_mixin.py:190} INFO - Task instance in success state
[2024-11-22T08:53:32.283+0000] {logging_mixin.py:190} INFO -  Previous state of the Task instance: running
[2024-11-22T08:53:32.283+0000] {logging_mixin.py:190} INFO - Dag name:weather_stock_prediction queued_at:2024-11-22 08:53:29.625889+00:00
[2024-11-22T08:53:32.283+0000] {logging_mixin.py:190} INFO - Task hostname:cba1e82f0ade operator:PythonOperator
[2024-11-22T08:53:32.302+0000] {local_task_job_runner.py:266} INFO - Task exited with return code 0
[2024-11-22T08:53:32.310+0000] {local_task_job_runner.py:245} INFO - ::endgroup::
