[2024-11-22T09:05:21.173+0000] {local_task_job_runner.py:123} INFO - ::group::Pre task execution logs
[2024-11-22T09:05:21.182+0000] {taskinstance.py:2613} INFO - Dependencies all met for dep_context=non-requeueable deps ti=<TaskInstance: weather_stock_prediction.fetch_data manual__2024-11-22T09:05:18.341443+00:00 [queued]>
[2024-11-22T09:05:21.189+0000] {taskinstance.py:2613} INFO - Dependencies all met for dep_context=requeueable deps ti=<TaskInstance: weather_stock_prediction.fetch_data manual__2024-11-22T09:05:18.341443+00:00 [queued]>
[2024-11-22T09:05:21.191+0000] {taskinstance.py:2866} INFO - Starting attempt 1 of 2
[2024-11-22T09:05:21.199+0000] {taskinstance.py:2889} INFO - Executing <Task(PythonOperator): fetch_data> on 2024-11-22 09:05:18.341443+00:00
[2024-11-22T09:05:21.205+0000] {warnings.py:112} WARNING - /home/***/.local/lib/python3.12/site-packages/***/task/task_runner/standard_task_runner.py:70: DeprecationWarning: This process (pid=20332) is multi-threaded, use of fork() may lead to deadlocks in the child.
  pid = os.fork()

[2024-11-22T09:05:21.207+0000] {standard_task_runner.py:72} INFO - Started process 20402 to run task
[2024-11-22T09:05:21.207+0000] {standard_task_runner.py:104} INFO - Running: ['***', 'tasks', 'run', 'weather_stock_prediction', 'fetch_data', 'manual__2024-11-22T09:05:18.341443+00:00', '--job-id', '1528', '--raw', '--subdir', 'DAGS_FOLDER/dag.py', '--cfg-path', '/tmp/tmptcqfa4g3']
[2024-11-22T09:05:21.209+0000] {standard_task_runner.py:105} INFO - Job 1528: Subtask fetch_data
[2024-11-22T09:05:21.257+0000] {task_command.py:467} INFO - Running <TaskInstance: weather_stock_prediction.fetch_data manual__2024-11-22T09:05:18.341443+00:00 [running]> on host cba1e82f0ade
[2024-11-22T09:05:21.340+0000] {taskinstance.py:3132} INFO - Exporting env vars: AIRFLOW_CTX_DAG_OWNER='***' AIRFLOW_CTX_DAG_ID='weather_stock_prediction' AIRFLOW_CTX_TASK_ID='fetch_data' AIRFLOW_CTX_EXECUTION_DATE='2024-11-22T09:05:18.341443+00:00' AIRFLOW_CTX_TRY_NUMBER='1' AIRFLOW_CTX_DAG_RUN_ID='manual__2024-11-22T09:05:18.341443+00:00'
[2024-11-22T09:05:21.342+0000] {logging_mixin.py:190} INFO - Task instance is in running state
[2024-11-22T09:05:21.343+0000] {logging_mixin.py:190} INFO -  Previous state of the Task instance: queued
[2024-11-22T09:05:21.343+0000] {logging_mixin.py:190} INFO - Current task name:fetch_data state:running start_date:2024-11-22 09:05:21.182690+00:00
[2024-11-22T09:05:21.343+0000] {logging_mixin.py:190} INFO - Dag name:weather_stock_prediction and current dag run status:running
[2024-11-22T09:05:21.344+0000] {taskinstance.py:731} INFO - ::endgroup::
[2024-11-22T09:05:21.352+0000] {base.py:84} INFO - Retrieving connection 'qwer'
[2024-11-22T09:05:21.395+0000] {python.py:240} INFO - Done. Returned value was: None
[2024-11-22T09:05:21.402+0000] {taskinstance.py:340} INFO - ::group::Post task execution logs
[2024-11-22T09:05:21.403+0000] {taskinstance.py:352} INFO - Marking task as SUCCESS. dag_id=weather_stock_prediction, task_id=fetch_data, run_id=manual__2024-11-22T09:05:18.341443+00:00, execution_date=20241122T090518, start_date=20241122T090521, end_date=20241122T090521
[2024-11-22T09:05:21.408+0000] {logging_mixin.py:190} INFO - Task instance in success state
[2024-11-22T09:05:21.408+0000] {logging_mixin.py:190} INFO -  Previous state of the Task instance: running
[2024-11-22T09:05:21.408+0000] {logging_mixin.py:190} INFO - Dag name:weather_stock_prediction queued_at:2024-11-22 09:05:18.348890+00:00
[2024-11-22T09:05:21.409+0000] {logging_mixin.py:190} INFO - Task hostname:cba1e82f0ade operator:PythonOperator
[2024-11-22T09:05:21.431+0000] {local_task_job_runner.py:266} INFO - Task exited with return code 0
[2024-11-22T09:05:21.442+0000] {local_task_job_runner.py:245} INFO - ::endgroup::
