[2024-11-22T08:25:03.635+0000] {local_task_job_runner.py:123} INFO - ::group::Pre task execution logs
[2024-11-22T08:25:03.651+0000] {taskinstance.py:2613} INFO - Dependencies all met for dep_context=non-requeueable deps ti=<TaskInstance: weather_stock_prediction.fetch_data manual__2024-11-22T08:25:01.173599+00:00 [queued]>
[2024-11-22T08:25:03.659+0000] {taskinstance.py:2613} INFO - Dependencies all met for dep_context=requeueable deps ti=<TaskInstance: weather_stock_prediction.fetch_data manual__2024-11-22T08:25:01.173599+00:00 [queued]>
[2024-11-22T08:25:03.659+0000] {taskinstance.py:2866} INFO - Starting attempt 1 of 2
[2024-11-22T08:25:03.669+0000] {taskinstance.py:2889} INFO - Executing <Task(PythonOperator): fetch_data> on 2024-11-22 08:25:01.173599+00:00
[2024-11-22T08:25:03.676+0000] {warnings.py:112} WARNING - /home/***/.local/lib/python3.12/site-packages/***/task/task_runner/standard_task_runner.py:70: DeprecationWarning: This process (pid=15924) is multi-threaded, use of fork() may lead to deadlocks in the child.
  pid = os.fork()

[2024-11-22T08:25:03.677+0000] {standard_task_runner.py:72} INFO - Started process 15995 to run task
[2024-11-22T08:25:03.678+0000] {standard_task_runner.py:104} INFO - Running: ['***', 'tasks', 'run', 'weather_stock_prediction', 'fetch_data', 'manual__2024-11-22T08:25:01.173599+00:00', '--job-id', '1245', '--raw', '--subdir', 'DAGS_FOLDER/dag.py', '--cfg-path', '/tmp/tmpi_e2uwa5']
[2024-11-22T08:25:03.679+0000] {standard_task_runner.py:105} INFO - Job 1245: Subtask fetch_data
[2024-11-22T08:25:03.715+0000] {task_command.py:467} INFO - Running <TaskInstance: weather_stock_prediction.fetch_data manual__2024-11-22T08:25:01.173599+00:00 [running]> on host cba1e82f0ade
[2024-11-22T08:25:03.770+0000] {taskinstance.py:3132} INFO - Exporting env vars: AIRFLOW_CTX_DAG_OWNER='***' AIRFLOW_CTX_DAG_ID='weather_stock_prediction' AIRFLOW_CTX_TASK_ID='fetch_data' AIRFLOW_CTX_EXECUTION_DATE='2024-11-22T08:25:01.173599+00:00' AIRFLOW_CTX_TRY_NUMBER='1' AIRFLOW_CTX_DAG_RUN_ID='manual__2024-11-22T08:25:01.173599+00:00'
[2024-11-22T08:25:03.772+0000] {logging_mixin.py:190} INFO - Task instance is in running state
[2024-11-22T08:25:03.773+0000] {logging_mixin.py:190} INFO -  Previous state of the Task instance: queued
[2024-11-22T08:25:03.774+0000] {logging_mixin.py:190} INFO - Current task name:fetch_data state:running start_date:2024-11-22 08:25:03.652394+00:00
[2024-11-22T08:25:03.774+0000] {logging_mixin.py:190} INFO - Dag name:weather_stock_prediction and current dag run status:running
[2024-11-22T08:25:03.774+0000] {taskinstance.py:731} INFO - ::endgroup::
[2024-11-22T08:25:03.781+0000] {base.py:84} INFO - Retrieving connection 'qwer'
[2024-11-22T08:25:03.813+0000] {python.py:240} INFO - Done. Returned value was: None
[2024-11-22T08:25:03.819+0000] {taskinstance.py:340} INFO - ::group::Post task execution logs
[2024-11-22T08:25:03.819+0000] {taskinstance.py:352} INFO - Marking task as SUCCESS. dag_id=weather_stock_prediction, task_id=fetch_data, run_id=manual__2024-11-22T08:25:01.173599+00:00, execution_date=20241122T082501, start_date=20241122T082503, end_date=20241122T082503
[2024-11-22T08:25:03.825+0000] {logging_mixin.py:190} INFO - Task instance in success state
[2024-11-22T08:25:03.826+0000] {logging_mixin.py:190} INFO -  Previous state of the Task instance: running
[2024-11-22T08:25:03.826+0000] {logging_mixin.py:190} INFO - Dag name:weather_stock_prediction queued_at:2024-11-22 08:25:01.199698+00:00
[2024-11-22T08:25:03.826+0000] {logging_mixin.py:190} INFO - Task hostname:cba1e82f0ade operator:PythonOperator
[2024-11-22T08:25:03.861+0000] {local_task_job_runner.py:266} INFO - Task exited with return code 0
[2024-11-22T08:25:03.873+0000] {taskinstance.py:3895} INFO - 0 downstream tasks scheduled from follow-on schedule check
[2024-11-22T08:25:03.874+0000] {local_task_job_runner.py:245} INFO - ::endgroup::
