[2024-11-22T06:21:06.964+0000] {local_task_job_runner.py:123} INFO - ::group::Pre task execution logs
[2024-11-22T06:21:06.989+0000] {taskinstance.py:2613} INFO - Dependencies all met for dep_context=non-requeueable deps ti=<TaskInstance: weather_stock_prediction.predict_prices manual__2024-11-22T06:05:49.187723+00:00 [queued]>
[2024-11-22T06:21:06.998+0000] {taskinstance.py:2613} INFO - Dependencies all met for dep_context=requeueable deps ti=<TaskInstance: weather_stock_prediction.predict_prices manual__2024-11-22T06:05:49.187723+00:00 [queued]>
[2024-11-22T06:21:06.998+0000] {taskinstance.py:2866} INFO - Starting attempt 2 of 2
[2024-11-22T06:21:07.023+0000] {taskinstance.py:2889} INFO - Executing <Task(PythonOperator): predict_prices> on 2024-11-22 06:05:49.187723+00:00
[2024-11-22T06:21:07.041+0000] {warnings.py:112} WARNING - /home/***/.local/lib/python3.12/site-packages/***/task/task_runner/standard_task_runner.py:70: DeprecationWarning: This process (pid=5970) is multi-threaded, use of fork() may lead to deadlocks in the child.
  pid = os.fork()

[2024-11-22T06:21:07.043+0000] {standard_task_runner.py:72} INFO - Started process 6052 to run task
[2024-11-22T06:21:07.045+0000] {standard_task_runner.py:104} INFO - Running: ['***', 'tasks', 'run', 'weather_stock_prediction', 'predict_prices', 'manual__2024-11-22T06:05:49.187723+00:00', '--job-id', '652', '--raw', '--subdir', 'DAGS_FOLDER/dag.py', '--cfg-path', '/tmp/tmpbk0v9csb']
[2024-11-22T06:21:07.051+0000] {standard_task_runner.py:105} INFO - Job 652: Subtask predict_prices
[2024-11-22T06:21:07.154+0000] {task_command.py:467} INFO - Running <TaskInstance: weather_stock_prediction.predict_prices manual__2024-11-22T06:05:49.187723+00:00 [running]> on host cba1e82f0ade
[2024-11-22T06:21:07.282+0000] {taskinstance.py:3132} INFO - Exporting env vars: AIRFLOW_CTX_DAG_OWNER='***' AIRFLOW_CTX_DAG_ID='weather_stock_prediction' AIRFLOW_CTX_TASK_ID='predict_prices' AIRFLOW_CTX_EXECUTION_DATE='2024-11-22T06:05:49.187723+00:00' AIRFLOW_CTX_TRY_NUMBER='2' AIRFLOW_CTX_DAG_RUN_ID='manual__2024-11-22T06:05:49.187723+00:00'
[2024-11-22T06:21:07.284+0000] {logging_mixin.py:190} INFO - Task instance is in running state
[2024-11-22T06:21:07.284+0000] {logging_mixin.py:190} INFO -  Previous state of the Task instance: queued
[2024-11-22T06:21:07.285+0000] {logging_mixin.py:190} INFO - Current task name:predict_prices state:running start_date:2024-11-22 06:21:06.990123+00:00
[2024-11-22T06:21:07.285+0000] {logging_mixin.py:190} INFO - Dag name:weather_stock_prediction and current dag run status:running
[2024-11-22T06:21:07.286+0000] {taskinstance.py:731} INFO - ::endgroup::
[2024-11-22T06:21:07.394+0000] {python.py:240} INFO - Done. Returned value was: None
[2024-11-22T06:21:07.406+0000] {taskinstance.py:340} INFO - ::group::Post task execution logs
[2024-11-22T06:21:07.407+0000] {taskinstance.py:352} INFO - Marking task as SUCCESS. dag_id=weather_stock_prediction, task_id=predict_prices, run_id=manual__2024-11-22T06:05:49.187723+00:00, execution_date=20241122T060549, start_date=20241122T062106, end_date=20241122T062107
[2024-11-22T06:21:07.414+0000] {logging_mixin.py:190} INFO - Task instance in success state
[2024-11-22T06:21:07.414+0000] {logging_mixin.py:190} INFO -  Previous state of the Task instance: running
[2024-11-22T06:21:07.414+0000] {logging_mixin.py:190} INFO - Dag name:weather_stock_prediction queued_at:2024-11-22 06:05:49.201880+00:00
[2024-11-22T06:21:07.414+0000] {logging_mixin.py:190} INFO - Task hostname:cba1e82f0ade operator:PythonOperator
[2024-11-22T06:21:07.437+0000] {local_task_job_runner.py:266} INFO - Task exited with return code 0
[2024-11-22T06:21:07.455+0000] {taskinstance.py:3895} INFO - 1 downstream tasks scheduled from follow-on schedule check
[2024-11-22T06:21:07.456+0000] {local_task_job_runner.py:245} INFO - ::endgroup::
