[2024-11-22T09:14:09.484+0000] {local_task_job_runner.py:123} INFO - ::group::Pre task execution logs
[2024-11-22T09:14:09.493+0000] {taskinstance.py:2613} INFO - Dependencies all met for dep_context=non-requeueable deps ti=<TaskInstance: weather_stock_prediction.combine_data manual__2024-11-22T09:14:03.670838+00:00 [queued]>
[2024-11-22T09:14:09.496+0000] {taskinstance.py:2613} INFO - Dependencies all met for dep_context=requeueable deps ti=<TaskInstance: weather_stock_prediction.combine_data manual__2024-11-22T09:14:03.670838+00:00 [queued]>
[2024-11-22T09:14:09.497+0000] {taskinstance.py:2866} INFO - Starting attempt 1 of 2
[2024-11-22T09:14:09.501+0000] {taskinstance.py:2889} INFO - Executing <Task(PythonOperator): combine_data> on 2024-11-22 09:14:03.670838+00:00
[2024-11-22T09:14:09.506+0000] {warnings.py:112} WARNING - /home/***/.local/lib/python3.12/site-packages/***/task/task_runner/standard_task_runner.py:70: DeprecationWarning: This process (pid=21527) is multi-threaded, use of fork() may lead to deadlocks in the child.
  pid = os.fork()

[2024-11-22T09:14:09.507+0000] {standard_task_runner.py:72} INFO - Started process 21538 to run task
[2024-11-22T09:14:09.508+0000] {standard_task_runner.py:104} INFO - Running: ['***', 'tasks', 'run', 'weather_stock_prediction', 'combine_data', 'manual__2024-11-22T09:14:03.670838+00:00', '--job-id', '1601', '--raw', '--subdir', 'DAGS_FOLDER/dag.py', '--cfg-path', '/tmp/tmpghcl8f0f']
[2024-11-22T09:14:09.508+0000] {standard_task_runner.py:105} INFO - Job 1601: Subtask combine_data
[2024-11-22T09:14:09.533+0000] {task_command.py:467} INFO - Running <TaskInstance: weather_stock_prediction.combine_data manual__2024-11-22T09:14:03.670838+00:00 [running]> on host cba1e82f0ade
[2024-11-22T09:14:09.572+0000] {taskinstance.py:3132} INFO - Exporting env vars: AIRFLOW_CTX_DAG_OWNER='***' AIRFLOW_CTX_DAG_ID='weather_stock_prediction' AIRFLOW_CTX_TASK_ID='combine_data' AIRFLOW_CTX_EXECUTION_DATE='2024-11-22T09:14:03.670838+00:00' AIRFLOW_CTX_TRY_NUMBER='1' AIRFLOW_CTX_DAG_RUN_ID='manual__2024-11-22T09:14:03.670838+00:00'
[2024-11-22T09:14:09.573+0000] {logging_mixin.py:190} INFO - Task instance is in running state
[2024-11-22T09:14:09.573+0000] {logging_mixin.py:190} INFO -  Previous state of the Task instance: queued
[2024-11-22T09:14:09.573+0000] {logging_mixin.py:190} INFO - Current task name:combine_data state:running start_date:2024-11-22 09:14:09.494230+00:00
[2024-11-22T09:14:09.573+0000] {logging_mixin.py:190} INFO - Dag name:weather_stock_prediction and current dag run status:running
[2024-11-22T09:14:09.573+0000] {taskinstance.py:731} INFO - ::endgroup::
[2024-11-22T09:14:09.590+0000] {logging_mixin.py:190} INFO -         date   price
0 2024-11-21  228.52
[2024-11-22T09:14:09.593+0000] {logging_mixin.py:190} INFO -         date  temperature  ...  humidity  wind_speed
0 2024-11-22        15.63  ...        83        6.17

[1 rows x 6 columns]
[2024-11-22T09:14:09.594+0000] {logging_mixin.py:190} INFO - [228.52]
[2024-11-22T09:14:09.597+0000] {logging_mixin.py:190} INFO -         date  temperature  min_temperature  ...  humidity  wind_speed   price
0 2024-11-22        15.63            14.53  ...        83        6.17  228.52

[1 rows x 7 columns]
[2024-11-22T09:14:09.613+0000] {python.py:240} INFO - Done. Returned value was: None
[2024-11-22T09:14:09.617+0000] {taskinstance.py:340} INFO - ::group::Post task execution logs
[2024-11-22T09:14:09.617+0000] {taskinstance.py:352} INFO - Marking task as SUCCESS. dag_id=weather_stock_prediction, task_id=combine_data, run_id=manual__2024-11-22T09:14:03.670838+00:00, execution_date=20241122T091403, start_date=20241122T091409, end_date=20241122T091409
[2024-11-22T09:14:09.621+0000] {logging_mixin.py:190} INFO - Task instance in success state
[2024-11-22T09:14:09.621+0000] {logging_mixin.py:190} INFO -  Previous state of the Task instance: running
[2024-11-22T09:14:09.621+0000] {logging_mixin.py:190} INFO - Dag name:weather_stock_prediction queued_at:2024-11-22 09:14:03.681414+00:00
[2024-11-22T09:14:09.621+0000] {logging_mixin.py:190} INFO - Task hostname:cba1e82f0ade operator:PythonOperator
[2024-11-22T09:14:09.649+0000] {local_task_job_runner.py:266} INFO - Task exited with return code 0
[2024-11-22T09:14:09.661+0000] {taskinstance.py:3895} INFO - 1 downstream tasks scheduled from follow-on schedule check
[2024-11-22T09:14:09.662+0000] {local_task_job_runner.py:245} INFO - ::endgroup::
