[2024-11-22T06:17:44.707+0000] {local_task_job_runner.py:123} INFO - ::group::Pre task execution logs
[2024-11-22T06:17:44.713+0000] {taskinstance.py:2613} INFO - Dependencies all met for dep_context=non-requeueable deps ti=<TaskInstance: weather_stock_prediction.train_model manual__2024-11-22T06:17:32.490670+00:00 [queued]>
[2024-11-22T06:17:44.716+0000] {taskinstance.py:2613} INFO - Dependencies all met for dep_context=requeueable deps ti=<TaskInstance: weather_stock_prediction.train_model manual__2024-11-22T06:17:32.490670+00:00 [queued]>
[2024-11-22T06:17:44.716+0000] {taskinstance.py:2866} INFO - Starting attempt 1 of 2
[2024-11-22T06:17:44.720+0000] {taskinstance.py:2889} INFO - Executing <Task(PythonOperator): train_model> on 2024-11-22 06:17:32.490670+00:00
[2024-11-22T06:17:44.724+0000] {warnings.py:112} WARNING - /home/***/.local/lib/python3.12/site-packages/***/task/task_runner/standard_task_runner.py:70: DeprecationWarning: This process (pid=5294) is multi-threaded, use of fork() may lead to deadlocks in the child.
  pid = os.fork()

[2024-11-22T06:17:44.725+0000] {standard_task_runner.py:72} INFO - Started process 5305 to run task
[2024-11-22T06:17:44.726+0000] {standard_task_runner.py:104} INFO - Running: ['***', 'tasks', 'run', 'weather_stock_prediction', 'train_model', 'manual__2024-11-22T06:17:32.490670+00:00', '--job-id', '609', '--raw', '--subdir', 'DAGS_FOLDER/dag.py', '--cfg-path', '/tmp/tmp7gqqc5pv']
[2024-11-22T06:17:44.726+0000] {standard_task_runner.py:105} INFO - Job 609: Subtask train_model
[2024-11-22T06:17:44.744+0000] {task_command.py:467} INFO - Running <TaskInstance: weather_stock_prediction.train_model manual__2024-11-22T06:17:32.490670+00:00 [running]> on host cba1e82f0ade
[2024-11-22T06:17:44.769+0000] {taskinstance.py:3132} INFO - Exporting env vars: AIRFLOW_CTX_DAG_OWNER='***' AIRFLOW_CTX_DAG_ID='weather_stock_prediction' AIRFLOW_CTX_TASK_ID='train_model' AIRFLOW_CTX_EXECUTION_DATE='2024-11-22T06:17:32.490670+00:00' AIRFLOW_CTX_TRY_NUMBER='1' AIRFLOW_CTX_DAG_RUN_ID='manual__2024-11-22T06:17:32.490670+00:00'
[2024-11-22T06:17:44.770+0000] {logging_mixin.py:190} INFO - Task instance is in running state
[2024-11-22T06:17:44.770+0000] {logging_mixin.py:190} INFO -  Previous state of the Task instance: queued
[2024-11-22T06:17:44.770+0000] {logging_mixin.py:190} INFO - Current task name:train_model state:running start_date:2024-11-22 06:17:44.714043+00:00
[2024-11-22T06:17:44.770+0000] {logging_mixin.py:190} INFO - Dag name:weather_stock_prediction and current dag run status:running
[2024-11-22T06:17:44.770+0000] {taskinstance.py:731} INFO - ::endgroup::
[2024-11-22T06:17:44.791+0000] {logging_mixin.py:190} INFO - Mean Squared Error: 227.16070361395447
[2024-11-22T06:17:44.791+0000] {python.py:240} INFO - Done. Returned value was: None
[2024-11-22T06:17:44.795+0000] {taskinstance.py:340} INFO - ::group::Post task execution logs
[2024-11-22T06:17:44.795+0000] {taskinstance.py:352} INFO - Marking task as SUCCESS. dag_id=weather_stock_prediction, task_id=train_model, run_id=manual__2024-11-22T06:17:32.490670+00:00, execution_date=20241122T061732, start_date=20241122T061744, end_date=20241122T061744
[2024-11-22T06:17:44.798+0000] {logging_mixin.py:190} INFO - Task instance in success state
[2024-11-22T06:17:44.798+0000] {logging_mixin.py:190} INFO -  Previous state of the Task instance: running
[2024-11-22T06:17:44.798+0000] {logging_mixin.py:190} INFO - Dag name:weather_stock_prediction queued_at:2024-11-22 06:17:32.505187+00:00
[2024-11-22T06:17:44.798+0000] {logging_mixin.py:190} INFO - Task hostname:cba1e82f0ade operator:PythonOperator
[2024-11-22T06:17:44.825+0000] {local_task_job_runner.py:266} INFO - Task exited with return code 0
[2024-11-22T06:17:44.835+0000] {taskinstance.py:3895} INFO - 1 downstream tasks scheduled from follow-on schedule check
[2024-11-22T06:17:44.836+0000] {local_task_job_runner.py:245} INFO - ::endgroup::
