[2024-11-22T08:34:35.180+0000] {local_task_job_runner.py:123} INFO - ::group::Pre task execution logs
[2024-11-22T08:34:35.189+0000] {taskinstance.py:2613} INFO - Dependencies all met for dep_context=non-requeueable deps ti=<TaskInstance: weather_stock_prediction.get_stock_data manual__2024-11-22T08:34:32.480068+00:00 [queued]>
[2024-11-22T08:34:35.193+0000] {taskinstance.py:2613} INFO - Dependencies all met for dep_context=requeueable deps ti=<TaskInstance: weather_stock_prediction.get_stock_data manual__2024-11-22T08:34:32.480068+00:00 [queued]>
[2024-11-22T08:34:35.194+0000] {taskinstance.py:2866} INFO - Starting attempt 1 of 2
[2024-11-22T08:34:35.201+0000] {taskinstance.py:2889} INFO - Executing <Task(PythonOperator): get_stock_data> on 2024-11-22 08:34:32.480068+00:00
[2024-11-22T08:34:35.207+0000] {warnings.py:112} WARNING - /home/***/.local/lib/python3.12/site-packages/***/task/task_runner/standard_task_runner.py:70: DeprecationWarning: This process (pid=17156) is multi-threaded, use of fork() may lead to deadlocks in the child.
  pid = os.fork()

[2024-11-22T08:34:35.208+0000] {standard_task_runner.py:72} INFO - Started process 17225 to run task
[2024-11-22T08:34:35.209+0000] {standard_task_runner.py:104} INFO - Running: ['***', 'tasks', 'run', 'weather_stock_prediction', 'get_stock_data', 'manual__2024-11-22T08:34:32.480068+00:00', '--job-id', '1327', '--raw', '--subdir', 'DAGS_FOLDER/dag.py', '--cfg-path', '/tmp/tmpukrjfwdp']
[2024-11-22T08:34:35.211+0000] {standard_task_runner.py:105} INFO - Job 1327: Subtask get_stock_data
[2024-11-22T08:34:35.275+0000] {task_command.py:467} INFO - Running <TaskInstance: weather_stock_prediction.get_stock_data manual__2024-11-22T08:34:32.480068+00:00 [running]> on host cba1e82f0ade
[2024-11-22T08:34:35.321+0000] {taskinstance.py:3132} INFO - Exporting env vars: AIRFLOW_CTX_DAG_OWNER='***' AIRFLOW_CTX_DAG_ID='weather_stock_prediction' AIRFLOW_CTX_TASK_ID='get_stock_data' AIRFLOW_CTX_EXECUTION_DATE='2024-11-22T08:34:32.480068+00:00' AIRFLOW_CTX_TRY_NUMBER='1' AIRFLOW_CTX_DAG_RUN_ID='manual__2024-11-22T08:34:32.480068+00:00'
[2024-11-22T08:34:35.324+0000] {logging_mixin.py:190} INFO - Task instance is in running state
[2024-11-22T08:34:35.324+0000] {logging_mixin.py:190} INFO -  Previous state of the Task instance: queued
[2024-11-22T08:34:35.325+0000] {logging_mixin.py:190} INFO - Current task name:get_stock_data state:running start_date:2024-11-22 08:34:35.190229+00:00
[2024-11-22T08:34:35.325+0000] {logging_mixin.py:190} INFO - Dag name:weather_stock_prediction and current dag run status:running
[2024-11-22T08:34:35.326+0000] {taskinstance.py:731} INFO - ::endgroup::
[2024-11-22T08:34:36.216+0000] {logging_mixin.py:190} INFO - Stock Data Structure:
[2024-11-22T08:34:36.216+0000] {logging_mixin.py:190} INFO - 2
[2024-11-22T08:34:36.217+0000] {logging_mixin.py:190} INFO - dict_keys(['date', 'price'])
[2024-11-22T08:34:36.217+0000] {logging_mixin.py:190} INFO - {'date': '2024-11-21', 'price': 228.52}
[2024-11-22T08:34:36.217+0000] {python.py:240} INFO - Done. Returned value was: None
[2024-11-22T08:34:36.227+0000] {taskinstance.py:340} INFO - ::group::Post task execution logs
[2024-11-22T08:34:36.227+0000] {taskinstance.py:352} INFO - Marking task as SUCCESS. dag_id=weather_stock_prediction, task_id=get_stock_data, run_id=manual__2024-11-22T08:34:32.480068+00:00, execution_date=20241122T083432, start_date=20241122T083435, end_date=20241122T083436
[2024-11-22T08:34:36.235+0000] {logging_mixin.py:190} INFO - Task instance in success state
[2024-11-22T08:34:36.235+0000] {logging_mixin.py:190} INFO -  Previous state of the Task instance: running
[2024-11-22T08:34:36.235+0000] {logging_mixin.py:190} INFO - Dag name:weather_stock_prediction queued_at:2024-11-22 08:34:32.485182+00:00
[2024-11-22T08:34:36.235+0000] {logging_mixin.py:190} INFO - Task hostname:cba1e82f0ade operator:PythonOperator
[2024-11-22T08:34:36.271+0000] {local_task_job_runner.py:266} INFO - Task exited with return code 0
[2024-11-22T08:34:36.277+0000] {local_task_job_runner.py:245} INFO - ::endgroup::
