[2024-11-22T09:14:19.416+0000] {local_task_job_runner.py:123} INFO - ::group::Pre task execution logs
[2024-11-22T09:14:19.422+0000] {taskinstance.py:2613} INFO - Dependencies all met for dep_context=non-requeueable deps ti=<TaskInstance: weather_stock_prediction.load_prediction_postgres manual__2024-11-22T09:14:03.670838+00:00 [queued]>
[2024-11-22T09:14:19.425+0000] {taskinstance.py:2613} INFO - Dependencies all met for dep_context=requeueable deps ti=<TaskInstance: weather_stock_prediction.load_prediction_postgres manual__2024-11-22T09:14:03.670838+00:00 [queued]>
[2024-11-22T09:14:19.425+0000] {taskinstance.py:2866} INFO - Starting attempt 1 of 2
[2024-11-22T09:14:19.429+0000] {taskinstance.py:2889} INFO - Executing <Task(PythonOperator): load_prediction_postgres> on 2024-11-22 09:14:03.670838+00:00
[2024-11-22T09:14:19.434+0000] {warnings.py:112} WARNING - /home/***/.local/lib/python3.12/site-packages/***/task/task_runner/standard_task_runner.py:70: DeprecationWarning: This process (pid=21623) is multi-threaded, use of fork() may lead to deadlocks in the child.
  pid = os.fork()

[2024-11-22T09:14:19.434+0000] {standard_task_runner.py:72} INFO - Started process 21634 to run task
[2024-11-22T09:14:19.435+0000] {standard_task_runner.py:104} INFO - Running: ['***', 'tasks', 'run', 'weather_stock_prediction', 'load_prediction_postgres', 'manual__2024-11-22T09:14:03.670838+00:00', '--job-id', '1607', '--raw', '--subdir', 'DAGS_FOLDER/dag.py', '--cfg-path', '/tmp/tmpp_x11b0e']
[2024-11-22T09:14:19.435+0000] {standard_task_runner.py:105} INFO - Job 1607: Subtask load_prediction_postgres
[2024-11-22T09:14:19.452+0000] {task_command.py:467} INFO - Running <TaskInstance: weather_stock_prediction.load_prediction_postgres manual__2024-11-22T09:14:03.670838+00:00 [running]> on host cba1e82f0ade
[2024-11-22T09:14:19.480+0000] {taskinstance.py:3132} INFO - Exporting env vars: AIRFLOW_CTX_DAG_OWNER='***' AIRFLOW_CTX_DAG_ID='weather_stock_prediction' AIRFLOW_CTX_TASK_ID='load_prediction_postgres' AIRFLOW_CTX_EXECUTION_DATE='2024-11-22T09:14:03.670838+00:00' AIRFLOW_CTX_TRY_NUMBER='1' AIRFLOW_CTX_DAG_RUN_ID='manual__2024-11-22T09:14:03.670838+00:00'
[2024-11-22T09:14:19.480+0000] {logging_mixin.py:190} INFO - Task instance is in running state
[2024-11-22T09:14:19.481+0000] {logging_mixin.py:190} INFO -  Previous state of the Task instance: queued
[2024-11-22T09:14:19.481+0000] {logging_mixin.py:190} INFO - Current task name:load_prediction_postgres state:running start_date:2024-11-22 09:14:19.422509+00:00
[2024-11-22T09:14:19.481+0000] {logging_mixin.py:190} INFO - Dag name:weather_stock_prediction and current dag run status:running
[2024-11-22T09:14:19.481+0000] {taskinstance.py:731} INFO - ::endgroup::
[2024-11-22T09:14:19.509+0000] {logging_mixin.py:190} INFO -           date  temperature  min_temperature  ...  humidity  wind_speed       price
0   2024-11-22        14.94            12.33  ...        85        9.04  215.780497
1   2024-11-23        13.30            11.05  ...        74        4.91  204.201330
2   2024-11-24        12.75            10.15  ...        61        6.30  203.096235
3   2024-11-25        12.84            11.19  ...        69        6.67  209.128967
4   2024-11-26        12.23            11.52  ...        83        4.29  206.059862
5   2024-11-27        11.72            10.10  ...        57        3.82  201.073605
6   2024-11-28        10.73             9.12  ...        58        3.96  197.083493
7   2024-11-29        10.74             8.87  ...        57        3.99  196.044028
8   2024-11-30        11.19             9.07  ...        57        4.05  197.028703
9   2024-12-01        11.87             9.72  ...        55        4.15  200.575465
10  2024-12-02        11.96            10.39  ...        54        3.48  203.065198
11  2024-12-03        12.07            10.02  ...        54        3.66  201.473906
12  2024-12-04        15.04            10.47  ...        47        3.74  201.662462
13  2024-12-05        15.66            11.17  ...        45        3.19  204.365556
14  2024-12-06        15.90            11.47  ...        49        2.99  205.382870
15  2024-12-07        16.04            12.17  ...        57        3.36  208.873947

[16 rows x 7 columns]
[2024-11-22T09:14:19.513+0000] {base.py:84} INFO - Retrieving connection 'asdfg'
[2024-11-22T09:14:19.514+0000] {sql.py:544} INFO - Running statement: 
    INSERT INTO predictions (date, temperature, min_temperature, max_temperature, humidity, wind_speed, price)
    VALUES (%s, %s, %s, %s, %s, %s, %s)
    , parameters: ('2024-11-22', 14.94, 12.33, 15.66, 85, 9.04, 215.78049722311363)
[2024-11-22T09:14:19.516+0000] {sql.py:553} INFO - Rows affected: 1
[2024-11-22T09:14:19.517+0000] {sql.py:544} INFO - Running statement: 
    INSERT INTO predictions (date, temperature, min_temperature, max_temperature, humidity, wind_speed, price)
    VALUES (%s, %s, %s, %s, %s, %s, %s)
    , parameters: ('2024-11-23', 13.3, 11.05, 13.41, 74, 4.91, 204.20133044681228)
[2024-11-22T09:14:19.517+0000] {sql.py:553} INFO - Rows affected: 1
[2024-11-22T09:14:19.519+0000] {sql.py:544} INFO - Running statement: 
    INSERT INTO predictions (date, temperature, min_temperature, max_temperature, humidity, wind_speed, price)
    VALUES (%s, %s, %s, %s, %s, %s, %s)
    , parameters: ('2024-11-24', 12.75, 10.15, 13.37, 61, 6.3, 203.09623460662115)
[2024-11-22T09:14:19.519+0000] {sql.py:553} INFO - Rows affected: 1
[2024-11-22T09:14:19.520+0000] {sql.py:544} INFO - Running statement: 
    INSERT INTO predictions (date, temperature, min_temperature, max_temperature, humidity, wind_speed, price)
    VALUES (%s, %s, %s, %s, %s, %s, %s)
    , parameters: ('2024-11-25', 12.84, 11.19, 14.17, 69, 6.67, 209.12896656648965)
[2024-11-22T09:14:19.520+0000] {sql.py:553} INFO - Rows affected: 1
[2024-11-22T09:14:19.522+0000] {sql.py:544} INFO - Running statement: 
    INSERT INTO predictions (date, temperature, min_temperature, max_temperature, humidity, wind_speed, price)
    VALUES (%s, %s, %s, %s, %s, %s, %s)
    , parameters: ('2024-11-26', 12.23, 11.52, 13.06, 83, 4.29, 206.05986166342905)
[2024-11-22T09:14:19.522+0000] {sql.py:553} INFO - Rows affected: 1
[2024-11-22T09:14:19.523+0000] {sql.py:544} INFO - Running statement: 
    INSERT INTO predictions (date, temperature, min_temperature, max_temperature, humidity, wind_speed, price)
    VALUES (%s, %s, %s, %s, %s, %s, %s)
    , parameters: ('2024-11-27', 11.72, 10.1, 13.46, 57, 3.82, 201.07360477402216)
[2024-11-22T09:14:19.524+0000] {sql.py:553} INFO - Rows affected: 1
[2024-11-22T09:14:19.525+0000] {sql.py:544} INFO - Running statement: 
    INSERT INTO predictions (date, temperature, min_temperature, max_temperature, humidity, wind_speed, price)
    VALUES (%s, %s, %s, %s, %s, %s, %s)
    , parameters: ('2024-11-28', 10.73, 9.12, 13.75, 58, 3.96, 197.08349296475814)
[2024-11-22T09:14:19.525+0000] {sql.py:553} INFO - Rows affected: 1
[2024-11-22T09:14:19.527+0000] {sql.py:544} INFO - Running statement: 
    INSERT INTO predictions (date, temperature, min_temperature, max_temperature, humidity, wind_speed, price)
    VALUES (%s, %s, %s, %s, %s, %s, %s)
    , parameters: ('2024-11-29', 10.74, 8.87, 14.05, 57, 3.99, 196.0440276036658)
[2024-11-22T09:14:19.527+0000] {sql.py:553} INFO - Rows affected: 1
[2024-11-22T09:14:19.528+0000] {sql.py:544} INFO - Running statement: 
    INSERT INTO predictions (date, temperature, min_temperature, max_temperature, humidity, wind_speed, price)
    VALUES (%s, %s, %s, %s, %s, %s, %s)
    , parameters: ('2024-11-30', 11.19, 9.07, 14.47, 57, 4.05, 197.02870312399332)
[2024-11-22T09:14:19.528+0000] {sql.py:553} INFO - Rows affected: 1
[2024-11-22T09:14:19.529+0000] {sql.py:544} INFO - Running statement: 
    INSERT INTO predictions (date, temperature, min_temperature, max_temperature, humidity, wind_speed, price)
    VALUES (%s, %s, %s, %s, %s, %s, %s)
    , parameters: ('2024-12-01', 11.87, 9.72, 14.95, 55, 4.15, 200.57546461659476)
[2024-11-22T09:14:19.530+0000] {sql.py:553} INFO - Rows affected: 1
[2024-11-22T09:14:19.531+0000] {sql.py:544} INFO - Running statement: 
    INSERT INTO predictions (date, temperature, min_temperature, max_temperature, humidity, wind_speed, price)
    VALUES (%s, %s, %s, %s, %s, %s, %s)
    , parameters: ('2024-12-02', 11.96, 10.39, 14.52, 54, 3.48, 203.06519794226764)
[2024-11-22T09:14:19.531+0000] {sql.py:553} INFO - Rows affected: 1
[2024-11-22T09:14:19.532+0000] {sql.py:544} INFO - Running statement: 
    INSERT INTO predictions (date, temperature, min_temperature, max_temperature, humidity, wind_speed, price)
    VALUES (%s, %s, %s, %s, %s, %s, %s)
    , parameters: ('2024-12-03', 12.07, 10.02, 15.0, 54, 3.66, 201.47390627533758)
[2024-11-22T09:14:19.532+0000] {sql.py:553} INFO - Rows affected: 1
[2024-11-22T09:14:19.533+0000] {sql.py:544} INFO - Running statement: 
    INSERT INTO predictions (date, temperature, min_temperature, max_temperature, humidity, wind_speed, price)
    VALUES (%s, %s, %s, %s, %s, %s, %s)
    , parameters: ('2024-12-04', 15.04, 10.47, 15.55, 47, 3.74, 201.66246169460362)
[2024-11-22T09:14:19.534+0000] {sql.py:553} INFO - Rows affected: 1
[2024-11-22T09:14:19.535+0000] {sql.py:544} INFO - Running statement: 
    INSERT INTO predictions (date, temperature, min_temperature, max_temperature, humidity, wind_speed, price)
    VALUES (%s, %s, %s, %s, %s, %s, %s)
    , parameters: ('2024-12-05', 15.66, 11.17, 15.66, 45, 3.19, 204.36555586908742)
[2024-11-22T09:14:19.535+0000] {sql.py:553} INFO - Rows affected: 1
[2024-11-22T09:14:19.536+0000] {sql.py:544} INFO - Running statement: 
    INSERT INTO predictions (date, temperature, min_temperature, max_temperature, humidity, wind_speed, price)
    VALUES (%s, %s, %s, %s, %s, %s, %s)
    , parameters: ('2024-12-06', 15.9, 11.47, 16.08, 49, 2.99, 205.38287042323046)
[2024-11-22T09:14:19.536+0000] {sql.py:553} INFO - Rows affected: 1
[2024-11-22T09:14:19.537+0000] {sql.py:544} INFO - Running statement: 
    INSERT INTO predictions (date, temperature, min_temperature, max_temperature, humidity, wind_speed, price)
    VALUES (%s, %s, %s, %s, %s, %s, %s)
    , parameters: ('2024-12-07', 16.04, 12.17, 16.14, 57, 3.36, 208.87394676493503)
[2024-11-22T09:14:19.538+0000] {sql.py:553} INFO - Rows affected: 1
[2024-11-22T09:14:19.538+0000] {python.py:240} INFO - Done. Returned value was: None
[2024-11-22T09:14:19.541+0000] {taskinstance.py:340} INFO - ::group::Post task execution logs
[2024-11-22T09:14:19.541+0000] {taskinstance.py:352} INFO - Marking task as SUCCESS. dag_id=weather_stock_prediction, task_id=load_prediction_postgres, run_id=manual__2024-11-22T09:14:03.670838+00:00, execution_date=20241122T091403, start_date=20241122T091419, end_date=20241122T091419
[2024-11-22T09:14:19.544+0000] {logging_mixin.py:190} INFO - Task instance in success state
[2024-11-22T09:14:19.544+0000] {logging_mixin.py:190} INFO -  Previous state of the Task instance: running
[2024-11-22T09:14:19.544+0000] {logging_mixin.py:190} INFO - Dag name:weather_stock_prediction queued_at:2024-11-22 09:14:03.681414+00:00
[2024-11-22T09:14:19.544+0000] {logging_mixin.py:190} INFO - Task hostname:cba1e82f0ade operator:PythonOperator
[2024-11-22T09:14:19.578+0000] {local_task_job_runner.py:266} INFO - Task exited with return code 0
[2024-11-22T09:14:19.585+0000] {taskinstance.py:3895} INFO - 0 downstream tasks scheduled from follow-on schedule check
[2024-11-22T09:14:19.585+0000] {local_task_job_runner.py:245} INFO - ::endgroup::
