[2024-11-22T06:59:14.358+0000] {local_task_job_runner.py:123} INFO - ::group::Pre task execution logs
[2024-11-22T06:59:14.369+0000] {taskinstance.py:2613} INFO - Dependencies all met for dep_context=non-requeueable deps ti=<TaskInstance: weather_stock_prediction.get_weather_forecast manual__2024-11-22T06:59:12.130098+00:00 [queued]>
[2024-11-22T06:59:14.374+0000] {taskinstance.py:2613} INFO - Dependencies all met for dep_context=requeueable deps ti=<TaskInstance: weather_stock_prediction.get_weather_forecast manual__2024-11-22T06:59:12.130098+00:00 [queued]>
[2024-11-22T06:59:14.374+0000] {taskinstance.py:2866} INFO - Starting attempt 1 of 2
[2024-11-22T06:59:14.386+0000] {taskinstance.py:2889} INFO - Executing <Task(PythonOperator): get_weather_forecast> on 2024-11-22 06:59:12.130098+00:00
[2024-11-22T06:59:14.397+0000] {warnings.py:112} WARNING - /home/***/.local/lib/python3.12/site-packages/***/task/task_runner/standard_task_runner.py:70: DeprecationWarning: This process (pid=8312) is multi-threaded, use of fork() may lead to deadlocks in the child.
  pid = os.fork()

[2024-11-22T06:59:14.399+0000] {standard_task_runner.py:104} INFO - Running: ['***', 'tasks', 'run', 'weather_stock_prediction', 'get_weather_forecast', 'manual__2024-11-22T06:59:12.130098+00:00', '--job-id', '771', '--raw', '--subdir', 'DAGS_FOLDER/dag.py', '--cfg-path', '/tmp/tmpq4vn87x5']
[2024-11-22T06:59:14.399+0000] {standard_task_runner.py:72} INFO - Started process 8374 to run task
[2024-11-22T06:59:14.400+0000] {standard_task_runner.py:105} INFO - Job 771: Subtask get_weather_forecast
[2024-11-22T06:59:14.449+0000] {task_command.py:467} INFO - Running <TaskInstance: weather_stock_prediction.get_weather_forecast manual__2024-11-22T06:59:12.130098+00:00 [running]> on host cba1e82f0ade
[2024-11-22T06:59:14.498+0000] {taskinstance.py:3132} INFO - Exporting env vars: AIRFLOW_CTX_DAG_OWNER='***' AIRFLOW_CTX_DAG_ID='weather_stock_prediction' AIRFLOW_CTX_TASK_ID='get_weather_forecast' AIRFLOW_CTX_EXECUTION_DATE='2024-11-22T06:59:12.130098+00:00' AIRFLOW_CTX_TRY_NUMBER='1' AIRFLOW_CTX_DAG_RUN_ID='manual__2024-11-22T06:59:12.130098+00:00'
[2024-11-22T06:59:14.499+0000] {logging_mixin.py:190} INFO - Task instance is in running state
[2024-11-22T06:59:14.500+0000] {logging_mixin.py:190} INFO -  Previous state of the Task instance: queued
[2024-11-22T06:59:14.500+0000] {logging_mixin.py:190} INFO - Current task name:get_weather_forecast state:running start_date:2024-11-22 06:59:14.369503+00:00
[2024-11-22T06:59:14.500+0000] {logging_mixin.py:190} INFO - Dag name:weather_stock_prediction and current dag run status:running
[2024-11-22T06:59:14.501+0000] {taskinstance.py:731} INFO - ::endgroup::
[2024-11-22T06:59:14.618+0000] {logging_mixin.py:190} INFO - {'city': {'id': 5391959, 'name': 'San Francisco', 'coord': {'lon': -122.4194, 'lat': 37.7749}, 'country': 'US', 'population': 805235, 'timezone': -28800}, 'cod': '200', 'message': 0.1285882, 'cnt': 16, 'list': [{'dt': 1732215600, 'sunrise': 1732201024, 'sunset': 1732236883, 'temp': {'day': 15.35, 'min': 14.22, 'max': 15.95, 'night': 15.85, 'eve': 15.67, 'morn': 14.27}, 'feels_like': {'day': 14.93, 'night': 15.76, 'eve': 15.43, 'morn': 13.71}, 'pressure': 1018, 'humidity': 76, 'weather': [{'id': 501, 'main': 'Rain', 'description': 'moderate rain', 'icon': '10d'}], 'speed': 10.89, 'deg': 168, 'gust': 18.52, 'clouds': 100, 'pop': 0.81, 'rain': 8.48}, {'dt': 1732302000, 'sunrise': 1732287487, 'sunset': 1732323253, 'temp': {'day': 14.94, 'min': 12.33, 'max': 15.67, 'night': 12.33, 'eve': 14.55, 'morn': 15.16}, 'feels_like': {'day': 14.71, 'night': 11.99, 'eve': 14.49, 'morn': 14.9}, 'pressure': 1014, 'humidity': 85, 'weather': [{'id': 502, 'main': 'Rain', 'description': 'heavy intensity rain', 'icon': '10d'}], 'speed': 9.04, 'deg': 169, 'gust': 16.4, 'clouds': 100, 'pop': 1, 'rain': 49.83}, {'dt': 1732388400, 'sunrise': 1732373949, 'sunset': 1732409626, 'temp': {'day': 13.3, 'min': 11.05, 'max': 13.41, 'night': 11.05, 'eve': 12.11, 'morn': 11.9}, 'feels_like': {'day': 12.62, 'night': 10.33, 'eve': 11.36, 'morn': 11.52}, 'pressure': 1015, 'humidity': 74, 'weather': [{'id': 500, 'main': 'Rain', 'description': 'light rain', 'icon': '10d'}], 'speed': 4.91, 'deg': 232, 'gust': 8.32, 'clouds': 20, 'pop': 1, 'rain': 2.22}, {'dt': 1732474800, 'sunrise': 1732460411, 'sunset': 1732496000, 'temp': {'day': 12.75, 'min': 10.15, 'max': 13.37, 'night': 11.81, 'eve': 12.8, 'morn': 10.21}, 'feels_like': {'day': 11.67, 'night': 11.08, 'eve': 12.02, 'morn': 9.35}, 'pressure': 1017, 'humidity': 61, 'weather': [{'id': 500, 'main': 'Rain', 'description': 'light rain', 'icon': '10d'}], 'speed': 6.3, 'deg': 192, 'gust': 10.18, 'clouds': 100, 'pop': 0.35, 'rain': 0.24}, {'dt': 1732561200, 'sunrise': 1732546872, 'sunset': 1732582376, 'temp': {'day': 12.84, 'min': 11.19, 'max': 14.17, 'night': 12.13, 'eve': 13.27, 'morn': 11.73}, 'feels_like': {'day': 11.98, 'night': 11.62, 'eve': 12.69, 'morn': 10.86}, 'pressure': 1021, 'humidity': 69, 'weather': [{'id': 500, 'main': 'Rain', 'description': 'light rain', 'icon': '10d'}], 'speed': 6.67, 'deg': 193, 'gust': 9.74, 'clouds': 100, 'pop': 0.64, 'rain': 2.32}, {'dt': 1732647600, 'sunrise': 1732633333, 'sunset': 1732668754, 'temp': {'day': 12.23, 'min': 11.52, 'max': 13.06, 'night': 11.52, 'eve': 12.87, 'morn': 11.95}, 'feels_like': {'day': 11.68, 'night': 10.95, 'eve': 12.22, 'morn': 11.42}, 'pressure': 1019, 'humidity': 83, 'weather': [{'id': 500, 'main': 'Rain', 'description': 'light rain', 'icon': '10d'}], 'speed': 4.29, 'deg': 45, 'gust': 6.34, 'clouds': 98, 'pop': 0.68, 'rain': 0.35}, {'dt': 1732734000, 'sunrise': 1732719793, 'sunset': 1732755134, 'temp': {'day': 11.72, 'min': 10.1, 'max': 13.46, 'night': 11.24, 'eve': 13.46, 'morn': 10.92}, 'feels_like': {'day': 10.44, 'night': 10.14, 'eve': 12.27, 'morn': 10.03}, 'pressure': 1021, 'humidity': 57, 'weather': [{'id': 803, 'main': 'Clouds', 'description': 'broken clouds', 'icon': '04d'}], 'speed': 3.82, 'deg': 20, 'gust': 7.2, 'clouds': 58, 'pop': 0}, {'dt': 1732820400, 'sunrise': 1732806252, 'sunset': 1732841516, 'temp': {'day': 10.73, 'min': 9.12, 'max': 13.75, 'night': 10.9, 'eve': 13.75, 'morn': 9.95}, 'feels_like': {'day': 9.37, 'night': 9.72, 'eve': 12.56, 'morn': 8.38}, 'pressure': 1021, 'humidity': 58, 'weather': [{'id': 800, 'main': 'Clear', 'description': 'sky is clear', 'icon': '01d'}], 'speed': 3.96, 'deg': 54, 'gust': 5.29, 'clouds': 10, 'pop': 0}, {'dt': 1732906800, 'sunrise': 1732892711, 'sunset': 1732927900, 'temp': {'day': 10.74, 'min': 8.87, 'max': 14.05, 'night': 11.1, 'eve': 14.05, 'morn': 9.4}, 'feels_like': {'day': 9.36, 'night': 9.86, 'eve': 12.87, 'morn': 7.41}, 'pressure': 1020, 'humidity': 57, 'weather': [{'id': 804, 'main': 'Clouds', 'description': 'overcast clouds', 'icon': '04d'}], 'speed': 3.99, 'deg': 57, 'gust': 5.58, 'clouds': 89, 'pop': 0}, {'dt': 1732993200, 'sunrise': 1732979168, 'sunset': 1733014286, 'temp': {'day': 11.19, 'min': 9.07, 'max': 14.47, 'night': 11.46, 'eve': 14.47, 'morn': 9.68}, 'feels_like': {'day': 9.85, 'night': 10.15, 'eve': 13.25, 'morn': 7.59}, 'pressure': 1021, 'humidity': 57, 'weather': [{'id': 800, 'main': 'Clear', 'description': 'sky is clear', 'icon': '01d'}], 'speed': 4.05, 'deg': 49, 'gust': 5.29, 'clouds': 0, 'pop': 0}, {'dt': 1733079600, 'sunrise': 1733065625, 'sunset': 1733100674, 'temp': {'day': 11.87, 'min': 9.72, 'max': 14.95, 'night': 12.16, 'eve': 14.95, 'morn': 10.24}, 'feels_like': {'day': 10.55, 'night': 10.95, 'eve': 13.78, 'morn': 8.81}, 'pressure': 1022, 'humidity': 55, 'weather': [{'id': 800, 'main': 'Clear', 'description': 'sky is clear', 'icon': '01d'}], 'speed': 4.15, 'deg': 45, 'gust': 4.9, 'clouds': 0, 'pop': 0}, {'dt': 1733166000, 'sunrise': 1733152081, 'sunset': 1733187064, 'temp': {'day': 11.96, 'min': 10.39, 'max': 14.52, 'night': 12.1, 'eve': 14.52, 'morn': 10.75}, 'feels_like': {'day': 10.62, 'night': 10.91, 'eve': 13.36, 'morn': 9.4}, 'pressure': 1022, 'humidity': 54, 'weather': [{'id': 804, 'main': 'Clouds', 'description': 'overcast clouds', 'icon': '04d'}], 'speed': 3.48, 'deg': 34, 'gust': 4.25, 'clouds': 96, 'pop': 0}, {'dt': 1733252400, 'sunrise': 1733238536, 'sunset': 1733273456, 'temp': {'day': 12.07, 'min': 10.02, 'max': 15, 'night': 12.34, 'eve': 15, 'morn': 10.62}, 'feels_like': {'day': 10.74, 'night': 11.04, 'eve': 13.81, 'morn': 9.25}, 'pressure': 1022, 'humidity': 54, 'weather': [{'id': 800, 'main': 'Clear', 'description': 'sky is clear', 'icon': '01d'}], 'speed': 3.66, 'deg': 28, 'gust': 5.17, 'clouds': 0, 'pop': 0}, {'dt': 1733342400, 'sunrise': 1733324990, 'sunset': 1733359850, 'temp': {'day': 15.04, 'min': 10.47, 'max': 15.55, 'night': 12.86, 'eve': 13.67, 'morn': 10.47}, 'feels_like': {'day': 13.83, 'night': 11.61, 'eve': 12.45, 'morn': 9.19}, 'pressure': 1022, 'humidity': 47, 'weather': [{'id': 800, 'main': 'Clear', 'description': 'sky is clear', 'icon': '01d'}], 'speed': 3.74, 'deg': 43, 'gust': 5.02, 'clouds': 0, 'pop': 0}, {'dt': 1733428800, 'sunrise': 1733411443, 'sunset': 1733446247, 'temp': {'day': 15.66, 'min': 11.17, 'max': 15.66, 'night': 13.39, 'eve': 13.87, 'morn': 11.17}, 'feels_like': {'day': 14.46, 'night': 12.27, 'eve': 12.75, 'morn': 9.88}, 'pressure': 1020, 'humidity': 45, 'weather': [{'id': 800, 'main': 'Clear', 'description': 'sky is clear', 'icon': '01d'}], 'speed': 3.19, 'deg': 32, 'gust': 3.51, 'clouds': 9, 'pop': 0}, {'dt': 1733515200, 'sunrise': 1733497895, 'sunset': 1733532645, 'temp': {'day': 15.9, 'min': 11.47, 'max': 16.08, 'night': 13.95, 'eve': 14.55, 'morn': 11.47}, 'feels_like': {'day': 14.83, 'night': 12.97, 'eve': 13.58, 'morn': 10.34}, 'pressure': 1025, 'humidity': 49, 'weather': [{'id': 802, 'main': 'Clouds', 'description': 'scattered clouds', 'icon': '03d'}], 'speed': 2.99, 'deg': 32, 'gust': 3.48, 'clouds': 41, 'pop': 0}]}
[2024-11-22T06:59:14.626+0000] {logging_mixin.py:190} INFO - 7-day weather forecast data extracted successfully.
[2024-11-22T06:59:14.638+0000] {python.py:240} INFO - Done. Returned value was:           date  temperature  ...  humidity  wind_speed
0   2024-11-21        15.35  ...        76       10.89
1   2024-11-22        14.94  ...        85        9.04
2   2024-11-23        13.30  ...        74        4.91
3   2024-11-24        12.75  ...        61        6.30
4   2024-11-25        12.84  ...        69        6.67
5   2024-11-26        12.23  ...        83        4.29
6   2024-11-27        11.72  ...        57        3.82
7   2024-11-28        10.73  ...        58        3.96
8   2024-11-29        10.74  ...        57        3.99
9   2024-11-30        11.19  ...        57        4.05
10  2024-12-01        11.87  ...        55        4.15
11  2024-12-02        11.96  ...        54        3.48
12  2024-12-03        12.07  ...        54        3.66
13  2024-12-04        15.04  ...        47        3.74
14  2024-12-05        15.66  ...        45        3.19
15  2024-12-06        15.90  ...        49        2.99

[16 rows x 6 columns]
[2024-11-22T06:59:14.681+0000] {taskinstance.py:340} INFO - ::group::Post task execution logs
[2024-11-22T06:59:14.681+0000] {taskinstance.py:352} INFO - Marking task as SUCCESS. dag_id=weather_stock_prediction, task_id=get_weather_forecast, run_id=manual__2024-11-22T06:59:12.130098+00:00, execution_date=20241122T065912, start_date=20241122T065914, end_date=20241122T065914
[2024-11-22T06:59:14.685+0000] {logging_mixin.py:190} INFO - Task instance in success state
[2024-11-22T06:59:14.685+0000] {logging_mixin.py:190} INFO -  Previous state of the Task instance: running
[2024-11-22T06:59:14.685+0000] {logging_mixin.py:190} INFO - Dag name:weather_stock_prediction queued_at:2024-11-22 06:59:12.139940+00:00
[2024-11-22T06:59:14.685+0000] {logging_mixin.py:190} INFO - Task hostname:cba1e82f0ade operator:PythonOperator
[2024-11-22T06:59:14.708+0000] {local_task_job_runner.py:266} INFO - Task exited with return code 0
[2024-11-22T06:59:14.719+0000] {taskinstance.py:3895} INFO - 0 downstream tasks scheduled from follow-on schedule check
[2024-11-22T06:59:14.719+0000] {local_task_job_runner.py:245} INFO - ::endgroup::
