[2024-11-22T07:44:42.770+0000] {local_task_job_runner.py:123} INFO - ::group::Pre task execution logs
[2024-11-22T07:44:42.791+0000] {taskinstance.py:2613} INFO - Dependencies all met for dep_context=non-requeueable deps ti=<TaskInstance: weather_stock_prediction.get_postgres_data manual__2024-11-22T07:44:39.693541+00:00 [queued]>
[2024-11-22T07:44:42.797+0000] {taskinstance.py:2613} INFO - Dependencies all met for dep_context=requeueable deps ti=<TaskInstance: weather_stock_prediction.get_postgres_data manual__2024-11-22T07:44:39.693541+00:00 [queued]>
[2024-11-22T07:44:42.799+0000] {taskinstance.py:2866} INFO - Starting attempt 1 of 2
[2024-11-22T07:44:42.810+0000] {taskinstance.py:2889} INFO - Executing <Task(PythonOperator): get_postgres_data> on 2024-11-22 07:44:39.693541+00:00
[2024-11-22T07:44:42.818+0000] {warnings.py:112} WARNING - /home/***/.local/lib/python3.12/site-packages/***/task/task_runner/standard_task_runner.py:70: DeprecationWarning: This process (pid=12486) is multi-threaded, use of fork() may lead to deadlocks in the child.
  pid = os.fork()

[2024-11-22T07:44:42.820+0000] {standard_task_runner.py:72} INFO - Started process 12557 to run task
[2024-11-22T07:44:42.822+0000] {standard_task_runner.py:104} INFO - Running: ['***', 'tasks', 'run', 'weather_stock_prediction', 'get_postgres_data', 'manual__2024-11-22T07:44:39.693541+00:00', '--job-id', '1033', '--raw', '--subdir', 'DAGS_FOLDER/dag.py', '--cfg-path', '/tmp/tmpjlarf5g_']
[2024-11-22T07:44:42.825+0000] {standard_task_runner.py:105} INFO - Job 1033: Subtask get_postgres_data
[2024-11-22T07:44:42.859+0000] {task_command.py:467} INFO - Running <TaskInstance: weather_stock_prediction.get_postgres_data manual__2024-11-22T07:44:39.693541+00:00 [running]> on host cba1e82f0ade
[2024-11-22T07:44:42.910+0000] {taskinstance.py:3132} INFO - Exporting env vars: AIRFLOW_CTX_DAG_OWNER='***' AIRFLOW_CTX_DAG_ID='weather_stock_prediction' AIRFLOW_CTX_TASK_ID='get_postgres_data' AIRFLOW_CTX_EXECUTION_DATE='2024-11-22T07:44:39.693541+00:00' AIRFLOW_CTX_TRY_NUMBER='1' AIRFLOW_CTX_DAG_RUN_ID='manual__2024-11-22T07:44:39.693541+00:00'
[2024-11-22T07:44:42.912+0000] {logging_mixin.py:190} INFO - Task instance is in running state
[2024-11-22T07:44:42.914+0000] {logging_mixin.py:190} INFO -  Previous state of the Task instance: queued
[2024-11-22T07:44:42.914+0000] {logging_mixin.py:190} INFO - Current task name:get_postgres_data state:running start_date:2024-11-22 07:44:42.792043+00:00
[2024-11-22T07:44:42.915+0000] {logging_mixin.py:190} INFO - Dag name:weather_stock_prediction and current dag run status:running
[2024-11-22T07:44:42.916+0000] {taskinstance.py:731} INFO - ::endgroup::
[2024-11-22T07:44:42.928+0000] {base.py:84} INFO - Retrieving connection 'asdf'
[2024-11-22T07:44:42.948+0000] {python.py:240} INFO - Done. Returned value was: None
[2024-11-22T07:44:42.955+0000] {taskinstance.py:340} INFO - ::group::Post task execution logs
[2024-11-22T07:44:42.956+0000] {taskinstance.py:352} INFO - Marking task as SUCCESS. dag_id=weather_stock_prediction, task_id=get_postgres_data, run_id=manual__2024-11-22T07:44:39.693541+00:00, execution_date=20241122T074439, start_date=20241122T074442, end_date=20241122T074442
[2024-11-22T07:44:42.960+0000] {logging_mixin.py:190} INFO - Task instance in success state
[2024-11-22T07:44:42.961+0000] {logging_mixin.py:190} INFO -  Previous state of the Task instance: running
[2024-11-22T07:44:42.962+0000] {logging_mixin.py:190} INFO - Dag name:weather_stock_prediction queued_at:2024-11-22 07:44:39.703856+00:00
[2024-11-22T07:44:42.962+0000] {logging_mixin.py:190} INFO - Task hostname:cba1e82f0ade operator:PythonOperator
[2024-11-22T07:44:43.003+0000] {local_task_job_runner.py:266} INFO - Task exited with return code 0
[2024-11-22T07:44:43.021+0000] {taskinstance.py:3895} INFO - 0 downstream tasks scheduled from follow-on schedule check
[2024-11-22T07:44:43.023+0000] {local_task_job_runner.py:245} INFO - ::endgroup::
