[2024-11-22T08:26:00.667+0000] {local_task_job_runner.py:123} INFO - ::group::Pre task execution logs
[2024-11-22T08:26:00.700+0000] {taskinstance.py:2613} INFO - Dependencies all met for dep_context=non-requeueable deps ti=<TaskInstance: weather_stock_prediction.create_prediction_table manual__2024-11-22T08:25:57.225676+00:00 [queued]>
[2024-11-22T08:26:00.717+0000] {taskinstance.py:2613} INFO - Dependencies all met for dep_context=requeueable deps ti=<TaskInstance: weather_stock_prediction.create_prediction_table manual__2024-11-22T08:25:57.225676+00:00 [queued]>
[2024-11-22T08:26:00.718+0000] {taskinstance.py:2866} INFO - Starting attempt 1 of 2
[2024-11-22T08:26:00.742+0000] {taskinstance.py:2889} INFO - Executing <Task(PostgresOperator): create_prediction_table> on 2024-11-22 08:25:57.225676+00:00
[2024-11-22T08:26:00.769+0000] {warnings.py:112} WARNING - /home/***/.local/lib/python3.12/site-packages/***/task/task_runner/standard_task_runner.py:70: DeprecationWarning: This process (pid=16141) is multi-threaded, use of fork() may lead to deadlocks in the child.
  pid = os.fork()

[2024-11-22T08:26:00.774+0000] {standard_task_runner.py:104} INFO - Running: ['***', 'tasks', 'run', 'weather_stock_prediction', 'create_prediction_table', 'manual__2024-11-22T08:25:57.225676+00:00', '--job-id', '1257', '--raw', '--subdir', 'DAGS_FOLDER/dag.py', '--cfg-path', '/tmp/tmp5f0n1kns']
[2024-11-22T08:26:00.779+0000] {standard_task_runner.py:105} INFO - Job 1257: Subtask create_prediction_table
[2024-11-22T08:26:00.777+0000] {standard_task_runner.py:72} INFO - Started process 16207 to run task
[2024-11-22T08:26:00.867+0000] {task_command.py:467} INFO - Running <TaskInstance: weather_stock_prediction.create_prediction_table manual__2024-11-22T08:25:57.225676+00:00 [running]> on host cba1e82f0ade
[2024-11-22T08:26:01.064+0000] {taskinstance.py:3132} INFO - Exporting env vars: AIRFLOW_CTX_DAG_OWNER='***' AIRFLOW_CTX_DAG_ID='weather_stock_prediction' AIRFLOW_CTX_TASK_ID='create_prediction_table' AIRFLOW_CTX_EXECUTION_DATE='2024-11-22T08:25:57.225676+00:00' AIRFLOW_CTX_TRY_NUMBER='1' AIRFLOW_CTX_DAG_RUN_ID='manual__2024-11-22T08:25:57.225676+00:00'
[2024-11-22T08:26:01.066+0000] {logging_mixin.py:190} INFO - Task instance is in running state
[2024-11-22T08:26:01.066+0000] {logging_mixin.py:190} INFO -  Previous state of the Task instance: queued
[2024-11-22T08:26:01.067+0000] {logging_mixin.py:190} INFO - Current task name:create_prediction_table state:running start_date:2024-11-22 08:26:00.702230+00:00
[2024-11-22T08:26:01.068+0000] {logging_mixin.py:190} INFO - Dag name:weather_stock_prediction and current dag run status:running
[2024-11-22T08:26:01.068+0000] {taskinstance.py:731} INFO - ::endgroup::
[2024-11-22T08:26:01.069+0000] {sql.py:278} INFO - Executing: 
    CREATE TABLE IF NOT EXISTS predictions (
        id INT,
        date TIMESTAMP,
        temperature FLOAT, 
        min_temperature FLOAT,
        max_temperature FLOAT,
        humidity FLOAT,
        wind_speed FLOAT,
        price FLOAT
    );
    
[2024-11-22T08:26:01.097+0000] {base.py:84} INFO - Retrieving connection 'asdfg'
[2024-11-22T08:26:01.107+0000] {base.py:84} INFO - Retrieving connection 'asdfg'
[2024-11-22T08:26:01.113+0000] {sql.py:544} INFO - Running statement: 
    CREATE TABLE IF NOT EXISTS predictions (
        id INT,
        date TIMESTAMP,
        temperature FLOAT, 
        min_temperature FLOAT,
        max_temperature FLOAT,
        humidity FLOAT,
        wind_speed FLOAT,
        price FLOAT
    );
    , parameters: None
[2024-11-22T08:26:01.130+0000] {taskinstance.py:340} INFO - ::group::Post task execution logs
[2024-11-22T08:26:01.131+0000] {taskinstance.py:352} INFO - Marking task as SUCCESS. dag_id=weather_stock_prediction, task_id=create_prediction_table, run_id=manual__2024-11-22T08:25:57.225676+00:00, execution_date=20241122T082557, start_date=20241122T082600, end_date=20241122T082601
[2024-11-22T08:26:01.140+0000] {logging_mixin.py:190} INFO - Task instance in success state
[2024-11-22T08:26:01.142+0000] {logging_mixin.py:190} INFO -  Previous state of the Task instance: running
[2024-11-22T08:26:01.143+0000] {logging_mixin.py:190} INFO - Dag name:weather_stock_prediction queued_at:2024-11-22 08:25:57.237253+00:00
[2024-11-22T08:26:01.143+0000] {logging_mixin.py:190} INFO - Task hostname:cba1e82f0ade operator:PostgresOperator
[2024-11-22T08:26:01.177+0000] {local_task_job_runner.py:266} INFO - Task exited with return code 0
[2024-11-22T08:26:01.203+0000] {taskinstance.py:3895} INFO - 0 downstream tasks scheduled from follow-on schedule check
[2024-11-22T08:26:01.205+0000] {local_task_job_runner.py:245} INFO - ::endgroup::
