[2024-11-22T09:13:03.946+0000] {local_task_job_runner.py:123} INFO - ::group::Pre task execution logs
[2024-11-22T09:13:03.972+0000] {taskinstance.py:2613} INFO - Dependencies all met for dep_context=non-requeueable deps ti=<TaskInstance: weather_stock_prediction.get_weather_data manual__2024-11-22T09:13:01.128273+00:00 [queued]>
[2024-11-22T09:13:03.978+0000] {taskinstance.py:2613} INFO - Dependencies all met for dep_context=requeueable deps ti=<TaskInstance: weather_stock_prediction.get_weather_data manual__2024-11-22T09:13:01.128273+00:00 [queued]>
[2024-11-22T09:13:03.978+0000] {taskinstance.py:2866} INFO - Starting attempt 1 of 2
[2024-11-22T09:13:04.013+0000] {taskinstance.py:2889} INFO - Executing <Task(PythonOperator): get_weather_data> on 2024-11-22 09:13:01.128273+00:00
[2024-11-22T09:13:04.026+0000] {warnings.py:112} WARNING - /home/***/.local/lib/python3.12/site-packages/***/task/task_runner/standard_task_runner.py:70: DeprecationWarning: This process (pid=21217) is multi-threaded, use of fork() may lead to deadlocks in the child.
  pid = os.fork()

[2024-11-22T09:13:04.029+0000] {standard_task_runner.py:72} INFO - Started process 21298 to run task
[2024-11-22T09:13:04.030+0000] {standard_task_runner.py:104} INFO - Running: ['***', 'tasks', 'run', 'weather_stock_prediction', 'get_weather_data', 'manual__2024-11-22T09:13:01.128273+00:00', '--job-id', '1583', '--raw', '--subdir', 'DAGS_FOLDER/dag.py', '--cfg-path', '/tmp/tmpa9y_ubt1']
[2024-11-22T09:13:04.032+0000] {standard_task_runner.py:105} INFO - Job 1583: Subtask get_weather_data
[2024-11-22T09:13:04.120+0000] {task_command.py:467} INFO - Running <TaskInstance: weather_stock_prediction.get_weather_data manual__2024-11-22T09:13:01.128273+00:00 [running]> on host cba1e82f0ade
[2024-11-22T09:13:04.212+0000] {taskinstance.py:3132} INFO - Exporting env vars: AIRFLOW_CTX_DAG_OWNER='***' AIRFLOW_CTX_DAG_ID='weather_stock_prediction' AIRFLOW_CTX_TASK_ID='get_weather_data' AIRFLOW_CTX_EXECUTION_DATE='2024-11-22T09:13:01.128273+00:00' AIRFLOW_CTX_TRY_NUMBER='1' AIRFLOW_CTX_DAG_RUN_ID='manual__2024-11-22T09:13:01.128273+00:00'
[2024-11-22T09:13:04.219+0000] {logging_mixin.py:190} INFO - Task instance is in running state
[2024-11-22T09:13:04.219+0000] {logging_mixin.py:190} INFO -  Previous state of the Task instance: queued
[2024-11-22T09:13:04.220+0000] {logging_mixin.py:190} INFO - Current task name:get_weather_data state:running start_date:2024-11-22 09:13:03.972841+00:00
[2024-11-22T09:13:04.221+0000] {logging_mixin.py:190} INFO - Dag name:weather_stock_prediction and current dag run status:running
[2024-11-22T09:13:04.222+0000] {taskinstance.py:731} INFO - ::endgroup::
[2024-11-22T09:13:04.362+0000] {logging_mixin.py:190} INFO - {'date': '2024-11-22', 'temperature': 15.63, 'min_temperature': 14.53, 'max_temperature': 17, 'humidity': 83, 'wind_speed': 6.17}
[2024-11-22T09:13:04.395+0000] {python.py:240} INFO - Done. Returned value was: None
[2024-11-22T09:13:04.417+0000] {taskinstance.py:340} INFO - ::group::Post task execution logs
[2024-11-22T09:13:04.418+0000] {taskinstance.py:352} INFO - Marking task as SUCCESS. dag_id=weather_stock_prediction, task_id=get_weather_data, run_id=manual__2024-11-22T09:13:01.128273+00:00, execution_date=20241122T091301, start_date=20241122T091303, end_date=20241122T091304
[2024-11-22T09:13:04.449+0000] {logging_mixin.py:190} INFO - Task instance in success state
[2024-11-22T09:13:04.450+0000] {logging_mixin.py:190} INFO -  Previous state of the Task instance: running
[2024-11-22T09:13:04.451+0000] {logging_mixin.py:190} INFO - Dag name:weather_stock_prediction queued_at:2024-11-22 09:13:01.140758+00:00
[2024-11-22T09:13:04.452+0000] {logging_mixin.py:190} INFO - Task hostname:cba1e82f0ade operator:PythonOperator
[2024-11-22T09:13:04.461+0000] {local_task_job_runner.py:266} INFO - Task exited with return code 0
[2024-11-22T09:13:04.510+0000] {taskinstance.py:3895} INFO - 0 downstream tasks scheduled from follow-on schedule check
[2024-11-22T09:13:04.511+0000] {local_task_job_runner.py:245} INFO - ::endgroup::
