[2024-11-22T09:13:12.598+0000] {local_task_job_runner.py:123} INFO - ::group::Pre task execution logs
[2024-11-22T09:13:12.604+0000] {taskinstance.py:2613} INFO - Dependencies all met for dep_context=non-requeueable deps ti=<TaskInstance: weather_stock_prediction.train_model manual__2024-11-22T09:13:01.128273+00:00 [queued]>
[2024-11-22T09:13:12.607+0000] {taskinstance.py:2613} INFO - Dependencies all met for dep_context=requeueable deps ti=<TaskInstance: weather_stock_prediction.train_model manual__2024-11-22T09:13:01.128273+00:00 [queued]>
[2024-11-22T09:13:12.607+0000] {taskinstance.py:2866} INFO - Starting attempt 1 of 2
[2024-11-22T09:13:12.611+0000] {taskinstance.py:2889} INFO - Executing <Task(PythonOperator): train_model> on 2024-11-22 09:13:01.128273+00:00
[2024-11-22T09:13:12.616+0000] {warnings.py:112} WARNING - /home/***/.local/lib/python3.12/site-packages/***/task/task_runner/standard_task_runner.py:70: DeprecationWarning: This process (pid=21374) is multi-threaded, use of fork() may lead to deadlocks in the child.
  pid = os.fork()

[2024-11-22T09:13:12.617+0000] {standard_task_runner.py:72} INFO - Started process 21385 to run task
[2024-11-22T09:13:12.617+0000] {standard_task_runner.py:104} INFO - Running: ['***', 'tasks', 'run', 'weather_stock_prediction', 'train_model', 'manual__2024-11-22T09:13:01.128273+00:00', '--job-id', '1591', '--raw', '--subdir', 'DAGS_FOLDER/dag.py', '--cfg-path', '/tmp/tmpu2bxgjwl']
[2024-11-22T09:13:12.618+0000] {standard_task_runner.py:105} INFO - Job 1591: Subtask train_model
[2024-11-22T09:13:12.637+0000] {task_command.py:467} INFO - Running <TaskInstance: weather_stock_prediction.train_model manual__2024-11-22T09:13:01.128273+00:00 [running]> on host cba1e82f0ade
[2024-11-22T09:13:12.668+0000] {taskinstance.py:3132} INFO - Exporting env vars: AIRFLOW_CTX_DAG_OWNER='***' AIRFLOW_CTX_DAG_ID='weather_stock_prediction' AIRFLOW_CTX_TASK_ID='train_model' AIRFLOW_CTX_EXECUTION_DATE='2024-11-22T09:13:01.128273+00:00' AIRFLOW_CTX_TRY_NUMBER='1' AIRFLOW_CTX_DAG_RUN_ID='manual__2024-11-22T09:13:01.128273+00:00'
[2024-11-22T09:13:12.669+0000] {logging_mixin.py:190} INFO - Task instance is in running state
[2024-11-22T09:13:12.669+0000] {logging_mixin.py:190} INFO -  Previous state of the Task instance: queued
[2024-11-22T09:13:12.669+0000] {logging_mixin.py:190} INFO - Current task name:train_model state:running start_date:2024-11-22 09:13:12.604774+00:00
[2024-11-22T09:13:12.669+0000] {logging_mixin.py:190} INFO - Dag name:weather_stock_prediction and current dag run status:running
[2024-11-22T09:13:12.670+0000] {taskinstance.py:731} INFO - ::endgroup::
[2024-11-22T09:13:12.694+0000] {logging_mixin.py:190} INFO - Mean Squared Error: 205.68263701217435
[2024-11-22T09:13:12.695+0000] {python.py:240} INFO - Done. Returned value was: None
[2024-11-22T09:13:12.698+0000] {taskinstance.py:340} INFO - ::group::Post task execution logs
[2024-11-22T09:13:12.699+0000] {taskinstance.py:352} INFO - Marking task as SUCCESS. dag_id=weather_stock_prediction, task_id=train_model, run_id=manual__2024-11-22T09:13:01.128273+00:00, execution_date=20241122T091301, start_date=20241122T091312, end_date=20241122T091312
[2024-11-22T09:13:12.702+0000] {logging_mixin.py:190} INFO - Task instance in success state
[2024-11-22T09:13:12.703+0000] {logging_mixin.py:190} INFO -  Previous state of the Task instance: running
[2024-11-22T09:13:12.703+0000] {logging_mixin.py:190} INFO - Dag name:weather_stock_prediction queued_at:2024-11-22 09:13:01.140758+00:00
[2024-11-22T09:13:12.703+0000] {logging_mixin.py:190} INFO - Task hostname:cba1e82f0ade operator:PythonOperator
[2024-11-22T09:13:12.719+0000] {local_task_job_runner.py:266} INFO - Task exited with return code 0
[2024-11-22T09:13:12.732+0000] {taskinstance.py:3895} INFO - 0 downstream tasks scheduled from follow-on schedule check
[2024-11-22T09:13:12.733+0000] {local_task_job_runner.py:245} INFO - ::endgroup::
