[2024-11-22T07:14:17.375+0000] {local_task_job_runner.py:123} INFO - ::group::Pre task execution logs
[2024-11-22T07:14:17.389+0000] {taskinstance.py:2613} INFO - Dependencies all met for dep_context=non-requeueable deps ti=<TaskInstance: weather_stock_prediction.fetch_data manual__2024-11-22T07:14:15.128258+00:00 [queued]>
[2024-11-22T07:14:17.394+0000] {taskinstance.py:2613} INFO - Dependencies all met for dep_context=requeueable deps ti=<TaskInstance: weather_stock_prediction.fetch_data manual__2024-11-22T07:14:15.128258+00:00 [queued]>
[2024-11-22T07:14:17.394+0000] {taskinstance.py:2866} INFO - Starting attempt 1 of 2
[2024-11-22T07:14:17.402+0000] {taskinstance.py:2889} INFO - Executing <Task(PythonOperator): fetch_data> on 2024-11-22 07:14:15.128258+00:00
[2024-11-22T07:14:17.408+0000] {warnings.py:112} WARNING - /home/***/.local/lib/python3.12/site-packages/***/task/task_runner/standard_task_runner.py:70: DeprecationWarning: This process (pid=9000) is multi-threaded, use of fork() may lead to deadlocks in the child.
  pid = os.fork()

[2024-11-22T07:14:17.410+0000] {standard_task_runner.py:72} INFO - Started process 9066 to run task
[2024-11-22T07:14:17.410+0000] {standard_task_runner.py:104} INFO - Running: ['***', 'tasks', 'run', 'weather_stock_prediction', 'fetch_data', 'manual__2024-11-22T07:14:15.128258+00:00', '--job-id', '809', '--raw', '--subdir', 'DAGS_FOLDER/dag.py', '--cfg-path', '/tmp/tmp6pva2psn']
[2024-11-22T07:14:17.412+0000] {standard_task_runner.py:105} INFO - Job 809: Subtask fetch_data
[2024-11-22T07:14:17.465+0000] {task_command.py:467} INFO - Running <TaskInstance: weather_stock_prediction.fetch_data manual__2024-11-22T07:14:15.128258+00:00 [running]> on host cba1e82f0ade
[2024-11-22T07:14:17.515+0000] {taskinstance.py:3132} INFO - Exporting env vars: AIRFLOW_CTX_DAG_OWNER='***' AIRFLOW_CTX_DAG_ID='weather_stock_prediction' AIRFLOW_CTX_TASK_ID='fetch_data' AIRFLOW_CTX_EXECUTION_DATE='2024-11-22T07:14:15.128258+00:00' AIRFLOW_CTX_TRY_NUMBER='1' AIRFLOW_CTX_DAG_RUN_ID='manual__2024-11-22T07:14:15.128258+00:00'
[2024-11-22T07:14:17.517+0000] {logging_mixin.py:190} INFO - Task instance is in running state
[2024-11-22T07:14:17.518+0000] {logging_mixin.py:190} INFO -  Previous state of the Task instance: queued
[2024-11-22T07:14:17.518+0000] {logging_mixin.py:190} INFO - Current task name:fetch_data state:running start_date:2024-11-22 07:14:17.389791+00:00
[2024-11-22T07:14:17.518+0000] {logging_mixin.py:190} INFO - Dag name:weather_stock_prediction and current dag run status:running
[2024-11-22T07:14:17.518+0000] {taskinstance.py:731} INFO - ::endgroup::
[2024-11-22T07:14:17.524+0000] {base.py:84} INFO - Retrieving connection 'qwer'
[2024-11-22T07:14:17.557+0000] {python.py:240} INFO - Done. Returned value was: None
[2024-11-22T07:14:17.562+0000] {taskinstance.py:340} INFO - ::group::Post task execution logs
[2024-11-22T07:14:17.563+0000] {taskinstance.py:352} INFO - Marking task as SUCCESS. dag_id=weather_stock_prediction, task_id=fetch_data, run_id=manual__2024-11-22T07:14:15.128258+00:00, execution_date=20241122T071415, start_date=20241122T071417, end_date=20241122T071417
[2024-11-22T07:14:17.566+0000] {logging_mixin.py:190} INFO - Task instance in success state
[2024-11-22T07:14:17.566+0000] {logging_mixin.py:190} INFO -  Previous state of the Task instance: running
[2024-11-22T07:14:17.566+0000] {logging_mixin.py:190} INFO - Dag name:weather_stock_prediction queued_at:2024-11-22 07:14:15.136540+00:00
[2024-11-22T07:14:17.566+0000] {logging_mixin.py:190} INFO - Task hostname:cba1e82f0ade operator:PythonOperator
[2024-11-22T07:14:17.593+0000] {local_task_job_runner.py:266} INFO - Task exited with return code 0
[2024-11-22T07:14:17.599+0000] {local_task_job_runner.py:245} INFO - ::endgroup::
