[2024-11-22T09:10:17.781+0000] {local_task_job_runner.py:123} INFO - ::group::Pre task execution logs
[2024-11-22T09:10:17.795+0000] {taskinstance.py:2613} INFO - Dependencies all met for dep_context=non-requeueable deps ti=<TaskInstance: weather_stock_prediction.get_postgres_data manual__2024-11-22T09:10:15.388926+00:00 [queued]>
[2024-11-22T09:10:17.802+0000] {taskinstance.py:2613} INFO - Dependencies all met for dep_context=requeueable deps ti=<TaskInstance: weather_stock_prediction.get_postgres_data manual__2024-11-22T09:10:15.388926+00:00 [queued]>
[2024-11-22T09:10:17.802+0000] {taskinstance.py:2866} INFO - Starting attempt 1 of 2
[2024-11-22T09:10:17.811+0000] {taskinstance.py:2889} INFO - Executing <Task(PythonOperator): get_postgres_data> on 2024-11-22 09:10:15.388926+00:00
[2024-11-22T09:10:17.825+0000] {warnings.py:112} WARNING - /home/***/.local/lib/python3.12/site-packages/***/task/task_runner/standard_task_runner.py:70: DeprecationWarning: This process (pid=20781) is multi-threaded, use of fork() may lead to deadlocks in the child.
  pid = os.fork()

[2024-11-22T09:10:17.826+0000] {standard_task_runner.py:72} INFO - Started process 20857 to run task
[2024-11-22T09:10:17.829+0000] {standard_task_runner.py:104} INFO - Running: ['***', 'tasks', 'run', 'weather_stock_prediction', 'get_postgres_data', 'manual__2024-11-22T09:10:15.388926+00:00', '--job-id', '1552', '--raw', '--subdir', 'DAGS_FOLDER/dag.py', '--cfg-path', '/tmp/tmpim2l67yo']
[2024-11-22T09:10:17.831+0000] {standard_task_runner.py:105} INFO - Job 1552: Subtask get_postgres_data
[2024-11-22T09:10:17.955+0000] {task_command.py:467} INFO - Running <TaskInstance: weather_stock_prediction.get_postgres_data manual__2024-11-22T09:10:15.388926+00:00 [running]> on host cba1e82f0ade
[2024-11-22T09:10:18.084+0000] {taskinstance.py:3132} INFO - Exporting env vars: AIRFLOW_CTX_DAG_OWNER='***' AIRFLOW_CTX_DAG_ID='weather_stock_prediction' AIRFLOW_CTX_TASK_ID='get_postgres_data' AIRFLOW_CTX_EXECUTION_DATE='2024-11-22T09:10:15.388926+00:00' AIRFLOW_CTX_TRY_NUMBER='1' AIRFLOW_CTX_DAG_RUN_ID='manual__2024-11-22T09:10:15.388926+00:00'
[2024-11-22T09:10:18.086+0000] {logging_mixin.py:190} INFO - Task instance is in running state
[2024-11-22T09:10:18.086+0000] {logging_mixin.py:190} INFO -  Previous state of the Task instance: queued
[2024-11-22T09:10:18.087+0000] {logging_mixin.py:190} INFO - Current task name:get_postgres_data state:running start_date:2024-11-22 09:10:17.795708+00:00
[2024-11-22T09:10:18.089+0000] {logging_mixin.py:190} INFO - Dag name:weather_stock_prediction and current dag run status:running
[2024-11-22T09:10:18.089+0000] {taskinstance.py:731} INFO - ::endgroup::
[2024-11-22T09:10:18.102+0000] {base.py:84} INFO - Retrieving connection 'asdf'
[2024-11-22T09:10:18.131+0000] {python.py:240} INFO - Done. Returned value was: None
[2024-11-22T09:10:18.145+0000] {taskinstance.py:340} INFO - ::group::Post task execution logs
[2024-11-22T09:10:18.146+0000] {taskinstance.py:352} INFO - Marking task as SUCCESS. dag_id=weather_stock_prediction, task_id=get_postgres_data, run_id=manual__2024-11-22T09:10:15.388926+00:00, execution_date=20241122T091015, start_date=20241122T091017, end_date=20241122T091018
[2024-11-22T09:10:18.157+0000] {logging_mixin.py:190} INFO - Task instance in success state
[2024-11-22T09:10:18.159+0000] {logging_mixin.py:190} INFO -  Previous state of the Task instance: running
[2024-11-22T09:10:18.160+0000] {logging_mixin.py:190} INFO - Dag name:weather_stock_prediction queued_at:2024-11-22 09:10:15.393825+00:00
[2024-11-22T09:10:18.161+0000] {logging_mixin.py:190} INFO - Task hostname:cba1e82f0ade operator:PythonOperator
[2024-11-22T09:10:18.180+0000] {local_task_job_runner.py:266} INFO - Task exited with return code 0
[2024-11-22T09:10:18.193+0000] {taskinstance.py:3895} INFO - 0 downstream tasks scheduled from follow-on schedule check
[2024-11-22T09:10:18.194+0000] {local_task_job_runner.py:245} INFO - ::endgroup::
