[2024-11-22T09:12:33.218+0000] {local_task_job_runner.py:123} INFO - ::group::Pre task execution logs
[2024-11-22T09:12:33.256+0000] {taskinstance.py:2613} INFO - Dependencies all met for dep_context=non-requeueable deps ti=<TaskInstance: weather_stock_prediction.delete_prediction_table manual__2024-11-22T09:12:27.923624+00:00 [queued]>
[2024-11-22T09:12:33.281+0000] {taskinstance.py:2613} INFO - Dependencies all met for dep_context=requeueable deps ti=<TaskInstance: weather_stock_prediction.delete_prediction_table manual__2024-11-22T09:12:27.923624+00:00 [queued]>
[2024-11-22T09:12:33.282+0000] {taskinstance.py:2866} INFO - Starting attempt 1 of 2
[2024-11-22T09:12:33.325+0000] {taskinstance.py:2889} INFO - Executing <Task(PostgresOperator): delete_prediction_table> on 2024-11-22 09:12:27.923624+00:00
[2024-11-22T09:12:33.366+0000] {warnings.py:112} WARNING - /home/***/.local/lib/python3.12/site-packages/***/task/task_runner/standard_task_runner.py:70: DeprecationWarning: This process (pid=21017) is multi-threaded, use of fork() may lead to deadlocks in the child.
  pid = os.fork()

[2024-11-22T09:12:33.384+0000] {standard_task_runner.py:72} INFO - Started process 21097 to run task
[2024-11-22T09:12:33.392+0000] {standard_task_runner.py:104} INFO - Running: ['***', 'tasks', 'run', 'weather_stock_prediction', 'delete_prediction_table', 'manual__2024-11-22T09:12:27.923624+00:00', '--job-id', '1568', '--raw', '--subdir', 'DAGS_FOLDER/dag.py', '--cfg-path', '/tmp/tmp2x4rirjq']
[2024-11-22T09:12:33.398+0000] {standard_task_runner.py:105} INFO - Job 1568: Subtask delete_prediction_table
[2024-11-22T09:12:33.565+0000] {task_command.py:467} INFO - Running <TaskInstance: weather_stock_prediction.delete_prediction_table manual__2024-11-22T09:12:27.923624+00:00 [running]> on host cba1e82f0ade
[2024-11-22T09:12:33.755+0000] {taskinstance.py:3132} INFO - Exporting env vars: AIRFLOW_CTX_DAG_OWNER='***' AIRFLOW_CTX_DAG_ID='weather_stock_prediction' AIRFLOW_CTX_TASK_ID='delete_prediction_table' AIRFLOW_CTX_EXECUTION_DATE='2024-11-22T09:12:27.923624+00:00' AIRFLOW_CTX_TRY_NUMBER='1' AIRFLOW_CTX_DAG_RUN_ID='manual__2024-11-22T09:12:27.923624+00:00'
[2024-11-22T09:12:33.763+0000] {logging_mixin.py:190} INFO - Task instance is in running state
[2024-11-22T09:12:33.764+0000] {logging_mixin.py:190} INFO -  Previous state of the Task instance: queued
[2024-11-22T09:12:33.764+0000] {logging_mixin.py:190} INFO - Current task name:delete_prediction_table state:running start_date:2024-11-22 09:12:33.268414+00:00
[2024-11-22T09:12:33.765+0000] {logging_mixin.py:190} INFO - Dag name:weather_stock_prediction and current dag run status:running
[2024-11-22T09:12:33.766+0000] {taskinstance.py:731} INFO - ::endgroup::
[2024-11-22T09:12:33.767+0000] {sql.py:278} INFO - Executing: 
    DELETE FROM predictions;
    
[2024-11-22T09:12:33.811+0000] {base.py:84} INFO - Retrieving connection 'asdfg'
[2024-11-22T09:12:33.826+0000] {base.py:84} INFO - Retrieving connection 'asdfg'
[2024-11-22T09:12:33.849+0000] {sql.py:544} INFO - Running statement: 
    DELETE FROM predictions;
    , parameters: None
[2024-11-22T09:12:33.851+0000] {sql.py:553} INFO - Rows affected: 0
[2024-11-22T09:12:33.866+0000] {taskinstance.py:340} INFO - ::group::Post task execution logs
[2024-11-22T09:12:33.867+0000] {taskinstance.py:352} INFO - Marking task as SUCCESS. dag_id=weather_stock_prediction, task_id=delete_prediction_table, run_id=manual__2024-11-22T09:12:27.923624+00:00, execution_date=20241122T091227, start_date=20241122T091233, end_date=20241122T091233
[2024-11-22T09:12:33.882+0000] {logging_mixin.py:190} INFO - Task instance in success state
[2024-11-22T09:12:33.883+0000] {logging_mixin.py:190} INFO -  Previous state of the Task instance: running
[2024-11-22T09:12:33.887+0000] {logging_mixin.py:190} INFO - Dag name:weather_stock_prediction queued_at:2024-11-22 09:12:27.929530+00:00
[2024-11-22T09:12:33.887+0000] {logging_mixin.py:190} INFO - Task hostname:cba1e82f0ade operator:PostgresOperator
[2024-11-22T09:12:33.924+0000] {local_task_job_runner.py:266} INFO - Task exited with return code 0
[2024-11-22T09:12:33.952+0000] {taskinstance.py:3895} INFO - 0 downstream tasks scheduled from follow-on schedule check
[2024-11-22T09:12:33.955+0000] {local_task_job_runner.py:245} INFO - ::endgroup::
