[2024-11-22T06:14:51.831+0000] {local_task_job_runner.py:123} INFO - ::group::Pre task execution logs
[2024-11-22T06:14:51.840+0000] {taskinstance.py:2613} INFO - Dependencies all met for dep_context=non-requeueable deps ti=<TaskInstance: weather_stock_prediction.train_model manual__2024-11-22T06:04:39.565298+00:00 [queued]>
[2024-11-22T06:14:51.846+0000] {taskinstance.py:2613} INFO - Dependencies all met for dep_context=requeueable deps ti=<TaskInstance: weather_stock_prediction.train_model manual__2024-11-22T06:04:39.565298+00:00 [queued]>
[2024-11-22T06:14:51.846+0000] {taskinstance.py:2866} INFO - Starting attempt 1 of 2
[2024-11-22T06:14:51.851+0000] {taskinstance.py:2889} INFO - Executing <Task(PythonOperator): train_model> on 2024-11-22 06:04:39.565298+00:00
[2024-11-22T06:14:51.856+0000] {warnings.py:112} WARNING - /home/***/.local/lib/python3.12/site-packages/***/task/task_runner/standard_task_runner.py:70: DeprecationWarning: This process (pid=4460) is multi-threaded, use of fork() may lead to deadlocks in the child.
  pid = os.fork()

[2024-11-22T06:14:51.856+0000] {standard_task_runner.py:72} INFO - Started process 4471 to run task
[2024-11-22T06:14:51.857+0000] {standard_task_runner.py:104} INFO - Running: ['***', 'tasks', 'run', 'weather_stock_prediction', 'train_model', 'manual__2024-11-22T06:04:39.565298+00:00', '--job-id', '561', '--raw', '--subdir', 'DAGS_FOLDER/dag.py', '--cfg-path', '/tmp/tmpl24r2qg8']
[2024-11-22T06:14:51.857+0000] {standard_task_runner.py:105} INFO - Job 561: Subtask train_model
[2024-11-22T06:14:51.878+0000] {task_command.py:467} INFO - Running <TaskInstance: weather_stock_prediction.train_model manual__2024-11-22T06:04:39.565298+00:00 [running]> on host cba1e82f0ade
[2024-11-22T06:14:51.909+0000] {taskinstance.py:3132} INFO - Exporting env vars: AIRFLOW_CTX_DAG_OWNER='***' AIRFLOW_CTX_DAG_ID='weather_stock_prediction' AIRFLOW_CTX_TASK_ID='train_model' AIRFLOW_CTX_EXECUTION_DATE='2024-11-22T06:04:39.565298+00:00' AIRFLOW_CTX_TRY_NUMBER='1' AIRFLOW_CTX_DAG_RUN_ID='manual__2024-11-22T06:04:39.565298+00:00'
[2024-11-22T06:14:51.909+0000] {logging_mixin.py:190} INFO - Task instance is in running state
[2024-11-22T06:14:51.910+0000] {logging_mixin.py:190} INFO -  Previous state of the Task instance: queued
[2024-11-22T06:14:51.910+0000] {logging_mixin.py:190} INFO - Current task name:train_model state:running start_date:2024-11-22 06:14:51.841064+00:00
[2024-11-22T06:14:51.910+0000] {logging_mixin.py:190} INFO - Dag name:weather_stock_prediction and current dag run status:running
[2024-11-22T06:14:51.910+0000] {taskinstance.py:731} INFO - ::endgroup::
[2024-11-22T06:14:51.937+0000] {logging_mixin.py:190} INFO - Mean Squared Error: 227.16070361395447
[2024-11-22T06:14:51.938+0000] {python.py:240} INFO - Done. Returned value was: None
[2024-11-22T06:14:51.944+0000] {taskinstance.py:340} INFO - ::group::Post task execution logs
[2024-11-22T06:14:51.944+0000] {taskinstance.py:352} INFO - Marking task as SUCCESS. dag_id=weather_stock_prediction, task_id=train_model, run_id=manual__2024-11-22T06:04:39.565298+00:00, execution_date=20241122T060439, start_date=20241122T061451, end_date=20241122T061451
[2024-11-22T06:14:51.949+0000] {logging_mixin.py:190} INFO - Task instance in success state
[2024-11-22T06:14:51.950+0000] {logging_mixin.py:190} INFO -  Previous state of the Task instance: running
[2024-11-22T06:14:51.950+0000] {logging_mixin.py:190} INFO - Dag name:weather_stock_prediction queued_at:2024-11-22 06:04:39.574516+00:00
[2024-11-22T06:14:51.950+0000] {logging_mixin.py:190} INFO - Task hostname:cba1e82f0ade operator:PythonOperator
[2024-11-22T06:14:51.998+0000] {local_task_job_runner.py:266} INFO - Task exited with return code 0
[2024-11-22T06:14:52.010+0000] {taskinstance.py:3895} INFO - 0 downstream tasks scheduled from follow-on schedule check
[2024-11-22T06:14:52.010+0000] {local_task_job_runner.py:245} INFO - ::endgroup::
