[2024-11-22T06:24:03.507+0000] {local_task_job_runner.py:123} INFO - ::group::Pre task execution logs
[2024-11-22T06:24:03.525+0000] {taskinstance.py:2613} INFO - Dependencies all met for dep_context=non-requeueable deps ti=<TaskInstance: weather_stock_prediction.create_prediction_table manual__2024-11-22T06:24:00.857924+00:00 [queued]>
[2024-11-22T06:24:03.531+0000] {taskinstance.py:2613} INFO - Dependencies all met for dep_context=requeueable deps ti=<TaskInstance: weather_stock_prediction.create_prediction_table manual__2024-11-22T06:24:00.857924+00:00 [queued]>
[2024-11-22T06:24:03.531+0000] {taskinstance.py:2866} INFO - Starting attempt 1 of 2
[2024-11-22T06:24:03.551+0000] {taskinstance.py:2889} INFO - Executing <Task(PostgresOperator): create_prediction_table> on 2024-11-22 06:24:00.857924+00:00
[2024-11-22T06:24:03.566+0000] {warnings.py:112} WARNING - /home/***/.local/lib/python3.12/site-packages/***/task/task_runner/standard_task_runner.py:70: DeprecationWarning: This process (pid=6428) is multi-threaded, use of fork() may lead to deadlocks in the child.
  pid = os.fork()

[2024-11-22T06:24:03.569+0000] {standard_task_runner.py:72} INFO - Started process 6501 to run task
[2024-11-22T06:24:03.569+0000] {standard_task_runner.py:104} INFO - Running: ['***', 'tasks', 'run', 'weather_stock_prediction', 'create_prediction_table', 'manual__2024-11-22T06:24:00.857924+00:00', '--job-id', '674', '--raw', '--subdir', 'DAGS_FOLDER/dag.py', '--cfg-path', '/tmp/tmpktidr0ab']
[2024-11-22T06:24:03.573+0000] {standard_task_runner.py:105} INFO - Job 674: Subtask create_prediction_table
[2024-11-22T06:24:03.625+0000] {task_command.py:467} INFO - Running <TaskInstance: weather_stock_prediction.create_prediction_table manual__2024-11-22T06:24:00.857924+00:00 [running]> on host cba1e82f0ade
[2024-11-22T06:24:03.710+0000] {taskinstance.py:3132} INFO - Exporting env vars: AIRFLOW_CTX_DAG_OWNER='***' AIRFLOW_CTX_DAG_ID='weather_stock_prediction' AIRFLOW_CTX_TASK_ID='create_prediction_table' AIRFLOW_CTX_EXECUTION_DATE='2024-11-22T06:24:00.857924+00:00' AIRFLOW_CTX_TRY_NUMBER='1' AIRFLOW_CTX_DAG_RUN_ID='manual__2024-11-22T06:24:00.857924+00:00'
[2024-11-22T06:24:03.712+0000] {logging_mixin.py:190} INFO - Task instance is in running state
[2024-11-22T06:24:03.713+0000] {logging_mixin.py:190} INFO -  Previous state of the Task instance: queued
[2024-11-22T06:24:03.717+0000] {logging_mixin.py:190} INFO - Current task name:create_prediction_table state:running start_date:2024-11-22 06:24:03.525905+00:00
[2024-11-22T06:24:03.721+0000] {logging_mixin.py:190} INFO - Dag name:weather_stock_prediction and current dag run status:running
[2024-11-22T06:24:03.722+0000] {taskinstance.py:731} INFO - ::endgroup::
[2024-11-22T06:24:03.723+0000] {sql.py:278} INFO - Executing: 
    CREATE TABLE IF NOT EXISTS predictions (
        id INT,
        date TIMESTAMP,
        temperature FLOAT, 
        min_temperature FLOAT,
        max_temperature FLOAT,
        humidity FLOAT,
        wind_speed FLOAT,
        price FLOAT
    );
    
[2024-11-22T06:24:03.736+0000] {base.py:84} INFO - Retrieving connection 'asdfg'
[2024-11-22T06:24:03.748+0000] {base.py:84} INFO - Retrieving connection 'asdfg'
[2024-11-22T06:24:03.753+0000] {sql.py:544} INFO - Running statement: 
    CREATE TABLE IF NOT EXISTS predictions (
        id INT,
        date TIMESTAMP,
        temperature FLOAT, 
        min_temperature FLOAT,
        max_temperature FLOAT,
        humidity FLOAT,
        wind_speed FLOAT,
        price FLOAT
    );
    , parameters: None
[2024-11-22T06:24:03.765+0000] {taskinstance.py:340} INFO - ::group::Post task execution logs
[2024-11-22T06:24:03.765+0000] {taskinstance.py:352} INFO - Marking task as SUCCESS. dag_id=weather_stock_prediction, task_id=create_prediction_table, run_id=manual__2024-11-22T06:24:00.857924+00:00, execution_date=20241122T062400, start_date=20241122T062403, end_date=20241122T062403
[2024-11-22T06:24:03.780+0000] {logging_mixin.py:190} INFO - Task instance in success state
[2024-11-22T06:24:03.781+0000] {logging_mixin.py:190} INFO -  Previous state of the Task instance: running
[2024-11-22T06:24:03.782+0000] {logging_mixin.py:190} INFO - Dag name:weather_stock_prediction queued_at:2024-11-22 06:24:00.868266+00:00
[2024-11-22T06:24:03.782+0000] {logging_mixin.py:190} INFO - Task hostname:cba1e82f0ade operator:PostgresOperator
[2024-11-22T06:24:03.795+0000] {local_task_job_runner.py:266} INFO - Task exited with return code 0
[2024-11-22T06:24:03.819+0000] {taskinstance.py:3895} INFO - 0 downstream tasks scheduled from follow-on schedule check
[2024-11-22T06:24:03.821+0000] {local_task_job_runner.py:245} INFO - ::endgroup::
