[2024-11-22T06:20:55.336+0000] {local_task_job_runner.py:123} INFO - ::group::Pre task execution logs
[2024-11-22T06:20:55.345+0000] {taskinstance.py:2613} INFO - Dependencies all met for dep_context=non-requeueable deps ti=<TaskInstance: weather_stock_prediction.predict_prices manual__2024-11-22T06:15:40.421682+00:00 [queued]>
[2024-11-22T06:20:55.348+0000] {taskinstance.py:2613} INFO - Dependencies all met for dep_context=requeueable deps ti=<TaskInstance: weather_stock_prediction.predict_prices manual__2024-11-22T06:15:40.421682+00:00 [queued]>
[2024-11-22T06:20:55.348+0000] {taskinstance.py:2866} INFO - Starting attempt 2 of 2
[2024-11-22T06:20:55.352+0000] {taskinstance.py:2889} INFO - Executing <Task(PythonOperator): predict_prices> on 2024-11-22 06:15:40.421682+00:00
[2024-11-22T06:20:55.365+0000] {warnings.py:112} WARNING - /home/***/.local/lib/python3.12/site-packages/***/task/task_runner/standard_task_runner.py:70: DeprecationWarning: This process (pid=5901) is multi-threaded, use of fork() may lead to deadlocks in the child.
  pid = os.fork()

[2024-11-22T06:20:55.367+0000] {standard_task_runner.py:72} INFO - Started process 5912 to run task
[2024-11-22T06:20:55.367+0000] {standard_task_runner.py:104} INFO - Running: ['***', 'tasks', 'run', 'weather_stock_prediction', 'predict_prices', 'manual__2024-11-22T06:15:40.421682+00:00', '--job-id', '644', '--raw', '--subdir', 'DAGS_FOLDER/dag.py', '--cfg-path', '/tmp/tmp1g3e1fdt']
[2024-11-22T06:20:55.368+0000] {standard_task_runner.py:105} INFO - Job 644: Subtask predict_prices
[2024-11-22T06:20:55.398+0000] {task_command.py:467} INFO - Running <TaskInstance: weather_stock_prediction.predict_prices manual__2024-11-22T06:15:40.421682+00:00 [running]> on host cba1e82f0ade
[2024-11-22T06:20:55.564+0000] {taskinstance.py:3132} INFO - Exporting env vars: AIRFLOW_CTX_DAG_OWNER='***' AIRFLOW_CTX_DAG_ID='weather_stock_prediction' AIRFLOW_CTX_TASK_ID='predict_prices' AIRFLOW_CTX_EXECUTION_DATE='2024-11-22T06:15:40.421682+00:00' AIRFLOW_CTX_TRY_NUMBER='2' AIRFLOW_CTX_DAG_RUN_ID='manual__2024-11-22T06:15:40.421682+00:00'
[2024-11-22T06:20:55.566+0000] {logging_mixin.py:190} INFO - Task instance is in running state
[2024-11-22T06:20:55.566+0000] {logging_mixin.py:190} INFO -  Previous state of the Task instance: queued
[2024-11-22T06:20:55.566+0000] {logging_mixin.py:190} INFO - Current task name:predict_prices state:running start_date:2024-11-22 06:20:55.345543+00:00
[2024-11-22T06:20:55.566+0000] {logging_mixin.py:190} INFO - Dag name:weather_stock_prediction and current dag run status:running
[2024-11-22T06:20:55.567+0000] {taskinstance.py:731} INFO - ::endgroup::
[2024-11-22T06:20:55.626+0000] {python.py:240} INFO - Done. Returned value was: None
[2024-11-22T06:20:55.631+0000] {taskinstance.py:340} INFO - ::group::Post task execution logs
[2024-11-22T06:20:55.631+0000] {taskinstance.py:352} INFO - Marking task as SUCCESS. dag_id=weather_stock_prediction, task_id=predict_prices, run_id=manual__2024-11-22T06:15:40.421682+00:00, execution_date=20241122T061540, start_date=20241122T062055, end_date=20241122T062055
[2024-11-22T06:20:55.635+0000] {logging_mixin.py:190} INFO - Task instance in success state
[2024-11-22T06:20:55.635+0000] {logging_mixin.py:190} INFO -  Previous state of the Task instance: running
[2024-11-22T06:20:55.635+0000] {logging_mixin.py:190} INFO - Dag name:weather_stock_prediction queued_at:2024-11-22 06:15:40.440180+00:00
[2024-11-22T06:20:55.635+0000] {logging_mixin.py:190} INFO - Task hostname:cba1e82f0ade operator:PythonOperator
[2024-11-22T06:20:55.653+0000] {local_task_job_runner.py:266} INFO - Task exited with return code 0
[2024-11-22T06:20:55.666+0000] {taskinstance.py:3895} INFO - 1 downstream tasks scheduled from follow-on schedule check
[2024-11-22T06:20:55.667+0000] {local_task_job_runner.py:245} INFO - ::endgroup::
