[2024-11-21T03:46:01.589+0000] {local_task_job_runner.py:123} INFO - ::group::Pre task execution logs
[2024-11-21T03:46:01.602+0000] {taskinstance.py:2613} INFO - Dependencies all met for dep_context=non-requeueable deps ti=<TaskInstance: weather_stock_prediction.get_weather_forecast manual__2024-11-21T03:45:59.410574+00:00 [queued]>
[2024-11-21T03:46:01.611+0000] {taskinstance.py:2613} INFO - Dependencies all met for dep_context=requeueable deps ti=<TaskInstance: weather_stock_prediction.get_weather_forecast manual__2024-11-21T03:45:59.410574+00:00 [queued]>
[2024-11-21T03:46:01.612+0000] {taskinstance.py:2866} INFO - Starting attempt 1 of 2
[2024-11-21T03:46:01.632+0000] {taskinstance.py:2889} INFO - Executing <Task(PythonOperator): get_weather_forecast> on 2024-11-21 03:45:59.410574+00:00
[2024-11-21T03:46:01.648+0000] {warnings.py:112} WARNING - /home/***/.local/lib/python3.12/site-packages/***/task/task_runner/standard_task_runner.py:70: DeprecationWarning: This process (pid=783) is multi-threaded, use of fork() may lead to deadlocks in the child.
  pid = os.fork()

[2024-11-21T03:46:01.652+0000] {standard_task_runner.py:72} INFO - Started process 847 to run task
[2024-11-21T03:46:01.652+0000] {standard_task_runner.py:104} INFO - Running: ['***', 'tasks', 'run', 'weather_stock_prediction', 'get_weather_forecast', 'manual__2024-11-21T03:45:59.410574+00:00', '--job-id', '171', '--raw', '--subdir', 'DAGS_FOLDER/dag.py', '--cfg-path', '/tmp/tmpgvy2z9bu']
[2024-11-21T03:46:01.654+0000] {standard_task_runner.py:105} INFO - Job 171: Subtask get_weather_forecast
[2024-11-21T03:46:01.701+0000] {task_command.py:467} INFO - Running <TaskInstance: weather_stock_prediction.get_weather_forecast manual__2024-11-21T03:45:59.410574+00:00 [running]> on host cba1e82f0ade
[2024-11-21T03:46:01.779+0000] {taskinstance.py:3132} INFO - Exporting env vars: AIRFLOW_CTX_DAG_OWNER='***' AIRFLOW_CTX_DAG_ID='weather_stock_prediction' AIRFLOW_CTX_TASK_ID='get_weather_forecast' AIRFLOW_CTX_EXECUTION_DATE='2024-11-21T03:45:59.410574+00:00' AIRFLOW_CTX_TRY_NUMBER='1' AIRFLOW_CTX_DAG_RUN_ID='manual__2024-11-21T03:45:59.410574+00:00'
[2024-11-21T03:46:01.783+0000] {logging_mixin.py:190} INFO - Task instance is in running state
[2024-11-21T03:46:01.783+0000] {logging_mixin.py:190} INFO -  Previous state of the Task instance: queued
[2024-11-21T03:46:01.784+0000] {logging_mixin.py:190} INFO - Current task name:get_weather_forecast state:running start_date:2024-11-21 03:46:01.603668+00:00
[2024-11-21T03:46:01.785+0000] {logging_mixin.py:190} INFO - Dag name:weather_stock_prediction and current dag run status:running
[2024-11-21T03:46:01.785+0000] {taskinstance.py:731} INFO - ::endgroup::
[2024-11-21T03:46:02.426+0000] {logging_mixin.py:190} INFO - {'city': {'id': 5391959, 'name': 'San Francisco', 'coord': {'lon': -122.4194, 'lat': 37.7749}, 'country': 'US', 'population': 805235, 'timezone': -28800}, 'cod': '200', 'message': 3.0338654, 'cnt': 16, 'list': [{'dt': 1732129200, 'sunrise': 1732114561, 'sunset': 1732150515, 'temp': {'day': 14.48, 'min': 12.08, 'max': 14.77, 'night': 13.63, 'eve': 13.94, 'morn': 12.7}, 'feels_like': {'day': 13.73, 'night': 13.11, 'eve': 13.37, 'morn': 11.49}, 'pressure': 1017, 'humidity': 67, 'weather': [{'id': 500, 'main': 'Rain', 'description': 'light rain', 'icon': '10d'}], 'speed': 12.76, 'deg': 173, 'gust': 19.43, 'clouds': 100, 'pop': 0.8, 'rain': 3.59}, {'dt': 1732215600, 'sunrise': 1732201024, 'sunset': 1732236883, 'temp': {'day': 15.01, 'min': 13.85, 'max': 15.42, 'night': 14.67, 'eve': 15.14, 'morn': 14.66}, 'feels_like': {'day': 14.6, 'night': 14.39, 'eve': 14.88, 'morn': 14.11}, 'pressure': 1019, 'humidity': 78, 'weather': [{'id': 501, 'main': 'Rain', 'description': 'moderate rain', 'icon': '10d'}], 'speed': 11.43, 'deg': 173, 'gust': 18.91, 'clouds': 100, 'pop': 0.83, 'rain': 4.2}, {'dt': 1732302000, 'sunrise': 1732287487, 'sunset': 1732323253, 'temp': {'day': 14.45, 'min': 13.38, 'max': 15.08, 'night': 13.38, 'eve': 14.15, 'morn': 14.9}, 'feels_like': {'day': 14.3, 'night': 13.07, 'eve': 14.05, 'morn': 14.67}, 'pressure': 1014, 'humidity': 90, 'weather': [{'id': 501, 'main': 'Rain', 'description': 'moderate rain', 'icon': '10d'}], 'speed': 10.12, 'deg': 169, 'gust': 17.69, 'clouds': 100, 'pop': 1, 'rain': 13.96}, {'dt': 1732388400, 'sunrise': 1732373949, 'sunset': 1732409626, 'temp': {'day': 12.62, 'min': 11.06, 'max': 13.27, 'night': 11.06, 'eve': 12.7, 'morn': 11.43}, 'feels_like': {'day': 11.79, 'night': 10.1, 'eve': 11.72, 'morn': 10.82}, 'pressure': 1018, 'humidity': 71, 'weather': [{'id': 500, 'main': 'Rain', 'description': 'light rain', 'icon': '10d'}], 'speed': 7.54, 'deg': 270, 'gust': 10.89, 'clouds': 35, 'pop': 0.94, 'rain': 0.54}, {'dt': 1732474800, 'sunrise': 1732460411, 'sunset': 1732496000, 'temp': {'day': 11.05, 'min': 9.73, 'max': 11.21, 'night': 11.21, 'eve': 10.92, 'morn': 10.74}, 'feels_like': {'day': 10.04, 'night': 10.71, 'eve': 10.16, 'morn': 9.65}, 'pressure': 1015, 'humidity': 70, 'weather': [{'id': 500, 'main': 'Rain', 'description': 'light rain', 'icon': '10d'}], 'speed': 5.25, 'deg': 125, 'gust': 8.32, 'clouds': 100, 'pop': 1, 'rain': 5.59}, {'dt': 1732561200, 'sunrise': 1732546872, 'sunset': 1732582376, 'temp': {'day': 12.91, 'min': 11.46, 'max': 13.6, 'night': 11.63, 'eve': 13.07, 'morn': 11.66}, 'feels_like': {'day': 12.37, 'night': 11.02, 'eve': 12.29, 'morn': 11.18}, 'pressure': 1015, 'humidity': 81, 'weather': [{'id': 500, 'main': 'Rain', 'description': 'light rain', 'icon': '10d'}], 'speed': 4.93, 'deg': 241, 'gust': 7.94, 'clouds': 96, 'pop': 0.81, 'rain': 3.72}, {'dt': 1732647600, 'sunrise': 1732633333, 'sunset': 1732668754, 'temp': {'day': 12.31, 'min': 10.42, 'max': 13.36, 'night': 10.99, 'eve': 13.05, 'morn': 10.85}, 'feels_like': {'day': 11.63, 'night': 10.1, 'eve': 12.21, 'morn': 10.24}, 'pressure': 1021, 'humidity': 78, 'weather': [{'id': 500, 'main': 'Rain', 'description': 'light rain', 'icon': '10d'}], 'speed': 3.77, 'deg': 51, 'gust': 6.31, 'clouds': 23, 'pop': 0.71, 'rain': 2.45}, {'dt': 1732734000, 'sunrise': 1732719793, 'sunset': 1732755134, 'temp': {'day': 11.13, 'min': 9.09, 'max': 13.41, 'night': 10.88, 'eve': 13.41, 'morn': 9.52}, 'feels_like': {'day': 9.94, 'night': 9.59, 'eve': 12.16, 'morn': 8.19}, 'pressure': 1025, 'humidity': 63, 'weather': [{'id': 800, 'main': 'Clear', 'description': 'sky is clear', 'icon': '01d'}], 'speed': 3.38, 'deg': 36, 'gust': 4.71, 'clouds': 0, 'pop': 0}, {'dt': 1732820400, 'sunrise': 1732806252, 'sunset': 1732841516, 'temp': {'day': 9.94, 'min': 8.02, 'max': 13.34, 'night': 10.62, 'eve': 13.34, 'morn': 8.93}, 'feels_like': {'day': 8.09, 'night': 9.43, 'eve': 12.14, 'morn': 6.78}, 'pressure': 1023, 'humidity': 63, 'weather': [{'id': 801, 'main': 'Clouds', 'description': 'few clouds', 'icon': '02d'}], 'speed': 3.87, 'deg': 42, 'gust': 4.93, 'clouds': 15, 'pop': 0}, {'dt': 1732906800, 'sunrise': 1732892711, 'sunset': 1732927900, 'temp': {'day': 10.25, 'min': 8.37, 'max': 12.47, 'night': 10.45, 'eve': 12.31, 'morn': 8.98}, 'feels_like': {'day': 8.79, 'night': 9.2, 'eve': 10.93, 'morn': 7.35}, 'pressure': 1020, 'humidity': 56, 'weather': [{'id': 804, 'main': 'Clouds', 'description': 'overcast clouds', 'icon': '04d'}], 'speed': 2.91, 'deg': 48, 'gust': 3.16, 'clouds': 93, 'pop': 0}, {'dt': 1732993200, 'sunrise': 1732979168, 'sunset': 1733014286, 'temp': {'day': 10.98, 'min': 9.39, 'max': 12.64, 'night': 11.1, 'eve': 12.64, 'morn': 9.62}, 'feels_like': {'day': 9.6, 'night': 9.91, 'eve': 11.37, 'morn': 8.89}, 'pressure': 1020, 'humidity': 56, 'weather': [{'id': 803, 'main': 'Clouds', 'description': 'broken clouds', 'icon': '04d'}], 'speed': 2.39, 'deg': 46, 'gust': 2.46, 'clouds': 80, 'pop': 0}, {'dt': 1733079600, 'sunrise': 1733065625, 'sunset': 1733100674, 'temp': {'day': 11.83, 'min': 10.61, 'max': 13.75, 'night': 12.03, 'eve': 13.75, 'morn': 10.61}, 'feels_like': {'day': 10.5, 'night': 10.78, 'eve': 12.49, 'morn': 9.35}, 'pressure': 1022, 'humidity': 55, 'weather': [{'id': 804, 'main': 'Clouds', 'description': 'overcast clouds', 'icon': '04d'}], 'speed': 2, 'deg': 344, 'gust': 2.51, 'clouds': 100, 'pop': 0}, {'dt': 1733166000, 'sunrise': 1733152081, 'sunset': 1733187064, 'temp': {'day': 12.28, 'min': 10.95, 'max': 14.31, 'night': 12.57, 'eve': 14.31, 'morn': 11.14}, 'feels_like': {'day': 11, 'night': 11.48, 'eve': 13.18, 'morn': 9.88}, 'pressure': 1023, 'humidity': 55, 'weather': [{'id': 804, 'main': 'Clouds', 'description': 'overcast clouds', 'icon': '04d'}], 'speed': 2.65, 'deg': 59, 'gust': 2.89, 'clouds': 100, 'pop': 0}, {'dt': 1733252400, 'sunrise': 1733238536, 'sunset': 1733273456, 'temp': {'day': 13.08, 'min': 11.47, 'max': 15.19, 'night': 13.58, 'eve': 15.19, 'morn': 11.85}, 'feels_like': {'day': 12.01, 'night': 12.66, 'eve': 14.25, 'morn': 10.76}, 'pressure': 1023, 'humidity': 60, 'weather': [{'id': 804, 'main': 'Clouds', 'description': 'overcast clouds', 'icon': '04d'}], 'speed': 2.71, 'deg': 61, 'gust': 2.88, 'clouds': 99, 'pop': 0}, {'dt': 1733342400, 'sunrise': 1733324990, 'sunset': 1733359850, 'temp': {'day': 15.4, 'min': 12.78, 'max': 15.4, 'night': 14.74, 'eve': 14.81, 'morn': 12.78}, 'feels_like': {'day': 14.9, 'night': 14.67, 'eve': 14.67, 'morn': 11.97}, 'pressure': 1017, 'humidity': 73, 'weather': [{'id': 501, 'main': 'Rain', 'description': 'moderate rain', 'icon': '10d'}], 'speed': 7.7, 'deg': 163, 'gust': 14.95, 'clouds': 100, 'pop': 1, 'rain': 14.59}, {'dt': 1733428800, 'sunrise': 1733411443, 'sunset': 1733446247, 'temp': {'day': 16.07, 'min': 14.32, 'max': 16.07, 'night': 15.89, 'eve': 16.06, 'morn': 14.32}, 'feels_like': {'day': 16, 'night': 16.07, 'eve': 16.2, 'morn': 14.29}, 'pressure': 1018, 'humidity': 87, 'weather': [{'id': 502, 'main': 'Rain', 'description': 'heavy intensity rain', 'icon': '10d'}], 'speed': 7.61, 'deg': 168, 'gust': 14.96, 'clouds': 99, 'pop': 1, 'rain': 42.29}]}
[2024-11-21T03:46:02.433+0000] {logging_mixin.py:190} INFO - 7-day weather forecast data extracted successfully.
[2024-11-21T03:46:02.459+0000] {python.py:240} INFO - Done. Returned value was:           date  temperature  ...  humidity  wind_speed
0   2024-11-20        14.48  ...        67       12.76
1   2024-11-21        15.01  ...        78       11.43
2   2024-11-22        14.45  ...        90       10.12
3   2024-11-23        12.62  ...        71        7.54
4   2024-11-24        11.05  ...        70        5.25
5   2024-11-25        12.91  ...        81        4.93
6   2024-11-26        12.31  ...        78        3.77
7   2024-11-27        11.13  ...        63        3.38
8   2024-11-28         9.94  ...        63        3.87
9   2024-11-29        10.25  ...        56        2.91
10  2024-11-30        10.98  ...        56        2.39
11  2024-12-01        11.83  ...        55        2.00
12  2024-12-02        12.28  ...        55        2.65
13  2024-12-03        13.08  ...        60        2.71
14  2024-12-04        15.40  ...        73        7.70
15  2024-12-05        16.07  ...        87        7.61

[16 rows x 6 columns]
[2024-11-21T03:46:02.478+0000] {taskinstance.py:340} INFO - ::group::Post task execution logs
[2024-11-21T03:46:02.479+0000] {taskinstance.py:352} INFO - Marking task as SUCCESS. dag_id=weather_stock_prediction, task_id=get_weather_forecast, run_id=manual__2024-11-21T03:45:59.410574+00:00, execution_date=20241121T034559, start_date=20241121T034601, end_date=20241121T034602
[2024-11-21T03:46:02.482+0000] {logging_mixin.py:190} INFO - Task instance in success state
[2024-11-21T03:46:02.482+0000] {logging_mixin.py:190} INFO -  Previous state of the Task instance: running
[2024-11-21T03:46:02.483+0000] {logging_mixin.py:190} INFO - Dag name:weather_stock_prediction queued_at:2024-11-21 03:45:59.419264+00:00
[2024-11-21T03:46:02.483+0000] {logging_mixin.py:190} INFO - Task hostname:cba1e82f0ade operator:PythonOperator
[2024-11-21T03:46:02.492+0000] {local_task_job_runner.py:266} INFO - Task exited with return code 0
[2024-11-21T03:46:02.505+0000] {taskinstance.py:3895} INFO - 0 downstream tasks scheduled from follow-on schedule check
[2024-11-21T03:46:02.505+0000] {local_task_job_runner.py:245} INFO - ::endgroup::
