[2024-11-22T06:09:58.390+0000] {local_task_job_runner.py:123} INFO - ::group::Pre task execution logs
[2024-11-22T06:09:58.400+0000] {taskinstance.py:2613} INFO - Dependencies all met for dep_context=non-requeueable deps ti=<TaskInstance: weather_stock_prediction.get_postgres_data manual__2024-11-22T06:09:56.262649+00:00 [queued]>
[2024-11-22T06:09:58.407+0000] {taskinstance.py:2613} INFO - Dependencies all met for dep_context=requeueable deps ti=<TaskInstance: weather_stock_prediction.get_postgres_data manual__2024-11-22T06:09:56.262649+00:00 [queued]>
[2024-11-22T06:09:58.408+0000] {taskinstance.py:2866} INFO - Starting attempt 1 of 2
[2024-11-22T06:09:58.417+0000] {taskinstance.py:2889} INFO - Executing <Task(PythonOperator): get_postgres_data> on 2024-11-22 06:09:56.262649+00:00
[2024-11-22T06:09:58.424+0000] {warnings.py:112} WARNING - /home/***/.local/lib/python3.12/site-packages/***/task/task_runner/standard_task_runner.py:70: DeprecationWarning: This process (pid=3534) is multi-threaded, use of fork() may lead to deadlocks in the child.
  pid = os.fork()

[2024-11-22T06:09:58.428+0000] {standard_task_runner.py:72} INFO - Started process 3597 to run task
[2024-11-22T06:09:58.428+0000] {standard_task_runner.py:104} INFO - Running: ['***', 'tasks', 'run', 'weather_stock_prediction', 'get_postgres_data', 'manual__2024-11-22T06:09:56.262649+00:00', '--job-id', '505', '--raw', '--subdir', 'DAGS_FOLDER/dag.py', '--cfg-path', '/tmp/tmpdjvtth2v']
[2024-11-22T06:09:58.431+0000] {standard_task_runner.py:105} INFO - Job 505: Subtask get_postgres_data
[2024-11-22T06:09:58.482+0000] {task_command.py:467} INFO - Running <TaskInstance: weather_stock_prediction.get_postgres_data manual__2024-11-22T06:09:56.262649+00:00 [running]> on host cba1e82f0ade
[2024-11-22T06:09:58.531+0000] {taskinstance.py:3132} INFO - Exporting env vars: AIRFLOW_CTX_DAG_OWNER='***' AIRFLOW_CTX_DAG_ID='weather_stock_prediction' AIRFLOW_CTX_TASK_ID='get_postgres_data' AIRFLOW_CTX_EXECUTION_DATE='2024-11-22T06:09:56.262649+00:00' AIRFLOW_CTX_TRY_NUMBER='1' AIRFLOW_CTX_DAG_RUN_ID='manual__2024-11-22T06:09:56.262649+00:00'
[2024-11-22T06:09:58.532+0000] {logging_mixin.py:190} INFO - Task instance is in running state
[2024-11-22T06:09:58.532+0000] {logging_mixin.py:190} INFO -  Previous state of the Task instance: queued
[2024-11-22T06:09:58.532+0000] {logging_mixin.py:190} INFO - Current task name:get_postgres_data state:running start_date:2024-11-22 06:09:58.401213+00:00
[2024-11-22T06:09:58.533+0000] {logging_mixin.py:190} INFO - Dag name:weather_stock_prediction and current dag run status:running
[2024-11-22T06:09:58.533+0000] {taskinstance.py:731} INFO - ::endgroup::
[2024-11-22T06:09:58.540+0000] {base.py:84} INFO - Retrieving connection 'asdf'
[2024-11-22T06:09:58.565+0000] {python.py:240} INFO - Done. Returned value was: None
[2024-11-22T06:09:58.570+0000] {taskinstance.py:340} INFO - ::group::Post task execution logs
[2024-11-22T06:09:58.570+0000] {taskinstance.py:352} INFO - Marking task as SUCCESS. dag_id=weather_stock_prediction, task_id=get_postgres_data, run_id=manual__2024-11-22T06:09:56.262649+00:00, execution_date=20241122T060956, start_date=20241122T060958, end_date=20241122T060958
[2024-11-22T06:09:58.575+0000] {logging_mixin.py:190} INFO - Task instance in success state
[2024-11-22T06:09:58.575+0000] {logging_mixin.py:190} INFO -  Previous state of the Task instance: running
[2024-11-22T06:09:58.575+0000] {logging_mixin.py:190} INFO - Dag name:weather_stock_prediction queued_at:2024-11-22 06:09:56.270309+00:00
[2024-11-22T06:09:58.575+0000] {logging_mixin.py:190} INFO - Task hostname:cba1e82f0ade operator:PythonOperator
[2024-11-22T06:09:58.613+0000] {local_task_job_runner.py:266} INFO - Task exited with return code 0
[2024-11-22T06:09:58.627+0000] {taskinstance.py:3895} INFO - 0 downstream tasks scheduled from follow-on schedule check
[2024-11-22T06:09:58.628+0000] {local_task_job_runner.py:245} INFO - ::endgroup::
