[2024-11-21T04:42:14.085+0000] {local_task_job_runner.py:123} INFO - ::group::Pre task execution logs
[2024-11-21T04:42:14.095+0000] {taskinstance.py:2613} INFO - Dependencies all met for dep_context=non-requeueable deps ti=<TaskInstance: weather_stock_prediction.get_stock_data manual__2024-11-21T04:42:11.714334+00:00 [queued]>
[2024-11-21T04:42:14.100+0000] {taskinstance.py:2613} INFO - Dependencies all met for dep_context=requeueable deps ti=<TaskInstance: weather_stock_prediction.get_stock_data manual__2024-11-21T04:42:11.714334+00:00 [queued]>
[2024-11-21T04:42:14.101+0000] {taskinstance.py:2866} INFO - Starting attempt 1 of 2
[2024-11-21T04:42:14.109+0000] {taskinstance.py:2889} INFO - Executing <Task(PythonOperator): get_stock_data> on 2024-11-21 04:42:11.714334+00:00
[2024-11-21T04:42:14.117+0000] {standard_task_runner.py:104} INFO - Running: ['***', 'tasks', 'run', 'weather_stock_prediction', 'get_stock_data', 'manual__2024-11-21T04:42:11.714334+00:00', '--job-id', '297', '--raw', '--subdir', 'DAGS_FOLDER/dag.py', '--cfg-path', '/tmp/tmp1ct1xrou']
[2024-11-21T04:42:14.116+0000] {warnings.py:112} WARNING - /home/***/.local/lib/python3.12/site-packages/***/task/task_runner/standard_task_runner.py:70: DeprecationWarning: This process (pid=3324) is multi-threaded, use of fork() may lead to deadlocks in the child.
  pid = os.fork()

[2024-11-21T04:42:14.118+0000] {standard_task_runner.py:105} INFO - Job 297: Subtask get_stock_data
[2024-11-21T04:42:14.118+0000] {standard_task_runner.py:72} INFO - Started process 3390 to run task
[2024-11-21T04:42:14.186+0000] {task_command.py:467} INFO - Running <TaskInstance: weather_stock_prediction.get_stock_data manual__2024-11-21T04:42:11.714334+00:00 [running]> on host cba1e82f0ade
[2024-11-21T04:42:14.275+0000] {taskinstance.py:3132} INFO - Exporting env vars: AIRFLOW_CTX_DAG_OWNER='***' AIRFLOW_CTX_DAG_ID='weather_stock_prediction' AIRFLOW_CTX_TASK_ID='get_stock_data' AIRFLOW_CTX_EXECUTION_DATE='2024-11-21T04:42:11.714334+00:00' AIRFLOW_CTX_TRY_NUMBER='1' AIRFLOW_CTX_DAG_RUN_ID='manual__2024-11-21T04:42:11.714334+00:00'
[2024-11-21T04:42:14.278+0000] {logging_mixin.py:190} INFO - Task instance is in running state
[2024-11-21T04:42:14.278+0000] {logging_mixin.py:190} INFO -  Previous state of the Task instance: queued
[2024-11-21T04:42:14.280+0000] {logging_mixin.py:190} INFO - Current task name:get_stock_data state:running start_date:2024-11-21 04:42:14.096184+00:00
[2024-11-21T04:42:14.281+0000] {logging_mixin.py:190} INFO - Dag name:weather_stock_prediction and current dag run status:running
[2024-11-21T04:42:14.281+0000] {taskinstance.py:731} INFO - ::endgroup::
[2024-11-21T04:42:15.176+0000] {python.py:240} INFO - Done. Returned value was: None
[2024-11-21T04:42:15.180+0000] {taskinstance.py:340} INFO - ::group::Post task execution logs
[2024-11-21T04:42:15.181+0000] {taskinstance.py:352} INFO - Marking task as SUCCESS. dag_id=weather_stock_prediction, task_id=get_stock_data, run_id=manual__2024-11-21T04:42:11.714334+00:00, execution_date=20241121T044211, start_date=20241121T044214, end_date=20241121T044215
[2024-11-21T04:42:15.184+0000] {logging_mixin.py:190} INFO - Task instance in success state
[2024-11-21T04:42:15.184+0000] {logging_mixin.py:190} INFO -  Previous state of the Task instance: running
[2024-11-21T04:42:15.185+0000] {logging_mixin.py:190} INFO - Dag name:weather_stock_prediction queued_at:2024-11-21 04:42:11.724585+00:00
[2024-11-21T04:42:15.185+0000] {logging_mixin.py:190} INFO - Task hostname:cba1e82f0ade operator:PythonOperator
[2024-11-21T04:42:15.208+0000] {local_task_job_runner.py:266} INFO - Task exited with return code 0
[2024-11-21T04:42:15.220+0000] {taskinstance.py:3895} INFO - 1 downstream tasks scheduled from follow-on schedule check
[2024-11-21T04:42:15.220+0000] {local_task_job_runner.py:245} INFO - ::endgroup::
