[2024-11-21T03:47:22.276+0000] {local_task_job_runner.py:123} INFO - ::group::Pre task execution logs
[2024-11-21T03:47:22.283+0000] {taskinstance.py:2613} INFO - Dependencies all met for dep_context=non-requeueable deps ti=<TaskInstance: weather_stock_prediction.create_prediction_table manual__2024-11-21T03:42:18.676483+00:00 [queued]>
[2024-11-21T03:47:22.287+0000] {taskinstance.py:2613} INFO - Dependencies all met for dep_context=requeueable deps ti=<TaskInstance: weather_stock_prediction.create_prediction_table manual__2024-11-21T03:42:18.676483+00:00 [queued]>
[2024-11-21T03:47:22.287+0000] {taskinstance.py:2866} INFO - Starting attempt 2 of 2
[2024-11-21T03:47:22.294+0000] {taskinstance.py:2889} INFO - Executing <Task(PostgresOperator): create_prediction_table> on 2024-11-21 03:42:18.676483+00:00
[2024-11-21T03:47:22.301+0000] {warnings.py:112} WARNING - /home/***/.local/lib/python3.12/site-packages/***/task/task_runner/standard_task_runner.py:70: DeprecationWarning: This process (pid=875) is multi-threaded, use of fork() may lead to deadlocks in the child.
  pid = os.fork()

[2024-11-21T03:47:22.302+0000] {standard_task_runner.py:72} INFO - Started process 910 to run task
[2024-11-21T03:47:22.302+0000] {standard_task_runner.py:104} INFO - Running: ['***', 'tasks', 'run', 'weather_stock_prediction', 'create_prediction_table', 'manual__2024-11-21T03:42:18.676483+00:00', '--job-id', '177', '--raw', '--subdir', 'DAGS_FOLDER/dag.py', '--cfg-path', '/tmp/tmpq1em29lg']
[2024-11-21T03:47:22.303+0000] {standard_task_runner.py:105} INFO - Job 177: Subtask create_prediction_table
[2024-11-21T03:47:22.337+0000] {task_command.py:467} INFO - Running <TaskInstance: weather_stock_prediction.create_prediction_table manual__2024-11-21T03:42:18.676483+00:00 [running]> on host cba1e82f0ade
[2024-11-21T03:47:22.379+0000] {taskinstance.py:3132} INFO - Exporting env vars: AIRFLOW_CTX_DAG_OWNER='***' AIRFLOW_CTX_DAG_ID='weather_stock_prediction' AIRFLOW_CTX_TASK_ID='create_prediction_table' AIRFLOW_CTX_EXECUTION_DATE='2024-11-21T03:42:18.676483+00:00' AIRFLOW_CTX_TRY_NUMBER='2' AIRFLOW_CTX_DAG_RUN_ID='manual__2024-11-21T03:42:18.676483+00:00'
[2024-11-21T03:47:22.380+0000] {logging_mixin.py:190} INFO - Task instance is in running state
[2024-11-21T03:47:22.380+0000] {logging_mixin.py:190} INFO -  Previous state of the Task instance: queued
[2024-11-21T03:47:22.381+0000] {logging_mixin.py:190} INFO - Current task name:create_prediction_table state:running start_date:2024-11-21 03:47:22.283957+00:00
[2024-11-21T03:47:22.381+0000] {logging_mixin.py:190} INFO - Dag name:weather_stock_prediction and current dag run status:running
[2024-11-21T03:47:22.381+0000] {taskinstance.py:731} INFO - ::endgroup::
[2024-11-21T03:47:22.381+0000] {sql.py:278} INFO - Executing: 
    CREATE TABLE IF NOT EXISTS predictions (
        id INT,
        date TIMESTAMP,
        temperature FLOAT, 
        min_temperature FLOAT,
        max_temperature FLOAT,
        humidity FLOAT,
        wind_speed FLOAT,
        price FLOAT
    );
    
[2024-11-21T03:47:22.385+0000] {base.py:84} INFO - Retrieving connection 'asdfg'
[2024-11-21T03:47:22.388+0000] {base.py:84} INFO - Retrieving connection 'asdfg'
[2024-11-21T03:47:22.389+0000] {sql.py:544} INFO - Running statement: 
    CREATE TABLE IF NOT EXISTS predictions (
        id INT,
        date TIMESTAMP,
        temperature FLOAT, 
        min_temperature FLOAT,
        max_temperature FLOAT,
        humidity FLOAT,
        wind_speed FLOAT,
        price FLOAT
    );
    , parameters: None
[2024-11-21T03:47:22.394+0000] {taskinstance.py:340} INFO - ::group::Post task execution logs
[2024-11-21T03:47:22.395+0000] {taskinstance.py:352} INFO - Marking task as SUCCESS. dag_id=weather_stock_prediction, task_id=create_prediction_table, run_id=manual__2024-11-21T03:42:18.676483+00:00, execution_date=20241121T034218, start_date=20241121T034722, end_date=20241121T034722
[2024-11-21T03:47:22.398+0000] {logging_mixin.py:190} INFO - Task instance in success state
[2024-11-21T03:47:22.398+0000] {logging_mixin.py:190} INFO -  Previous state of the Task instance: running
[2024-11-21T03:47:22.398+0000] {logging_mixin.py:190} INFO - Dag name:weather_stock_prediction queued_at:2024-11-21 03:42:18.686906+00:00
[2024-11-21T03:47:22.399+0000] {logging_mixin.py:190} INFO - Task hostname:cba1e82f0ade operator:PostgresOperator
[2024-11-21T03:47:22.441+0000] {local_task_job_runner.py:266} INFO - Task exited with return code 0
[2024-11-21T03:47:22.445+0000] {local_task_job_runner.py:245} INFO - ::endgroup::
