[2024-11-22T09:06:27.240+0000] {local_task_job_runner.py:123} INFO - ::group::Pre task execution logs
[2024-11-22T09:06:27.246+0000] {taskinstance.py:2613} INFO - Dependencies all met for dep_context=non-requeueable deps ti=<TaskInstance: weather_stock_prediction.combine_data manual__2024-11-22T09:06:21.281592+00:00 [queued]>
[2024-11-22T09:06:27.249+0000] {taskinstance.py:2613} INFO - Dependencies all met for dep_context=requeueable deps ti=<TaskInstance: weather_stock_prediction.combine_data manual__2024-11-22T09:06:21.281592+00:00 [queued]>
[2024-11-22T09:06:27.249+0000] {taskinstance.py:2866} INFO - Starting attempt 1 of 2
[2024-11-22T09:06:27.253+0000] {taskinstance.py:2889} INFO - Executing <Task(PythonOperator): combine_data> on 2024-11-22 09:06:21.281592+00:00
[2024-11-22T09:06:27.258+0000] {warnings.py:112} WARNING - /home/***/.local/lib/python3.12/site-packages/***/task/task_runner/standard_task_runner.py:70: DeprecationWarning: This process (pid=20622) is multi-threaded, use of fork() may lead to deadlocks in the child.
  pid = os.fork()

[2024-11-22T09:06:27.260+0000] {standard_task_runner.py:104} INFO - Running: ['***', 'tasks', 'run', 'weather_stock_prediction', 'combine_data', 'manual__2024-11-22T09:06:21.281592+00:00', '--job-id', '1545', '--raw', '--subdir', 'DAGS_FOLDER/dag.py', '--cfg-path', '/tmp/tmpq_6zkl5o']
[2024-11-22T09:06:27.260+0000] {standard_task_runner.py:72} INFO - Started process 20633 to run task
[2024-11-22T09:06:27.260+0000] {standard_task_runner.py:105} INFO - Job 1545: Subtask combine_data
[2024-11-22T09:06:27.285+0000] {task_command.py:467} INFO - Running <TaskInstance: weather_stock_prediction.combine_data manual__2024-11-22T09:06:21.281592+00:00 [running]> on host cba1e82f0ade
[2024-11-22T09:06:27.339+0000] {taskinstance.py:3132} INFO - Exporting env vars: AIRFLOW_CTX_DAG_OWNER='***' AIRFLOW_CTX_DAG_ID='weather_stock_prediction' AIRFLOW_CTX_TASK_ID='combine_data' AIRFLOW_CTX_EXECUTION_DATE='2024-11-22T09:06:21.281592+00:00' AIRFLOW_CTX_TRY_NUMBER='1' AIRFLOW_CTX_DAG_RUN_ID='manual__2024-11-22T09:06:21.281592+00:00'
[2024-11-22T09:06:27.341+0000] {logging_mixin.py:190} INFO - Task instance is in running state
[2024-11-22T09:06:27.341+0000] {logging_mixin.py:190} INFO -  Previous state of the Task instance: queued
[2024-11-22T09:06:27.341+0000] {logging_mixin.py:190} INFO - Current task name:combine_data state:running start_date:2024-11-22 09:06:27.246769+00:00
[2024-11-22T09:06:27.341+0000] {logging_mixin.py:190} INFO - Dag name:weather_stock_prediction and current dag run status:running
[2024-11-22T09:06:27.341+0000] {taskinstance.py:731} INFO - ::endgroup::
[2024-11-22T09:06:27.389+0000] {logging_mixin.py:190} INFO -         date   price
0 2024-11-21  228.52
[2024-11-22T09:06:27.394+0000] {logging_mixin.py:190} INFO -         date  temperature  ...  humidity  wind_speed
0 2024-11-22         15.7  ...        83        4.92

[1 rows x 6 columns]
[2024-11-22T09:06:27.395+0000] {logging_mixin.py:190} INFO - [228.52]
[2024-11-22T09:06:27.399+0000] {logging_mixin.py:190} INFO -         date  temperature  min_temperature  ...  humidity  wind_speed   price
0 2024-11-22         15.7            14.58  ...        83        4.92  228.52

[1 rows x 7 columns]
[2024-11-22T09:06:27.420+0000] {python.py:240} INFO - Done. Returned value was: None
[2024-11-22T09:06:27.424+0000] {taskinstance.py:340} INFO - ::group::Post task execution logs
[2024-11-22T09:06:27.424+0000] {taskinstance.py:352} INFO - Marking task as SUCCESS. dag_id=weather_stock_prediction, task_id=combine_data, run_id=manual__2024-11-22T09:06:21.281592+00:00, execution_date=20241122T090621, start_date=20241122T090627, end_date=20241122T090627
[2024-11-22T09:06:27.427+0000] {logging_mixin.py:190} INFO - Task instance in success state
[2024-11-22T09:06:27.427+0000] {logging_mixin.py:190} INFO -  Previous state of the Task instance: running
[2024-11-22T09:06:27.427+0000] {logging_mixin.py:190} INFO - Dag name:weather_stock_prediction queued_at:2024-11-22 09:06:21.291250+00:00
[2024-11-22T09:06:27.427+0000] {logging_mixin.py:190} INFO - Task hostname:cba1e82f0ade operator:PythonOperator
[2024-11-22T09:06:27.451+0000] {local_task_job_runner.py:266} INFO - Task exited with return code 0
[2024-11-22T09:06:27.462+0000] {taskinstance.py:3895} INFO - 1 downstream tasks scheduled from follow-on schedule check
[2024-11-22T09:06:27.462+0000] {local_task_job_runner.py:245} INFO - ::endgroup::
