[2024-11-22T06:13:30.530+0000] {local_task_job_runner.py:123} INFO - ::group::Pre task execution logs
[2024-11-22T06:13:30.544+0000] {taskinstance.py:2613} INFO - Dependencies all met for dep_context=non-requeueable deps ti=<TaskInstance: weather_stock_prediction.fetch_data manual__2024-11-22T06:13:26.661320+00:00 [queued]>
[2024-11-22T06:13:30.552+0000] {taskinstance.py:2613} INFO - Dependencies all met for dep_context=requeueable deps ti=<TaskInstance: weather_stock_prediction.fetch_data manual__2024-11-22T06:13:26.661320+00:00 [queued]>
[2024-11-22T06:13:30.553+0000] {taskinstance.py:2866} INFO - Starting attempt 1 of 2
[2024-11-22T06:13:30.568+0000] {taskinstance.py:2889} INFO - Executing <Task(PythonOperator): fetch_data> on 2024-11-22 06:13:26.661320+00:00
[2024-11-22T06:13:30.578+0000] {warnings.py:112} WARNING - /home/***/.local/lib/python3.12/site-packages/***/task/task_runner/standard_task_runner.py:70: DeprecationWarning: This process (pid=4073) is multi-threaded, use of fork() may lead to deadlocks in the child.
  pid = os.fork()

[2024-11-22T06:13:30.581+0000] {standard_task_runner.py:72} INFO - Started process 4167 to run task
[2024-11-22T06:13:30.581+0000] {standard_task_runner.py:104} INFO - Running: ['***', 'tasks', 'run', 'weather_stock_prediction', 'fetch_data', 'manual__2024-11-22T06:13:26.661320+00:00', '--job-id', '541', '--raw', '--subdir', 'DAGS_FOLDER/dag.py', '--cfg-path', '/tmp/tmpwsd8sr6k']
[2024-11-22T06:13:30.583+0000] {standard_task_runner.py:105} INFO - Job 541: Subtask fetch_data
[2024-11-22T06:13:30.711+0000] {task_command.py:467} INFO - Running <TaskInstance: weather_stock_prediction.fetch_data manual__2024-11-22T06:13:26.661320+00:00 [running]> on host cba1e82f0ade
[2024-11-22T06:13:30.937+0000] {taskinstance.py:3132} INFO - Exporting env vars: AIRFLOW_CTX_DAG_OWNER='***' AIRFLOW_CTX_DAG_ID='weather_stock_prediction' AIRFLOW_CTX_TASK_ID='fetch_data' AIRFLOW_CTX_EXECUTION_DATE='2024-11-22T06:13:26.661320+00:00' AIRFLOW_CTX_TRY_NUMBER='1' AIRFLOW_CTX_DAG_RUN_ID='manual__2024-11-22T06:13:26.661320+00:00'
[2024-11-22T06:13:30.943+0000] {logging_mixin.py:190} INFO - Task instance is in running state
[2024-11-22T06:13:30.945+0000] {logging_mixin.py:190} INFO -  Previous state of the Task instance: queued
[2024-11-22T06:13:30.949+0000] {logging_mixin.py:190} INFO - Current task name:fetch_data state:running start_date:2024-11-22 06:13:30.545795+00:00
[2024-11-22T06:13:30.952+0000] {logging_mixin.py:190} INFO - Dag name:weather_stock_prediction and current dag run status:running
[2024-11-22T06:13:30.954+0000] {taskinstance.py:731} INFO - ::endgroup::
[2024-11-22T06:13:30.985+0000] {base.py:84} INFO - Retrieving connection 'qwer'
[2024-11-22T06:13:31.080+0000] {python.py:240} INFO - Done. Returned value was: None
[2024-11-22T06:13:31.105+0000] {taskinstance.py:340} INFO - ::group::Post task execution logs
[2024-11-22T06:13:31.106+0000] {taskinstance.py:352} INFO - Marking task as SUCCESS. dag_id=weather_stock_prediction, task_id=fetch_data, run_id=manual__2024-11-22T06:13:26.661320+00:00, execution_date=20241122T061326, start_date=20241122T061330, end_date=20241122T061331
[2024-11-22T06:13:31.173+0000] {logging_mixin.py:190} INFO - Task instance in success state
[2024-11-22T06:13:31.174+0000] {logging_mixin.py:190} INFO -  Previous state of the Task instance: running
[2024-11-22T06:13:31.175+0000] {logging_mixin.py:190} INFO - Dag name:weather_stock_prediction queued_at:2024-11-22 06:13:26.676217+00:00
[2024-11-22T06:13:31.177+0000] {logging_mixin.py:190} INFO - Task hostname:cba1e82f0ade operator:PythonOperator
[2024-11-22T06:13:31.220+0000] {local_task_job_runner.py:266} INFO - Task exited with return code 0
[2024-11-22T06:13:31.242+0000] {local_task_job_runner.py:245} INFO - ::endgroup::
