[2024-11-22T07:26:58.401+0000] {local_task_job_runner.py:123} INFO - ::group::Pre task execution logs
[2024-11-22T07:26:58.408+0000] {taskinstance.py:2613} INFO - Dependencies all met for dep_context=non-requeueable deps ti=<TaskInstance: weather_stock_prediction.predict_prices manual__2024-11-22T07:26:45.300708+00:00 [queued]>
[2024-11-22T07:26:58.411+0000] {taskinstance.py:2613} INFO - Dependencies all met for dep_context=requeueable deps ti=<TaskInstance: weather_stock_prediction.predict_prices manual__2024-11-22T07:26:45.300708+00:00 [queued]>
[2024-11-22T07:26:58.411+0000] {taskinstance.py:2866} INFO - Starting attempt 1 of 2
[2024-11-22T07:26:58.416+0000] {taskinstance.py:2889} INFO - Executing <Task(PythonOperator): predict_prices> on 2024-11-22 07:26:45.300708+00:00
[2024-11-22T07:26:58.420+0000] {warnings.py:112} WARNING - /home/***/.local/lib/python3.12/site-packages/***/task/task_runner/standard_task_runner.py:70: DeprecationWarning: This process (pid=10454) is multi-threaded, use of fork() may lead to deadlocks in the child.
  pid = os.fork()

[2024-11-22T07:26:58.421+0000] {standard_task_runner.py:72} INFO - Started process 10465 to run task
[2024-11-22T07:26:58.421+0000] {standard_task_runner.py:104} INFO - Running: ['***', 'tasks', 'run', 'weather_stock_prediction', 'predict_prices', 'manual__2024-11-22T07:26:45.300708+00:00', '--job-id', '899', '--raw', '--subdir', 'DAGS_FOLDER/dag.py', '--cfg-path', '/tmp/tmpf4b8jpwv']
[2024-11-22T07:26:58.422+0000] {standard_task_runner.py:105} INFO - Job 899: Subtask predict_prices
[2024-11-22T07:26:58.444+0000] {task_command.py:467} INFO - Running <TaskInstance: weather_stock_prediction.predict_prices manual__2024-11-22T07:26:45.300708+00:00 [running]> on host cba1e82f0ade
[2024-11-22T07:26:58.491+0000] {taskinstance.py:3132} INFO - Exporting env vars: AIRFLOW_CTX_DAG_OWNER='***' AIRFLOW_CTX_DAG_ID='weather_stock_prediction' AIRFLOW_CTX_TASK_ID='predict_prices' AIRFLOW_CTX_EXECUTION_DATE='2024-11-22T07:26:45.300708+00:00' AIRFLOW_CTX_TRY_NUMBER='1' AIRFLOW_CTX_DAG_RUN_ID='manual__2024-11-22T07:26:45.300708+00:00'
[2024-11-22T07:26:58.491+0000] {logging_mixin.py:190} INFO - Task instance is in running state
[2024-11-22T07:26:58.492+0000] {logging_mixin.py:190} INFO -  Previous state of the Task instance: queued
[2024-11-22T07:26:58.492+0000] {logging_mixin.py:190} INFO - Current task name:predict_prices state:running start_date:2024-11-22 07:26:58.408554+00:00
[2024-11-22T07:26:58.492+0000] {logging_mixin.py:190} INFO - Dag name:weather_stock_prediction and current dag run status:running
[2024-11-22T07:26:58.492+0000] {taskinstance.py:731} INFO - ::endgroup::
[2024-11-22T07:26:58.496+0000] {logging_mixin.py:190} INFO - Predictions type: <class 'dict'>
[2024-11-22T07:26:58.497+0000] {python.py:240} INFO - Done. Returned value was: None
[2024-11-22T07:26:58.500+0000] {taskinstance.py:340} INFO - ::group::Post task execution logs
[2024-11-22T07:26:58.501+0000] {taskinstance.py:352} INFO - Marking task as SUCCESS. dag_id=weather_stock_prediction, task_id=predict_prices, run_id=manual__2024-11-22T07:26:45.300708+00:00, execution_date=20241122T072645, start_date=20241122T072658, end_date=20241122T072658
[2024-11-22T07:26:58.504+0000] {logging_mixin.py:190} INFO - Task instance in success state
[2024-11-22T07:26:58.504+0000] {logging_mixin.py:190} INFO -  Previous state of the Task instance: running
[2024-11-22T07:26:58.504+0000] {logging_mixin.py:190} INFO - Dag name:weather_stock_prediction queued_at:2024-11-22 07:26:45.310819+00:00
[2024-11-22T07:26:58.505+0000] {logging_mixin.py:190} INFO - Task hostname:cba1e82f0ade operator:PythonOperator
[2024-11-22T07:26:58.523+0000] {local_task_job_runner.py:266} INFO - Task exited with return code 0
[2024-11-22T07:26:58.527+0000] {local_task_job_runner.py:245} INFO - ::endgroup::
