[2024-11-21T03:46:01.644+0000] {local_task_job_runner.py:123} INFO - ::group::Pre task execution logs
[2024-11-21T03:46:01.664+0000] {taskinstance.py:2613} INFO - Dependencies all met for dep_context=non-requeueable deps ti=<TaskInstance: weather_stock_prediction.get_weather_data manual__2024-11-21T03:45:59.410574+00:00 [queued]>
[2024-11-21T03:46:01.671+0000] {taskinstance.py:2613} INFO - Dependencies all met for dep_context=requeueable deps ti=<TaskInstance: weather_stock_prediction.get_weather_data manual__2024-11-21T03:45:59.410574+00:00 [queued]>
[2024-11-21T03:46:01.673+0000] {taskinstance.py:2866} INFO - Starting attempt 1 of 2
[2024-11-21T03:46:01.683+0000] {taskinstance.py:2889} INFO - Executing <Task(PythonOperator): get_weather_data> on 2024-11-21 03:45:59.410574+00:00
[2024-11-21T03:46:01.690+0000] {warnings.py:112} WARNING - /home/***/.local/lib/python3.12/site-packages/***/task/task_runner/standard_task_runner.py:70: DeprecationWarning: This process (pid=786) is multi-threaded, use of fork() may lead to deadlocks in the child.
  pid = os.fork()

[2024-11-21T03:46:01.691+0000] {standard_task_runner.py:72} INFO - Started process 853 to run task
[2024-11-21T03:46:01.693+0000] {standard_task_runner.py:104} INFO - Running: ['***', 'tasks', 'run', 'weather_stock_prediction', 'get_weather_data', 'manual__2024-11-21T03:45:59.410574+00:00', '--job-id', '173', '--raw', '--subdir', 'DAGS_FOLDER/dag.py', '--cfg-path', '/tmp/tmpqqpr8i0z']
[2024-11-21T03:46:01.695+0000] {standard_task_runner.py:105} INFO - Job 173: Subtask get_weather_data
[2024-11-21T03:46:01.744+0000] {task_command.py:467} INFO - Running <TaskInstance: weather_stock_prediction.get_weather_data manual__2024-11-21T03:45:59.410574+00:00 [running]> on host cba1e82f0ade
[2024-11-21T03:46:01.799+0000] {taskinstance.py:3132} INFO - Exporting env vars: AIRFLOW_CTX_DAG_OWNER='***' AIRFLOW_CTX_DAG_ID='weather_stock_prediction' AIRFLOW_CTX_TASK_ID='get_weather_data' AIRFLOW_CTX_EXECUTION_DATE='2024-11-21T03:45:59.410574+00:00' AIRFLOW_CTX_TRY_NUMBER='1' AIRFLOW_CTX_DAG_RUN_ID='manual__2024-11-21T03:45:59.410574+00:00'
[2024-11-21T03:46:01.800+0000] {logging_mixin.py:190} INFO - Task instance is in running state
[2024-11-21T03:46:01.801+0000] {logging_mixin.py:190} INFO -  Previous state of the Task instance: queued
[2024-11-21T03:46:01.801+0000] {logging_mixin.py:190} INFO - Current task name:get_weather_data state:running start_date:2024-11-21 03:46:01.665848+00:00
[2024-11-21T03:46:01.802+0000] {logging_mixin.py:190} INFO - Dag name:weather_stock_prediction and current dag run status:running
[2024-11-21T03:46:01.802+0000] {taskinstance.py:731} INFO - ::endgroup::
[2024-11-21T03:46:02.510+0000] {python.py:240} INFO - Done. Returned value was: None
[2024-11-21T03:46:02.515+0000] {taskinstance.py:340} INFO - ::group::Post task execution logs
[2024-11-21T03:46:02.516+0000] {taskinstance.py:352} INFO - Marking task as SUCCESS. dag_id=weather_stock_prediction, task_id=get_weather_data, run_id=manual__2024-11-21T03:45:59.410574+00:00, execution_date=20241121T034559, start_date=20241121T034601, end_date=20241121T034602
[2024-11-21T03:46:02.520+0000] {logging_mixin.py:190} INFO - Task instance in success state
[2024-11-21T03:46:02.520+0000] {logging_mixin.py:190} INFO -  Previous state of the Task instance: running
[2024-11-21T03:46:02.520+0000] {logging_mixin.py:190} INFO - Dag name:weather_stock_prediction queued_at:2024-11-21 03:45:59.419264+00:00
[2024-11-21T03:46:02.520+0000] {logging_mixin.py:190} INFO - Task hostname:cba1e82f0ade operator:PythonOperator
[2024-11-21T03:46:02.533+0000] {local_task_job_runner.py:266} INFO - Task exited with return code 0
[2024-11-21T03:46:02.543+0000] {taskinstance.py:3895} INFO - 0 downstream tasks scheduled from follow-on schedule check
[2024-11-21T03:46:02.543+0000] {local_task_job_runner.py:245} INFO - ::endgroup::
