[2024-11-21T03:10:29.853+0000] {local_task_job_runner.py:123} INFO - ::group::Pre task execution logs
[2024-11-21T03:10:29.865+0000] {taskinstance.py:2613} INFO - Dependencies all met for dep_context=non-requeueable deps ti=<TaskInstance: weather_stock_prediction.get_weather_data manual__2024-11-21T03:10:27.764804+00:00 [queued]>
[2024-11-21T03:10:29.872+0000] {taskinstance.py:2613} INFO - Dependencies all met for dep_context=requeueable deps ti=<TaskInstance: weather_stock_prediction.get_weather_data manual__2024-11-21T03:10:27.764804+00:00 [queued]>
[2024-11-21T03:10:29.873+0000] {taskinstance.py:2866} INFO - Starting attempt 1 of 2
[2024-11-21T03:10:29.881+0000] {taskinstance.py:2889} INFO - Executing <Task(PythonOperator): get_weather_data> on 2024-11-21 03:10:27.764804+00:00
[2024-11-21T03:10:29.886+0000] {warnings.py:112} WARNING - /home/***/.local/lib/python3.12/site-packages/***/task/task_runner/standard_task_runner.py:70: DeprecationWarning: This process (pid=208) is multi-threaded, use of fork() may lead to deadlocks in the child.
  pid = os.fork()

[2024-11-21T03:10:29.887+0000] {standard_task_runner.py:72} INFO - Started process 282 to run task
[2024-11-21T03:10:29.888+0000] {standard_task_runner.py:104} INFO - Running: ['***', 'tasks', 'run', 'weather_stock_prediction', 'get_weather_data', 'manual__2024-11-21T03:10:27.764804+00:00', '--job-id', '87', '--raw', '--subdir', 'DAGS_FOLDER/dag.py', '--cfg-path', '/tmp/tmpiy0rv_1_']
[2024-11-21T03:10:29.889+0000] {standard_task_runner.py:105} INFO - Job 87: Subtask get_weather_data
[2024-11-21T03:10:29.923+0000] {task_command.py:467} INFO - Running <TaskInstance: weather_stock_prediction.get_weather_data manual__2024-11-21T03:10:27.764804+00:00 [running]> on host 16e689815136
[2024-11-21T03:10:29.965+0000] {taskinstance.py:3132} INFO - Exporting env vars: AIRFLOW_CTX_DAG_OWNER='***' AIRFLOW_CTX_DAG_ID='weather_stock_prediction' AIRFLOW_CTX_TASK_ID='get_weather_data' AIRFLOW_CTX_EXECUTION_DATE='2024-11-21T03:10:27.764804+00:00' AIRFLOW_CTX_TRY_NUMBER='1' AIRFLOW_CTX_DAG_RUN_ID='manual__2024-11-21T03:10:27.764804+00:00'
[2024-11-21T03:10:29.966+0000] {logging_mixin.py:190} INFO - Task instance is in running state
[2024-11-21T03:10:29.967+0000] {logging_mixin.py:190} INFO -  Previous state of the Task instance: queued
[2024-11-21T03:10:29.967+0000] {logging_mixin.py:190} INFO - Current task name:get_weather_data state:running start_date:2024-11-21 03:10:29.866271+00:00
[2024-11-21T03:10:29.968+0000] {logging_mixin.py:190} INFO - Dag name:weather_stock_prediction and current dag run status:running
[2024-11-21T03:10:29.968+0000] {taskinstance.py:731} INFO - ::endgroup::
[2024-11-21T03:10:30.686+0000] {python.py:240} INFO - Done. Returned value was: None
[2024-11-21T03:10:30.779+0000] {taskinstance.py:340} INFO - ::group::Post task execution logs
[2024-11-21T03:10:30.783+0000] {taskinstance.py:352} INFO - Marking task as SUCCESS. dag_id=weather_stock_prediction, task_id=get_weather_data, run_id=manual__2024-11-21T03:10:27.764804+00:00, execution_date=20241121T031027, start_date=20241121T031029, end_date=20241121T031030
[2024-11-21T03:10:30.805+0000] {logging_mixin.py:190} INFO - Task instance in success state
[2024-11-21T03:10:30.810+0000] {logging_mixin.py:190} INFO -  Previous state of the Task instance: running
[2024-11-21T03:10:30.817+0000] {logging_mixin.py:190} INFO - Dag name:weather_stock_prediction queued_at:2024-11-21 03:10:27.778962+00:00
[2024-11-21T03:10:30.819+0000] {logging_mixin.py:190} INFO - Task hostname:16e689815136 operator:PythonOperator
[2024-11-21T03:10:30.857+0000] {local_task_job_runner.py:266} INFO - Task exited with return code 0
[2024-11-21T03:10:30.899+0000] {taskinstance.py:3895} INFO - 0 downstream tasks scheduled from follow-on schedule check
[2024-11-21T03:10:30.901+0000] {local_task_job_runner.py:245} INFO - ::endgroup::
