[2024-11-22T08:21:51.008+0000] {local_task_job_runner.py:123} INFO - ::group::Pre task execution logs
[2024-11-22T08:21:51.030+0000] {taskinstance.py:2613} INFO - Dependencies all met for dep_context=non-requeueable deps ti=<TaskInstance: weather_stock_prediction.get_postgres_data manual__2024-11-22T08:21:47.835694+00:00 [queued]>
[2024-11-22T08:21:51.038+0000] {taskinstance.py:2613} INFO - Dependencies all met for dep_context=requeueable deps ti=<TaskInstance: weather_stock_prediction.get_postgres_data manual__2024-11-22T08:21:47.835694+00:00 [queued]>
[2024-11-22T08:21:51.039+0000] {taskinstance.py:2866} INFO - Starting attempt 1 of 2
[2024-11-22T08:21:51.048+0000] {taskinstance.py:2889} INFO - Executing <Task(PythonOperator): get_postgres_data> on 2024-11-22 08:21:47.835694+00:00
[2024-11-22T08:21:51.056+0000] {warnings.py:112} WARNING - /home/***/.local/lib/python3.12/site-packages/***/task/task_runner/standard_task_runner.py:70: DeprecationWarning: This process (pid=15439) is multi-threaded, use of fork() may lead to deadlocks in the child.
  pid = os.fork()

[2024-11-22T08:21:51.058+0000] {standard_task_runner.py:72} INFO - Started process 15505 to run task
[2024-11-22T08:21:51.059+0000] {standard_task_runner.py:104} INFO - Running: ['***', 'tasks', 'run', 'weather_stock_prediction', 'get_postgres_data', 'manual__2024-11-22T08:21:47.835694+00:00', '--job-id', '1212', '--raw', '--subdir', 'DAGS_FOLDER/dag.py', '--cfg-path', '/tmp/tmpzxx0mctp']
[2024-11-22T08:21:51.060+0000] {standard_task_runner.py:105} INFO - Job 1212: Subtask get_postgres_data
[2024-11-22T08:21:51.128+0000] {task_command.py:467} INFO - Running <TaskInstance: weather_stock_prediction.get_postgres_data manual__2024-11-22T08:21:47.835694+00:00 [running]> on host cba1e82f0ade
[2024-11-22T08:21:51.299+0000] {taskinstance.py:3132} INFO - Exporting env vars: AIRFLOW_CTX_DAG_OWNER='***' AIRFLOW_CTX_DAG_ID='weather_stock_prediction' AIRFLOW_CTX_TASK_ID='get_postgres_data' AIRFLOW_CTX_EXECUTION_DATE='2024-11-22T08:21:47.835694+00:00' AIRFLOW_CTX_TRY_NUMBER='1' AIRFLOW_CTX_DAG_RUN_ID='manual__2024-11-22T08:21:47.835694+00:00'
[2024-11-22T08:21:51.307+0000] {logging_mixin.py:190} INFO - Task instance is in running state
[2024-11-22T08:21:51.308+0000] {logging_mixin.py:190} INFO -  Previous state of the Task instance: queued
[2024-11-22T08:21:51.311+0000] {logging_mixin.py:190} INFO - Current task name:get_postgres_data state:running start_date:2024-11-22 08:21:51.031382+00:00
[2024-11-22T08:21:51.312+0000] {logging_mixin.py:190} INFO - Dag name:weather_stock_prediction and current dag run status:running
[2024-11-22T08:21:51.313+0000] {taskinstance.py:731} INFO - ::endgroup::
[2024-11-22T08:21:51.347+0000] {base.py:84} INFO - Retrieving connection 'asdf'
[2024-11-22T08:21:51.400+0000] {python.py:240} INFO - Done. Returned value was: None
[2024-11-22T08:21:51.419+0000] {taskinstance.py:340} INFO - ::group::Post task execution logs
[2024-11-22T08:21:51.422+0000] {taskinstance.py:352} INFO - Marking task as SUCCESS. dag_id=weather_stock_prediction, task_id=get_postgres_data, run_id=manual__2024-11-22T08:21:47.835694+00:00, execution_date=20241122T082147, start_date=20241122T082151, end_date=20241122T082151
[2024-11-22T08:21:51.436+0000] {logging_mixin.py:190} INFO - Task instance in success state
[2024-11-22T08:21:51.436+0000] {logging_mixin.py:190} INFO -  Previous state of the Task instance: running
[2024-11-22T08:21:51.436+0000] {logging_mixin.py:190} INFO - Dag name:weather_stock_prediction queued_at:2024-11-22 08:21:47.846136+00:00
[2024-11-22T08:21:51.437+0000] {logging_mixin.py:190} INFO - Task hostname:cba1e82f0ade operator:PythonOperator
[2024-11-22T08:21:51.458+0000] {local_task_job_runner.py:266} INFO - Task exited with return code 0
[2024-11-22T08:21:51.476+0000] {local_task_job_runner.py:245} INFO - ::endgroup::
