[2024-11-22T08:59:19.731+0000] {local_task_job_runner.py:123} INFO - ::group::Pre task execution logs
[2024-11-22T08:59:19.741+0000] {taskinstance.py:2613} INFO - Dependencies all met for dep_context=non-requeueable deps ti=<TaskInstance: weather_stock_prediction.get_weather_data manual__2024-11-22T08:59:16.943232+00:00 [queued]>
[2024-11-22T08:59:19.749+0000] {taskinstance.py:2613} INFO - Dependencies all met for dep_context=requeueable deps ti=<TaskInstance: weather_stock_prediction.get_weather_data manual__2024-11-22T08:59:16.943232+00:00 [queued]>
[2024-11-22T08:59:19.749+0000] {taskinstance.py:2866} INFO - Starting attempt 1 of 2
[2024-11-22T08:59:19.758+0000] {taskinstance.py:2889} INFO - Executing <Task(PythonOperator): get_weather_data> on 2024-11-22 08:59:16.943232+00:00
[2024-11-22T08:59:19.765+0000] {warnings.py:112} WARNING - /home/***/.local/lib/python3.12/site-packages/***/task/task_runner/standard_task_runner.py:70: DeprecationWarning: This process (pid=19651) is multi-threaded, use of fork() may lead to deadlocks in the child.
  pid = os.fork()

[2024-11-22T08:59:19.766+0000] {standard_task_runner.py:72} INFO - Started process 19729 to run task
[2024-11-22T08:59:19.780+0000] {standard_task_runner.py:104} INFO - Running: ['***', 'tasks', 'run', 'weather_stock_prediction', 'get_weather_data', 'manual__2024-11-22T08:59:16.943232+00:00', '--job-id', '1484', '--raw', '--subdir', 'DAGS_FOLDER/dag.py', '--cfg-path', '/tmp/tmp99oz5yxa']
[2024-11-22T08:59:19.784+0000] {standard_task_runner.py:105} INFO - Job 1484: Subtask get_weather_data
[2024-11-22T08:59:19.882+0000] {task_command.py:467} INFO - Running <TaskInstance: weather_stock_prediction.get_weather_data manual__2024-11-22T08:59:16.943232+00:00 [running]> on host cba1e82f0ade
[2024-11-22T08:59:19.935+0000] {taskinstance.py:3132} INFO - Exporting env vars: AIRFLOW_CTX_DAG_OWNER='***' AIRFLOW_CTX_DAG_ID='weather_stock_prediction' AIRFLOW_CTX_TASK_ID='get_weather_data' AIRFLOW_CTX_EXECUTION_DATE='2024-11-22T08:59:16.943232+00:00' AIRFLOW_CTX_TRY_NUMBER='1' AIRFLOW_CTX_DAG_RUN_ID='manual__2024-11-22T08:59:16.943232+00:00'
[2024-11-22T08:59:19.936+0000] {logging_mixin.py:190} INFO - Task instance is in running state
[2024-11-22T08:59:19.937+0000] {logging_mixin.py:190} INFO -  Previous state of the Task instance: queued
[2024-11-22T08:59:19.938+0000] {logging_mixin.py:190} INFO - Current task name:get_weather_data state:running start_date:2024-11-22 08:59:19.741463+00:00
[2024-11-22T08:59:19.938+0000] {logging_mixin.py:190} INFO - Dag name:weather_stock_prediction and current dag run status:running
[2024-11-22T08:59:19.938+0000] {taskinstance.py:731} INFO - ::endgroup::
[2024-11-22T08:59:20.066+0000] {logging_mixin.py:190} INFO - {'date': '2024-11-18', 'temperature': 15.72, 'min_temperature': 14.58, 'max_temperature': 17.28, 'humidity': 83, 'wind_speed': 7.72}
[2024-11-22T08:59:20.077+0000] {python.py:240} INFO - Done. Returned value was: None
[2024-11-22T08:59:20.083+0000] {taskinstance.py:340} INFO - ::group::Post task execution logs
[2024-11-22T08:59:20.083+0000] {taskinstance.py:352} INFO - Marking task as SUCCESS. dag_id=weather_stock_prediction, task_id=get_weather_data, run_id=manual__2024-11-22T08:59:16.943232+00:00, execution_date=20241122T085916, start_date=20241122T085919, end_date=20241122T085920
[2024-11-22T08:59:20.087+0000] {logging_mixin.py:190} INFO - Task instance in success state
[2024-11-22T08:59:20.088+0000] {logging_mixin.py:190} INFO -  Previous state of the Task instance: running
[2024-11-22T08:59:20.088+0000] {logging_mixin.py:190} INFO - Dag name:weather_stock_prediction queued_at:2024-11-22 08:59:16.954029+00:00
[2024-11-22T08:59:20.088+0000] {logging_mixin.py:190} INFO - Task hostname:cba1e82f0ade operator:PythonOperator
[2024-11-22T08:59:20.122+0000] {local_task_job_runner.py:266} INFO - Task exited with return code 0
[2024-11-22T08:59:20.127+0000] {local_task_job_runner.py:245} INFO - ::endgroup::
