[2024-11-22T00:15:31.170+0000] {local_task_job_runner.py:123} INFO - ::group::Pre task execution logs
[2024-11-22T00:15:31.183+0000] {taskinstance.py:2613} INFO - Dependencies all met for dep_context=non-requeueable deps ti=<TaskInstance: weather_stock_prediction.get_weather_data scheduled__2024-11-21T00:00:00+00:00 [queued]>
[2024-11-22T00:15:31.188+0000] {taskinstance.py:2613} INFO - Dependencies all met for dep_context=requeueable deps ti=<TaskInstance: weather_stock_prediction.get_weather_data scheduled__2024-11-21T00:00:00+00:00 [queued]>
[2024-11-22T00:15:31.189+0000] {taskinstance.py:2866} INFO - Starting attempt 1 of 2
[2024-11-22T00:15:31.197+0000] {taskinstance.py:2889} INFO - Executing <Task(PythonOperator): get_weather_data> on 2024-11-21 00:00:00+00:00
[2024-11-22T00:15:31.205+0000] {warnings.py:112} WARNING - /home/***/.local/lib/python3.12/site-packages/***/task/task_runner/standard_task_runner.py:70: DeprecationWarning: This process (pid=10481) is multi-threaded, use of fork() may lead to deadlocks in the child.
  pid = os.fork()

[2024-11-22T00:15:31.206+0000] {standard_task_runner.py:72} INFO - Started process 10551 to run task
[2024-11-22T00:15:31.207+0000] {standard_task_runner.py:104} INFO - Running: ['***', 'tasks', 'run', 'weather_stock_prediction', 'get_weather_data', 'scheduled__2024-11-21T00:00:00+00:00', '--job-id', '313', '--raw', '--subdir', 'DAGS_FOLDER/dag.py', '--cfg-path', '/tmp/tmptkacpr2x']
[2024-11-22T00:15:31.208+0000] {standard_task_runner.py:105} INFO - Job 313: Subtask get_weather_data
[2024-11-22T00:15:31.265+0000] {task_command.py:467} INFO - Running <TaskInstance: weather_stock_prediction.get_weather_data scheduled__2024-11-21T00:00:00+00:00 [running]> on host cba1e82f0ade
[2024-11-22T00:15:31.330+0000] {taskinstance.py:3132} INFO - Exporting env vars: AIRFLOW_CTX_DAG_OWNER='***' AIRFLOW_CTX_DAG_ID='weather_stock_prediction' AIRFLOW_CTX_TASK_ID='get_weather_data' AIRFLOW_CTX_EXECUTION_DATE='2024-11-21T00:00:00+00:00' AIRFLOW_CTX_TRY_NUMBER='1' AIRFLOW_CTX_DAG_RUN_ID='scheduled__2024-11-21T00:00:00+00:00'
[2024-11-22T00:15:31.331+0000] {logging_mixin.py:190} INFO - Task instance is in running state
[2024-11-22T00:15:31.331+0000] {logging_mixin.py:190} INFO -  Previous state of the Task instance: queued
[2024-11-22T00:15:31.332+0000] {logging_mixin.py:190} INFO - Current task name:get_weather_data state:running start_date:2024-11-22 00:15:31.183867+00:00
[2024-11-22T00:15:31.333+0000] {logging_mixin.py:190} INFO - Dag name:weather_stock_prediction and current dag run status:running
[2024-11-22T00:15:31.333+0000] {taskinstance.py:731} INFO - ::endgroup::
[2024-11-22T00:15:31.533+0000] {python.py:240} INFO - Done. Returned value was: None
[2024-11-22T00:15:31.537+0000] {taskinstance.py:340} INFO - ::group::Post task execution logs
[2024-11-22T00:15:31.537+0000] {taskinstance.py:352} INFO - Marking task as SUCCESS. dag_id=weather_stock_prediction, task_id=get_weather_data, run_id=scheduled__2024-11-21T00:00:00+00:00, execution_date=20241121T000000, start_date=20241122T001531, end_date=20241122T001531
[2024-11-22T00:15:31.543+0000] {logging_mixin.py:190} INFO - Task instance in success state
[2024-11-22T00:15:31.543+0000] {logging_mixin.py:190} INFO -  Previous state of the Task instance: running
[2024-11-22T00:15:31.543+0000] {logging_mixin.py:190} INFO - Dag name:weather_stock_prediction queued_at:2024-11-22 00:15:28.563611+00:00
[2024-11-22T00:15:31.543+0000] {logging_mixin.py:190} INFO - Task hostname:cba1e82f0ade operator:PythonOperator
[2024-11-22T00:15:31.552+0000] {local_task_job_runner.py:266} INFO - Task exited with return code 0
[2024-11-22T00:15:31.556+0000] {local_task_job_runner.py:245} INFO - ::endgroup::
